{"D:\\Web Projects\\AI CV Evaluator\\server.js": {"path":"D:\\Web Projects\\AI CV Evaluator\\server.js","statementMap":{"0":{"start":{"line":1,"column":16},"end":{"line":1,"column":34}},"1":{"start":{"line":2,"column":13},"end":{"line":2,"column":28}},"2":{"start":{"line":3,"column":15},"end":{"line":3,"column":32}},"3":{"start":{"line":4,"column":23},"end":{"line":4,"column":38}},"4":{"start":{"line":5,"column":11},"end":{"line":5,"column":24}},"5":{"start":{"line":6,"column":13},"end":{"line":6,"column":28}},"6":{"start":{"line":9,"column":18},"end":{"line":9,"column":49}},"7":{"start":{"line":10,"column":17},"end":{"line":10,"column":47}},"8":{"start":{"line":12,"column":12},"end":{"line":12,"column":21}},"9":{"start":{"line":13,"column":13},"end":{"line":13,"column":37}},"10":{"start":{"line":19,"column":0},"end":{"line":19,"column":16}},"11":{"start":{"line":20,"column":0},"end":{"line":20,"column":24}},"12":{"start":{"line":21,"column":0},"end":{"line":21,"column":48}},"13":{"start":{"line":24,"column":15},"end":{"line":41,"column":2}},"14":{"start":{"line":30,"column":25},"end":{"line":34,"column":5}},"15":{"start":{"line":35,"column":4},"end":{"line":39,"column":5}},"16":{"start":{"line":36,"column":6},"end":{"line":36,"column":21}},"17":{"start":{"line":38,"column":6},"end":{"line":38,"column":85}},"18":{"start":{"line":44,"column":0},"end":{"line":47,"column":1}},"19":{"start":{"line":45,"column":2},"end":{"line":45,"column":26}},"20":{"start":{"line":46,"column":2},"end":{"line":46,"column":46}},"21":{"start":{"line":53,"column":22},"end":{"line":53,"column":31}},"22":{"start":{"line":54,"column":23},"end":{"line":54,"column":32}},"23":{"start":{"line":63,"column":0},"end":{"line":84,"column":3}},"24":{"start":{"line":64,"column":2},"end":{"line":83,"column":5}},"25":{"start":{"line":89,"column":0},"end":{"line":160,"column":3}},"26":{"start":{"line":93,"column":2},"end":{"line":159,"column":3}},"27":{"start":{"line":94,"column":4},"end":{"line":94,"column":46}},"28":{"start":{"line":97,"column":4},"end":{"line":106,"column":5}},"29":{"start":{"line":98,"column":6},"end":{"line":105,"column":9}},"30":{"start":{"line":108,"column":21},"end":{"line":108,"column":29}},"31":{"start":{"line":109,"column":19},"end":{"line":109,"column":34}},"32":{"start":{"line":110,"column":24},"end":{"line":110,"column":44}},"33":{"start":{"line":113,"column":23},"end":{"line":131,"column":5}},"34":{"start":{"line":133,"column":4},"end":{"line":133,"column":44}},"35":{"start":{"line":135,"column":4},"end":{"line":135,"column":62}},"36":{"start":{"line":136,"column":4},"end":{"line":136,"column":89}},"37":{"start":{"line":137,"column":4},"end":{"line":137,"column":104}},"38":{"start":{"line":139,"column":4},"end":{"line":151,"column":7}},"39":{"start":{"line":154,"column":4},"end":{"line":154,"column":44}},"40":{"start":{"line":155,"column":4},"end":{"line":158,"column":7}},"41":{"start":{"line":165,"column":0},"end":{"line":202,"column":3}},"42":{"start":{"line":166,"column":2},"end":{"line":201,"column":3}},"43":{"start":{"line":167,"column":21},"end":{"line":167,"column":34}},"44":{"start":{"line":168,"column":23},"end":{"line":168,"column":50}},"45":{"start":{"line":170,"column":4},"end":{"line":175,"column":5}},"46":{"start":{"line":171,"column":6},"end":{"line":174,"column":9}},"47":{"start":{"line":177,"column":4},"end":{"line":193,"column":7}},"48":{"start":{"line":196,"column":4},"end":{"line":196,"column":49}},"49":{"start":{"line":197,"column":4},"end":{"line":200,"column":7}},"50":{"start":{"line":207,"column":0},"end":{"line":252,"column":3}},"51":{"start":{"line":208,"column":2},"end":{"line":251,"column":3}},"52":{"start":{"line":209,"column":25},"end":{"line":209,"column":33}},"53":{"start":{"line":210,"column":4},"end":{"line":210,"column":58}},"54":{"start":{"line":213,"column":4},"end":{"line":219,"column":5}},"55":{"start":{"line":214,"column":6},"end":{"line":218,"column":9}},"56":{"start":{"line":221,"column":25},"end":{"line":221,"column":33}},"57":{"start":{"line":224,"column":4},"end":{"line":230,"column":7}},"58":{"start":{"line":232,"column":4},"end":{"line":232,"column":56}},"59":{"start":{"line":235,"column":4},"end":{"line":235,"column":46}},"60":{"start":{"line":237,"column":4},"end":{"line":243,"column":7}},"61":{"start":{"line":246,"column":4},"end":{"line":246,"column":54}},"62":{"start":{"line":247,"column":4},"end":{"line":250,"column":7}},"63":{"start":{"line":257,"column":0},"end":{"line":306,"column":3}},"64":{"start":{"line":258,"column":2},"end":{"line":305,"column":3}},"65":{"start":{"line":259,"column":25},"end":{"line":259,"column":38}},"66":{"start":{"line":260,"column":4},"end":{"line":260,"column":58}},"67":{"start":{"line":262,"column":4},"end":{"line":268,"column":5}},"68":{"start":{"line":263,"column":6},"end":{"line":267,"column":9}},"69":{"start":{"line":270,"column":16},"end":{"line":270,"column":48}},"70":{"start":{"line":272,"column":4},"end":{"line":297,"column":5}},"71":{"start":{"line":273,"column":6},"end":{"line":280,"column":9}},"72":{"start":{"line":281,"column":11},"end":{"line":297,"column":5}},"73":{"start":{"line":282,"column":6},"end":{"line":288,"column":9}},"74":{"start":{"line":290,"column":6},"end":{"line":296,"column":9}},"75":{"start":{"line":300,"column":4},"end":{"line":300,"column":50}},"76":{"start":{"line":301,"column":4},"end":{"line":304,"column":7}},"77":{"start":{"line":311,"column":0},"end":{"line":351,"column":3}},"78":{"start":{"line":312,"column":2},"end":{"line":350,"column":3}},"79":{"start":{"line":313,"column":27},"end":{"line":313,"column":47}},"80":{"start":{"line":314,"column":21},"end":{"line":314,"column":42}},"81":{"start":{"line":316,"column":4},"end":{"line":343,"column":7}},"82":{"start":{"line":345,"column":4},"end":{"line":349,"column":7}},"83":{"start":{"line":356,"column":0},"end":{"line":375,"column":3}},"84":{"start":{"line":357,"column":2},"end":{"line":374,"column":3}},"85":{"start":{"line":358,"column":19},"end":{"line":358,"column":39}},"86":{"start":{"line":359,"column":4},"end":{"line":368,"column":7}},"87":{"start":{"line":370,"column":4},"end":{"line":373,"column":7}},"88":{"start":{"line":380,"column":0},"end":{"line":404,"column":3}},"89":{"start":{"line":381,"column":2},"end":{"line":403,"column":3}},"90":{"start":{"line":382,"column":36},"end":{"line":382,"column":45}},"91":{"start":{"line":384,"column":4},"end":{"line":389,"column":5}},"92":{"start":{"line":385,"column":6},"end":{"line":388,"column":9}},"93":{"start":{"line":391,"column":20},"end":{"line":391,"column":68}},"94":{"start":{"line":392,"column":4},"end":{"line":397,"column":7}},"95":{"start":{"line":399,"column":4},"end":{"line":402,"column":7}},"96":{"start":{"line":414,"column":2},"end":{"line":521,"column":3}},"97":{"start":{"line":415,"column":4},"end":{"line":415,"column":83}},"98":{"start":{"line":418,"column":16},"end":{"line":418,"column":48}},"99":{"start":{"line":419,"column":4},"end":{"line":419,"column":30}},"100":{"start":{"line":420,"column":4},"end":{"line":420,"column":52}},"101":{"start":{"line":421,"column":4},"end":{"line":421,"column":31}},"102":{"start":{"line":422,"column":4},"end":{"line":422,"column":42}},"103":{"start":{"line":424,"column":23},"end":{"line":424,"column":50}},"104":{"start":{"line":427,"column":4},"end":{"line":427,"column":67}},"105":{"start":{"line":428,"column":4},"end":{"line":428,"column":59}},"106":{"start":{"line":429,"column":4},"end":{"line":429,"column":42}},"107":{"start":{"line":431,"column":19},"end":{"line":431,"column":58}},"108":{"start":{"line":432,"column":24},"end":{"line":432,"column":68}},"109":{"start":{"line":435,"column":4},"end":{"line":435,"column":81}},"110":{"start":{"line":436,"column":4},"end":{"line":436,"column":62}},"111":{"start":{"line":437,"column":4},"end":{"line":437,"column":42}},"112":{"start":{"line":439,"column":25},"end":{"line":439,"column":62}},"113":{"start":{"line":440,"column":24},"end":{"line":440,"column":84}},"114":{"start":{"line":441,"column":23},"end":{"line":441,"column":99}},"115":{"start":{"line":444,"column":4},"end":{"line":444,"column":86}},"116":{"start":{"line":445,"column":4},"end":{"line":445,"column":76}},"117":{"start":{"line":446,"column":4},"end":{"line":446,"column":42}},"118":{"start":{"line":448,"column":25},"end":{"line":448,"column":87}},"119":{"start":{"line":449,"column":28},"end":{"line":449,"column":112}},"120":{"start":{"line":452,"column":4},"end":{"line":452,"column":73}},"121":{"start":{"line":453,"column":4},"end":{"line":453,"column":72}},"122":{"start":{"line":454,"column":4},"end":{"line":454,"column":42}},"123":{"start":{"line":456,"column":27},"end":{"line":456,"column":121}},"124":{"start":{"line":459,"column":19},"end":{"line":499,"column":5}},"125":{"start":{"line":502,"column":4},"end":{"line":502,"column":29}},"126":{"start":{"line":503,"column":4},"end":{"line":503,"column":24}},"127":{"start":{"line":504,"column":4},"end":{"line":504,"column":33}},"128":{"start":{"line":505,"column":4},"end":{"line":505,"column":57}},"129":{"start":{"line":506,"column":4},"end":{"line":506,"column":42}},"130":{"start":{"line":508,"column":4},"end":{"line":508,"column":76}},"131":{"start":{"line":509,"column":4},"end":{"line":509,"column":136}},"132":{"start":{"line":512,"column":4},"end":{"line":512,"column":70}},"133":{"start":{"line":515,"column":16},"end":{"line":515,"column":48}},"134":{"start":{"line":516,"column":4},"end":{"line":516,"column":26}},"135":{"start":{"line":517,"column":4},"end":{"line":517,"column":30}},"136":{"start":{"line":518,"column":4},"end":{"line":518,"column":60}},"137":{"start":{"line":519,"column":4},"end":{"line":519,"column":30}},"138":{"start":{"line":520,"column":4},"end":{"line":520,"column":42}},"139":{"start":{"line":528,"column":2},"end":{"line":555,"column":3}},"140":{"start":{"line":529,"column":4},"end":{"line":529,"column":72}},"141":{"start":{"line":531,"column":4},"end":{"line":535,"column":5}},"142":{"start":{"line":532,"column":22},"end":{"line":532,"column":60}},"143":{"start":{"line":533,"column":6},"end":{"line":533,"column":77}},"144":{"start":{"line":534,"column":6},"end":{"line":534,"column":21}},"145":{"start":{"line":540,"column":24},"end":{"line":547,"column":5}},"146":{"start":{"line":549,"column":4},"end":{"line":549,"column":70}},"147":{"start":{"line":550,"column":4},"end":{"line":550,"column":23}},"148":{"start":{"line":553,"column":4},"end":{"line":553,"column":82}},"149":{"start":{"line":554,"column":4},"end":{"line":554,"column":87}},"150":{"start":{"line":562,"column":0},"end":{"line":587,"column":3}},"151":{"start":{"line":563,"column":2},"end":{"line":563,"column":46}},"152":{"start":{"line":565,"column":2},"end":{"line":580,"column":3}},"153":{"start":{"line":566,"column":4},"end":{"line":572,"column":5}},"154":{"start":{"line":567,"column":6},"end":{"line":571,"column":9}},"155":{"start":{"line":573,"column":4},"end":{"line":579,"column":5}},"156":{"start":{"line":574,"column":6},"end":{"line":578,"column":9}},"157":{"start":{"line":582,"column":2},"end":{"line":586,"column":5}},"158":{"start":{"line":590,"column":0},"end":{"line":603,"column":3}},"159":{"start":{"line":591,"column":2},"end":{"line":602,"column":5}},"160":{"start":{"line":609,"column":0},"end":{"line":631,"column":3}},"161":{"start":{"line":610,"column":2},"end":{"line":610,"column":60}},"162":{"start":{"line":611,"column":2},"end":{"line":611,"column":51}},"163":{"start":{"line":612,"column":2},"end":{"line":612,"column":55}},"164":{"start":{"line":613,"column":2},"end":{"line":613,"column":53}},"165":{"start":{"line":614,"column":2},"end":{"line":614,"column":60}},"166":{"start":{"line":615,"column":2},"end":{"line":615,"column":56}},"167":{"start":{"line":616,"column":2},"end":{"line":616,"column":57}},"168":{"start":{"line":618,"column":2},"end":{"line":626,"column":3}},"169":{"start":{"line":619,"column":4},"end":{"line":619,"column":55}},"170":{"start":{"line":620,"column":4},"end":{"line":620,"column":32}},"171":{"start":{"line":621,"column":4},"end":{"line":621,"column":62}},"172":{"start":{"line":622,"column":4},"end":{"line":622,"column":59}},"173":{"start":{"line":624,"column":4},"end":{"line":624,"column":71}},"174":{"start":{"line":625,"column":4},"end":{"line":625,"column":65}},"175":{"start":{"line":628,"column":2},"end":{"line":628,"column":61}},"176":{"start":{"line":629,"column":2},"end":{"line":629,"column":68}},"177":{"start":{"line":630,"column":2},"end":{"line":630,"column":57}},"178":{"start":{"line":634,"column":0},"end":{"line":638,"column":3}},"179":{"start":{"line":635,"column":2},"end":{"line":635,"column":66}},"180":{"start":{"line":637,"column":2},"end":{"line":637,"column":18}},"181":{"start":{"line":640,"column":0},"end":{"line":644,"column":3}},"182":{"start":{"line":641,"column":2},"end":{"line":641,"column":67}},"183":{"start":{"line":643,"column":2},"end":{"line":643,"column":18}},"184":{"start":{"line":646,"column":0},"end":{"line":646,"column":21}}},"fnMap":{"0":{"name":"(anonymous_0)","decl":{"start":{"line":29,"column":14},"end":{"line":29,"column":15}},"loc":{"start":{"line":29,"column":33},"end":{"line":40,"column":3}},"line":29},"1":{"name":"(anonymous_1)","decl":{"start":{"line":63,"column":13},"end":{"line":63,"column":14}},"loc":{"start":{"line":63,"column":27},"end":{"line":84,"column":1}},"line":63},"2":{"name":"(anonymous_2)","decl":{"start":{"line":92,"column":4},"end":{"line":92,"column":5}},"loc":{"start":{"line":92,"column":24},"end":{"line":160,"column":1}},"line":92},"3":{"name":"(anonymous_3)","decl":{"start":{"line":165,"column":23},"end":{"line":165,"column":24}},"loc":{"start":{"line":165,"column":37},"end":{"line":202,"column":1}},"line":165},"4":{"name":"(anonymous_4)","decl":{"start":{"line":207,"column":22},"end":{"line":207,"column":23}},"loc":{"start":{"line":207,"column":42},"end":{"line":252,"column":1}},"line":207},"5":{"name":"(anonymous_5)","decl":{"start":{"line":257,"column":23},"end":{"line":257,"column":24}},"loc":{"start":{"line":257,"column":37},"end":{"line":306,"column":1}},"line":257},"6":{"name":"(anonymous_6)","decl":{"start":{"line":311,"column":19},"end":{"line":311,"column":20}},"loc":{"start":{"line":311,"column":33},"end":{"line":351,"column":1}},"line":311},"7":{"name":"(anonymous_7)","decl":{"start":{"line":356,"column":28},"end":{"line":356,"column":29}},"loc":{"start":{"line":356,"column":42},"end":{"line":375,"column":1}},"line":356},"8":{"name":"(anonymous_8)","decl":{"start":{"line":380,"column":28},"end":{"line":380,"column":29}},"loc":{"start":{"line":380,"column":42},"end":{"line":404,"column":1}},"line":380},"9":{"name":"processEvaluation","decl":{"start":{"line":413,"column":15},"end":{"line":413,"column":32}},"loc":{"start":{"line":413,"column":57},"end":{"line":522,"column":1}},"line":413},"10":{"name":"extractFileContent","decl":{"start":{"line":527,"column":15},"end":{"line":527,"column":33}},"loc":{"start":{"line":527,"column":44},"end":{"line":556,"column":1}},"line":527},"11":{"name":"(anonymous_11)","decl":{"start":{"line":562,"column":8},"end":{"line":562,"column":9}},"loc":{"start":{"line":562,"column":35},"end":{"line":587,"column":1}},"line":562},"12":{"name":"(anonymous_12)","decl":{"start":{"line":590,"column":13},"end":{"line":590,"column":14}},"loc":{"start":{"line":590,"column":27},"end":{"line":603,"column":1}},"line":590},"13":{"name":"(anonymous_13)","decl":{"start":{"line":609,"column":17},"end":{"line":609,"column":18}},"loc":{"start":{"line":609,"column":29},"end":{"line":631,"column":1}},"line":609},"14":{"name":"(anonymous_14)","decl":{"start":{"line":634,"column":22},"end":{"line":634,"column":23}},"loc":{"start":{"line":634,"column":28},"end":{"line":638,"column":1}},"line":634},"15":{"name":"(anonymous_15)","decl":{"start":{"line":640,"column":21},"end":{"line":640,"column":22}},"loc":{"start":{"line":640,"column":27},"end":{"line":644,"column":1}},"line":640}},"branchMap":{"0":{"loc":{"start":{"line":13,"column":13},"end":{"line":13,"column":37}},"type":"binary-expr","locations":[{"start":{"line":13,"column":13},"end":{"line":13,"column":29}},{"start":{"line":13,"column":33},"end":{"line":13,"column":37}}],"line":13},"1":{"loc":{"start":{"line":35,"column":4},"end":{"line":39,"column":5}},"type":"if","locations":[{"start":{"line":35,"column":4},"end":{"line":39,"column":5}},{"start":{"line":37,"column":11},"end":{"line":39,"column":5}}],"line":35},"2":{"loc":{"start":{"line":44,"column":0},"end":{"line":47,"column":1}},"type":"if","locations":[{"start":{"line":44,"column":0},"end":{"line":47,"column":1}},{"start":{},"end":{}}],"line":44},"3":{"loc":{"start":{"line":97,"column":4},"end":{"line":106,"column":5}},"type":"if","locations":[{"start":{"line":97,"column":4},"end":{"line":106,"column":5}},{"start":{},"end":{}}],"line":97},"4":{"loc":{"start":{"line":97,"column":8},"end":{"line":97,"column":57}},"type":"binary-expr","locations":[{"start":{"line":97,"column":8},"end":{"line":97,"column":18}},{"start":{"line":97,"column":22},"end":{"line":97,"column":35}},{"start":{"line":97,"column":39},"end":{"line":97,"column":57}}],"line":97},"5":{"loc":{"start":{"line":101,"column":14},"end":{"line":101,"column":42}},"type":"cond-expr","locations":[{"start":{"line":101,"column":30},"end":{"line":101,"column":35}},{"start":{"line":101,"column":38},"end":{"line":101,"column":42}}],"line":101},"6":{"loc":{"start":{"line":102,"column":19},"end":{"line":102,"column":52}},"type":"cond-expr","locations":[{"start":{"line":102,"column":40},"end":{"line":102,"column":45}},{"start":{"line":102,"column":48},"end":{"line":102,"column":52}}],"line":102},"7":{"loc":{"start":{"line":170,"column":4},"end":{"line":175,"column":5}},"type":"if","locations":[{"start":{"line":170,"column":4},"end":{"line":175,"column":5}},{"start":{},"end":{}}],"line":170},"8":{"loc":{"start":{"line":213,"column":4},"end":{"line":219,"column":5}},"type":"if","locations":[{"start":{"line":213,"column":4},"end":{"line":219,"column":5}},{"start":{},"end":{}}],"line":213},"9":{"loc":{"start":{"line":213,"column":8},"end":{"line":213,"column":49}},"type":"binary-expr","locations":[{"start":{"line":213,"column":8},"end":{"line":213,"column":17}},{"start":{"line":213,"column":21},"end":{"line":213,"column":49}}],"line":213},"10":{"loc":{"start":{"line":262,"column":4},"end":{"line":268,"column":5}},"type":"if","locations":[{"start":{"line":262,"column":4},"end":{"line":268,"column":5}},{"start":{},"end":{}}],"line":262},"11":{"loc":{"start":{"line":272,"column":4},"end":{"line":297,"column":5}},"type":"if","locations":[{"start":{"line":272,"column":4},"end":{"line":297,"column":5}},{"start":{"line":281,"column":11},"end":{"line":297,"column":5}}],"line":272},"12":{"loc":{"start":{"line":277,"column":25},"end":{"line":278,"column":76}},"type":"cond-expr","locations":[{"start":{"line":278,"column":10},"end":{"line":278,"column":69}},{"start":{"line":278,"column":72},"end":{"line":278,"column":76}}],"line":277},"13":{"loc":{"start":{"line":281,"column":11},"end":{"line":297,"column":5}},"type":"if","locations":[{"start":{"line":281,"column":11},"end":{"line":297,"column":5}},{"start":{"line":289,"column":11},"end":{"line":297,"column":5}}],"line":281},"14":{"loc":{"start":{"line":334,"column":16},"end":{"line":334,"column":66}},"type":"cond-expr","locations":[{"start":{"line":334,"column":41},"end":{"line":334,"column":48}},{"start":{"line":334,"column":51},"end":{"line":334,"column":66}}],"line":334},"15":{"loc":{"start":{"line":361,"column":15},"end":{"line":361,"column":89}},"type":"cond-expr","locations":[{"start":{"line":361,"column":36},"end":{"line":361,"column":59}},{"start":{"line":361,"column":62},"end":{"line":361,"column":89}}],"line":361},"16":{"loc":{"start":{"line":382,"column":22},"end":{"line":382,"column":31}},"type":"default-arg","locations":[{"start":{"line":382,"column":30},"end":{"line":382,"column":31}}],"line":382},"17":{"loc":{"start":{"line":384,"column":4},"end":{"line":389,"column":5}},"type":"if","locations":[{"start":{"line":384,"column":4},"end":{"line":389,"column":5}},{"start":{},"end":{}}],"line":384},"18":{"loc":{"start":{"line":483,"column":33},"end":{"line":483,"column":70}},"type":"binary-expr","locations":[{"start":{"line":483,"column":33},"end":{"line":483,"column":61}},{"start":{"line":483,"column":65},"end":{"line":483,"column":70}}],"line":483},"19":{"loc":{"start":{"line":484,"column":37},"end":{"line":484,"column":75}},"type":"binary-expr","locations":[{"start":{"line":484,"column":37},"end":{"line":484,"column":66}},{"start":{"line":484,"column":70},"end":{"line":484,"column":75}}],"line":484},"20":{"loc":{"start":{"line":485,"column":32},"end":{"line":485,"column":70}},"type":"binary-expr","locations":[{"start":{"line":485,"column":32},"end":{"line":485,"column":64}},{"start":{"line":485,"column":68},"end":{"line":485,"column":70}}],"line":485},"21":{"loc":{"start":{"line":486,"column":28},"end":{"line":486,"column":63}},"type":"binary-expr","locations":[{"start":{"line":486,"column":28},"end":{"line":486,"column":57}},{"start":{"line":486,"column":61},"end":{"line":486,"column":63}}],"line":486},"22":{"loc":{"start":{"line":531,"column":4},"end":{"line":535,"column":5}},"type":"if","locations":[{"start":{"line":531,"column":4},"end":{"line":535,"column":5}},{"start":{},"end":{}}],"line":531},"23":{"loc":{"start":{"line":565,"column":2},"end":{"line":580,"column":3}},"type":"if","locations":[{"start":{"line":565,"column":2},"end":{"line":580,"column":3}},{"start":{},"end":{}}],"line":565},"24":{"loc":{"start":{"line":566,"column":4},"end":{"line":572,"column":5}},"type":"if","locations":[{"start":{"line":566,"column":4},"end":{"line":572,"column":5}},{"start":{},"end":{}}],"line":566},"25":{"loc":{"start":{"line":573,"column":4},"end":{"line":579,"column":5}},"type":"if","locations":[{"start":{"line":573,"column":4},"end":{"line":579,"column":5}},{"start":{},"end":{}}],"line":573},"26":{"loc":{"start":{"line":584,"column":13},"end":{"line":584,"column":92}},"type":"cond-expr","locations":[{"start":{"line":584,"column":54},"end":{"line":584,"column":67}},{"start":{"line":584,"column":70},"end":{"line":584,"column":92}}],"line":584}},"s":{"0":1,"1":1,"2":1,"3":1,"4":1,"5":1,"6":1,"7":1,"8":1,"9":1,"10":1,"11":1,"12":1,"13":1,"14":14,"15":14,"16":14,"17":0,"18":1,"19":0,"20":0,"21":1,"22":1,"23":1,"24":1,"25":1,"26":8,"27":8,"28":8,"29":2,"30":6,"31":6,"32":6,"33":6,"34":6,"35":6,"36":6,"37":6,"38":6,"39":0,"40":0,"41":1,"42":2,"43":2,"44":2,"45":2,"46":1,"47":1,"48":0,"49":0,"50":1,"51":3,"52":3,"53":3,"54":3,"55":2,"56":1,"57":1,"58":1,"59":1,"60":1,"61":0,"62":0,"63":1,"64":7,"65":7,"66":7,"67":7,"68":1,"69":6,"70":6,"71":0,"72":6,"73":1,"74":5,"75":0,"76":0,"77":1,"78":2,"79":2,"80":2,"81":2,"82":0,"83":1,"84":1,"85":1,"86":1,"87":0,"88":1,"89":2,"90":2,"91":2,"92":1,"93":1,"94":1,"95":0,"96":1,"97":1,"98":1,"99":1,"100":1,"101":1,"102":1,"103":1,"104":1,"105":1,"106":1,"107":1,"108":1,"109":1,"110":1,"111":1,"112":1,"113":1,"114":0,"115":0,"116":0,"117":0,"118":0,"119":0,"120":0,"121":0,"122":0,"123":0,"124":0,"125":0,"126":0,"127":0,"128":0,"129":0,"130":0,"131":0,"132":1,"133":1,"134":1,"135":1,"136":1,"137":1,"138":1,"139":2,"140":2,"141":2,"142":2,"143":2,"144":2,"145":0,"146":0,"147":0,"148":0,"149":0,"150":1,"151":0,"152":0,"153":0,"154":0,"155":0,"156":0,"157":0,"158":1,"159":2,"160":1,"161":0,"162":0,"163":0,"164":0,"165":0,"166":0,"167":0,"168":0,"169":0,"170":0,"171":0,"172":0,"173":0,"174":0,"175":0,"176":0,"177":0,"178":1,"179":0,"180":0,"181":1,"182":0,"183":0,"184":1},"f":{"0":14,"1":1,"2":8,"3":2,"4":3,"5":7,"6":2,"7":1,"8":2,"9":1,"10":2,"11":0,"12":2,"13":0,"14":0,"15":0},"b":{"0":[1,0],"1":[14,0],"2":[0,1],"3":[2,6],"4":[8,8,7],"5":[1,1],"6":[1,1],"7":[1,1],"8":[2,1],"9":[3,2],"10":[1,6],"11":[0,6],"12":[0,0],"13":[1,5],"14":[2,0],"15":[0,1],"16":[2],"17":[1,1],"18":[0,0],"19":[0,0],"20":[0,0],"21":[0,0],"22":[2,0],"23":[0,0],"24":[0,0],"25":[0,0],"26":[0,0]},"_coverageSchema":"1a1c01bbd47fc00a2c39e90264f33305004495a9","hash":"7e05ae9a523244a8dfaf0d0f0023c2c40d10076c"}
,"D:\\Web Projects\\AI CV Evaluator\\services\\aiService-backup.js": {"path":"D:\\Web Projects\\AI CV Evaluator\\services\\aiService-backup.js","statementMap":{"0":{"start":{"line":2,"column":17},"end":{"line":2,"column":38}},"1":{"start":{"line":6,"column":4},"end":{"line":9,"column":6}},"2":{"start":{"line":20,"column":4},"end":{"line":20,"column":51}},"3":{"start":{"line":23,"column":4},"end":{"line":23,"column":26}},"4":{"start":{"line":26,"column":19},"end":{"line":26,"column":45}},"5":{"start":{"line":27,"column":23},"end":{"line":27,"column":53}},"6":{"start":{"line":28,"column":21},"end":{"line":28,"column":49}},"7":{"start":{"line":30,"column":4},"end":{"line":37,"column":6}},"8":{"start":{"line":44,"column":4},"end":{"line":44,"column":62}},"9":{"start":{"line":46,"column":4},"end":{"line":46,"column":26}},"10":{"start":{"line":49,"column":23},"end":{"line":49,"column":65}},"11":{"start":{"line":50,"column":4},"end":{"line":50,"column":62}},"12":{"start":{"line":53,"column":28},"end":{"line":53,"column":111}},"13":{"start":{"line":54,"column":28},"end":{"line":54,"column":120}},"14":{"start":{"line":55,"column":25},"end":{"line":55,"column":74}},"15":{"start":{"line":56,"column":24},"end":{"line":56,"column":84}},"16":{"start":{"line":60,"column":6},"end":{"line":63,"column":24}},"17":{"start":{"line":66,"column":4},"end":{"line":88,"column":6}},"18":{"start":{"line":95,"column":4},"end":{"line":95,"column":48}},"19":{"start":{"line":97,"column":4},"end":{"line":97,"column":26}},"20":{"start":{"line":99,"column":22},"end":{"line":99,"column":67}},"21":{"start":{"line":100,"column":17},"end":{"line":100,"column":57}},"22":{"start":{"line":102,"column":4},"end":{"line":102,"column":246}},"23":{"start":{"line":109,"column":4},"end":{"line":109,"column":61}},"24":{"start":{"line":111,"column":4},"end":{"line":111,"column":27}},"25":{"start":{"line":114,"column":23},"end":{"line":114,"column":70}},"26":{"start":{"line":115,"column":4},"end":{"line":115,"column":67}},"27":{"start":{"line":117,"column":24},"end":{"line":117,"column":99}},"28":{"start":{"line":118,"column":24},"end":{"line":118,"column":58}},"29":{"start":{"line":119,"column":23},"end":{"line":119,"column":97}},"30":{"start":{"line":120,"column":26},"end":{"line":120,"column":62}},"31":{"start":{"line":121,"column":23},"end":{"line":121,"column":56}},"32":{"start":{"line":125,"column":6},"end":{"line":129,"column":22}},"33":{"start":{"line":132,"column":4},"end":{"line":158,"column":6}},"34":{"start":{"line":165,"column":4},"end":{"line":165,"column":53}},"35":{"start":{"line":167,"column":4},"end":{"line":167,"column":26}},"36":{"start":{"line":169,"column":22},"end":{"line":169,"column":75}},"37":{"start":{"line":170,"column":25},"end":{"line":170,"column":81}},"38":{"start":{"line":172,"column":4},"end":{"line":172,"column":253}},"39":{"start":{"line":179,"column":4},"end":{"line":179,"column":52}},"40":{"start":{"line":181,"column":4},"end":{"line":181,"column":26}},"41":{"start":{"line":183,"column":20},"end":{"line":183,"column":37}},"42":{"start":{"line":184,"column":22},"end":{"line":184,"column":47}},"43":{"start":{"line":187,"column":4},"end":{"line":195,"column":5}},"44":{"start":{"line":188,"column":6},"end":{"line":188,"column":72}},"45":{"start":{"line":189,"column":11},"end":{"line":195,"column":5}},"46":{"start":{"line":190,"column":6},"end":{"line":190,"column":78}},"47":{"start":{"line":191,"column":11},"end":{"line":195,"column":5}},"48":{"start":{"line":192,"column":6},"end":{"line":192,"column":74}},"49":{"start":{"line":194,"column":6},"end":{"line":194,"column":75}},"50":{"start":{"line":197,"column":4},"end":{"line":197,"column":316}},"51":{"start":{"line":205,"column":26},"end":{"line":209,"column":5}},"52":{"start":{"line":211,"column":24},"end":{"line":213,"column":5}},"53":{"start":{"line":212,"column":6},"end":{"line":212,"column":40}},"54":{"start":{"line":215,"column":4},"end":{"line":215,"column":74}},"55":{"start":{"line":219,"column":24},"end":{"line":219,"column":63}},"56":{"start":{"line":220,"column":4},"end":{"line":223,"column":5}},"57":{"start":{"line":221,"column":20},"end":{"line":221,"column":77}},"58":{"start":{"line":221,"column":45},"end":{"line":221,"column":76}},"59":{"start":{"line":222,"column":6},"end":{"line":222,"column":32}},"60":{"start":{"line":226,"column":4},"end":{"line":226,"column":61}},"61":{"start":{"line":230,"column":28},"end":{"line":230,"column":87}},"62":{"start":{"line":231,"column":24},"end":{"line":233,"column":5}},"63":{"start":{"line":232,"column":6},"end":{"line":232,"column":42}},"64":{"start":{"line":235,"column":4},"end":{"line":235,"column":107}},"65":{"start":{"line":239,"column":32},"end":{"line":239,"column":99}},"66":{"start":{"line":240,"column":4},"end":{"line":242,"column":55}},"67":{"start":{"line":241,"column":6},"end":{"line":241,"column":42}},"68":{"start":{"line":242,"column":21},"end":{"line":242,"column":53}},"69":{"start":{"line":246,"column":30},"end":{"line":246,"column":107}},"70":{"start":{"line":247,"column":25},"end":{"line":249,"column":5}},"71":{"start":{"line":248,"column":6},"end":{"line":248,"column":42}},"72":{"start":{"line":250,"column":4},"end":{"line":250,"column":92}},"73":{"start":{"line":254,"column":25},"end":{"line":254,"column":100}},"74":{"start":{"line":255,"column":4},"end":{"line":257,"column":42}},"75":{"start":{"line":256,"column":6},"end":{"line":256,"column":42}},"76":{"start":{"line":257,"column":21},"end":{"line":257,"column":40}},"77":{"start":{"line":265,"column":4},"end":{"line":265,"column":29}},"78":{"start":{"line":265,"column":20},"end":{"line":265,"column":29}},"79":{"start":{"line":266,"column":4},"end":{"line":266,"column":29}},"80":{"start":{"line":266,"column":20},"end":{"line":266,"column":29}},"81":{"start":{"line":267,"column":4},"end":{"line":267,"column":29}},"82":{"start":{"line":267,"column":20},"end":{"line":267,"column":29}},"83":{"start":{"line":268,"column":4},"end":{"line":268,"column":29}},"84":{"start":{"line":268,"column":20},"end":{"line":268,"column":29}},"85":{"start":{"line":269,"column":4},"end":{"line":269,"column":13}},"86":{"start":{"line":273,"column":4},"end":{"line":273,"column":43}},"87":{"start":{"line":273,"column":34},"end":{"line":273,"column":43}},"88":{"start":{"line":274,"column":4},"end":{"line":274,"column":43}},"89":{"start":{"line":274,"column":34},"end":{"line":274,"column":43}},"90":{"start":{"line":275,"column":4},"end":{"line":275,"column":43}},"91":{"start":{"line":275,"column":34},"end":{"line":275,"column":43}},"92":{"start":{"line":276,"column":4},"end":{"line":276,"column":13}},"93":{"start":{"line":280,"column":4},"end":{"line":280,"column":44}},"94":{"start":{"line":280,"column":35},"end":{"line":280,"column":44}},"95":{"start":{"line":281,"column":4},"end":{"line":281,"column":44}},"96":{"start":{"line":281,"column":35},"end":{"line":281,"column":44}},"97":{"start":{"line":282,"column":4},"end":{"line":282,"column":44}},"98":{"start":{"line":282,"column":35},"end":{"line":282,"column":44}},"99":{"start":{"line":283,"column":4},"end":{"line":283,"column":13}},"100":{"start":{"line":287,"column":28},"end":{"line":287,"column":83}},"101":{"start":{"line":288,"column":20},"end":{"line":290,"column":5}},"102":{"start":{"line":289,"column":6},"end":{"line":289,"column":49}},"103":{"start":{"line":291,"column":4},"end":{"line":291,"column":56}},"104":{"start":{"line":295,"column":24},"end":{"line":295,"column":76}},"105":{"start":{"line":296,"column":20},"end":{"line":298,"column":5}},"106":{"start":{"line":297,"column":6},"end":{"line":297,"column":49}},"107":{"start":{"line":299,"column":4},"end":{"line":299,"column":56}},"108":{"start":{"line":303,"column":4},"end":{"line":303,"column":78}},"109":{"start":{"line":311,"column":27},"end":{"line":311,"column":66}},"110":{"start":{"line":313,"column":25},"end":{"line":317,"column":12}},"111":{"start":{"line":314,"column":6},"end":{"line":316,"column":7}},"112":{"start":{"line":315,"column":8},"end":{"line":315,"column":81}},"113":{"start":{"line":319,"column":20},"end":{"line":323,"column":12}},"114":{"start":{"line":320,"column":6},"end":{"line":322,"column":7}},"115":{"start":{"line":321,"column":8},"end":{"line":321,"column":71}},"116":{"start":{"line":325,"column":23},"end":{"line":329,"column":12}},"117":{"start":{"line":326,"column":6},"end":{"line":328,"column":7}},"118":{"start":{"line":327,"column":8},"end":{"line":327,"column":77}},"119":{"start":{"line":332,"column":4},"end":{"line":332,"column":71}},"120":{"start":{"line":332,"column":62},"end":{"line":332,"column":71}},"121":{"start":{"line":333,"column":4},"end":{"line":333,"column":52}},"122":{"start":{"line":333,"column":43},"end":{"line":333,"column":52}},"123":{"start":{"line":334,"column":4},"end":{"line":334,"column":36}},"124":{"start":{"line":334,"column":27},"end":{"line":334,"column":36}},"125":{"start":{"line":335,"column":4},"end":{"line":335,"column":36}},"126":{"start":{"line":335,"column":27},"end":{"line":335,"column":36}},"127":{"start":{"line":336,"column":4},"end":{"line":336,"column":13}},"128":{"start":{"line":340,"column":20},"end":{"line":340,"column":66}},"129":{"start":{"line":341,"column":27},"end":{"line":341,"column":95}},"130":{"start":{"line":342,"column":18},"end":{"line":342,"column":67}},"131":{"start":{"line":345,"column":20},"end":{"line":345,"column":47}},"132":{"start":{"line":348,"column":4},"end":{"line":348,"column":77}},"133":{"start":{"line":348,"column":38},"end":{"line":348,"column":77}},"134":{"start":{"line":349,"column":4},"end":{"line":349,"column":70}},"135":{"start":{"line":349,"column":29},"end":{"line":349,"column":70}},"136":{"start":{"line":351,"column":4},"end":{"line":351,"column":33}},"137":{"start":{"line":355,"column":20},"end":{"line":355,"column":65}},"138":{"start":{"line":356,"column":25},"end":{"line":356,"column":50}},"139":{"start":{"line":358,"column":16},"end":{"line":358,"column":17}},"140":{"start":{"line":361,"column":4},"end":{"line":361,"column":76}},"141":{"start":{"line":361,"column":65},"end":{"line":361,"column":76}},"142":{"start":{"line":362,"column":4},"end":{"line":362,"column":83}},"143":{"start":{"line":362,"column":72},"end":{"line":362,"column":83}},"144":{"start":{"line":363,"column":4},"end":{"line":363,"column":76}},"145":{"start":{"line":363,"column":65},"end":{"line":363,"column":76}},"146":{"start":{"line":364,"column":4},"end":{"line":364,"column":82}},"147":{"start":{"line":364,"column":71},"end":{"line":364,"column":82}},"148":{"start":{"line":365,"column":4},"end":{"line":365,"column":82}},"149":{"start":{"line":365,"column":69},"end":{"line":365,"column":82}},"150":{"start":{"line":367,"column":4},"end":{"line":367,"column":42}},"151":{"start":{"line":371,"column":20},"end":{"line":371,"column":65}},"152":{"start":{"line":372,"column":25},"end":{"line":372,"column":50}},"153":{"start":{"line":374,"column":16},"end":{"line":374,"column":17}},"154":{"start":{"line":377,"column":4},"end":{"line":377,"column":80}},"155":{"start":{"line":377,"column":69},"end":{"line":377,"column":80}},"156":{"start":{"line":378,"column":4},"end":{"line":378,"column":84}},"157":{"start":{"line":378,"column":73},"end":{"line":378,"column":84}},"158":{"start":{"line":379,"column":4},"end":{"line":379,"column":91}},"159":{"start":{"line":379,"column":80},"end":{"line":379,"column":91}},"160":{"start":{"line":380,"column":4},"end":{"line":380,"column":91}},"161":{"start":{"line":380,"column":80},"end":{"line":380,"column":91}},"162":{"start":{"line":381,"column":4},"end":{"line":381,"column":93}},"163":{"start":{"line":381,"column":80},"end":{"line":381,"column":93}},"164":{"start":{"line":383,"column":4},"end":{"line":383,"column":42}},"165":{"start":{"line":391,"column":20},"end":{"line":393,"column":5}},"166":{"start":{"line":392,"column":6},"end":{"line":392,"column":82}},"167":{"start":{"line":392,"column":34},"end":{"line":392,"column":81}},"168":{"start":{"line":395,"column":4},"end":{"line":395,"column":163}},"169":{"start":{"line":399,"column":25},"end":{"line":401,"column":5}},"170":{"start":{"line":400,"column":6},"end":{"line":400,"column":84}},"171":{"start":{"line":403,"column":4},"end":{"line":403,"column":141}},"172":{"start":{"line":407,"column":4},"end":{"line":407,"column":118}},"173":{"start":{"line":411,"column":4},"end":{"line":411,"column":135}},"174":{"start":{"line":415,"column":24},"end":{"line":419,"column":5}},"175":{"start":{"line":416,"column":6},"end":{"line":418,"column":7}},"176":{"start":{"line":417,"column":8},"end":{"line":417,"column":67}},"177":{"start":{"line":421,"column":4},"end":{"line":421,"column":137}},"178":{"start":{"line":425,"column":4},"end":{"line":425,"column":55}},"179":{"start":{"line":429,"column":27},"end":{"line":433,"column":5}},"180":{"start":{"line":430,"column":6},"end":{"line":432,"column":7}},"181":{"start":{"line":431,"column":8},"end":{"line":431,"column":43}},"182":{"start":{"line":435,"column":4},"end":{"line":435,"column":167}},"183":{"start":{"line":439,"column":4},"end":{"line":439,"column":56}},"184":{"start":{"line":443,"column":4},"end":{"line":443,"column":68}},"185":{"start":{"line":451,"column":4},"end":{"line":453,"column":52}},"186":{"start":{"line":452,"column":32},"end":{"line":452,"column":48}},"187":{"start":{"line":453,"column":29},"end":{"line":453,"column":50}},"188":{"start":{"line":457,"column":4},"end":{"line":459,"column":52}},"189":{"start":{"line":458,"column":32},"end":{"line":458,"column":48}},"190":{"start":{"line":459,"column":29},"end":{"line":459,"column":50}},"191":{"start":{"line":463,"column":4},"end":{"line":465,"column":52}},"192":{"start":{"line":464,"column":32},"end":{"line":464,"column":48}},"193":{"start":{"line":465,"column":29},"end":{"line":465,"column":50}},"194":{"start":{"line":469,"column":4},"end":{"line":471,"column":52}},"195":{"start":{"line":470,"column":32},"end":{"line":470,"column":48}},"196":{"start":{"line":471,"column":29},"end":{"line":471,"column":50}},"197":{"start":{"line":475,"column":20},"end":{"line":475,"column":22}},"198":{"start":{"line":478,"column":25},"end":{"line":483,"column":5}},"199":{"start":{"line":479,"column":6},"end":{"line":482,"column":7}},"200":{"start":{"line":480,"column":8},"end":{"line":481,"column":60}},"201":{"start":{"line":485,"column":4},"end":{"line":487,"column":5}},"202":{"start":{"line":486,"column":6},"end":{"line":486,"column":79}},"203":{"start":{"line":490,"column":4},"end":{"line":492,"column":5}},"204":{"start":{"line":491,"column":6},"end":{"line":491,"column":59}},"205":{"start":{"line":495,"column":4},"end":{"line":497,"column":5}},"206":{"start":{"line":496,"column":6},"end":{"line":496,"column":54}},"207":{"start":{"line":499,"column":4},"end":{"line":499,"column":19}},"208":{"start":{"line":503,"column":20},"end":{"line":503,"column":22}},"209":{"start":{"line":504,"column":25},"end":{"line":504,"column":50}},"210":{"start":{"line":506,"column":4},"end":{"line":517,"column":7}},"211":{"start":{"line":507,"column":31},"end":{"line":508,"column":40}},"212":{"start":{"line":508,"column":24},"end":{"line":508,"column":39}},"213":{"start":{"line":510,"column":30},"end":{"line":512,"column":7}},"214":{"start":{"line":511,"column":8},"end":{"line":511,"column":38}},"215":{"start":{"line":514,"column":6},"end":{"line":516,"column":7}},"216":{"start":{"line":515,"column":8},"end":{"line":515,"column":79}},"217":{"start":{"line":519,"column":4},"end":{"line":519,"column":31}},"218":{"start":{"line":527,"column":4},"end":{"line":527,"column":59}},"219":{"start":{"line":527,"column":34},"end":{"line":527,"column":57}},"220":{"start":{"line":531,"column":0},"end":{"line":531,"column":33}}},"fnMap":{"0":{"name":"(anonymous_0)","decl":{"start":{"line":5,"column":2},"end":{"line":5,"column":3}},"loc":{"start":{"line":5,"column":16},"end":{"line":10,"column":3}},"line":5},"1":{"name":"(anonymous_1)","decl":{"start":{"line":19,"column":2},"end":{"line":19,"column":3}},"loc":{"start":{"line":19,"column":30},"end":{"line":38,"column":3}},"line":19},"2":{"name":"(anonymous_2)","decl":{"start":{"line":43,"column":2},"end":{"line":43,"column":3}},"loc":{"start":{"line":43,"column":50},"end":{"line":89,"column":3}},"line":43},"3":{"name":"(anonymous_3)","decl":{"start":{"line":94,"column":2},"end":{"line":94,"column":3}},"loc":{"start":{"line":94,"column":66},"end":{"line":103,"column":3}},"line":94},"4":{"name":"(anonymous_4)","decl":{"start":{"line":108,"column":2},"end":{"line":108,"column":3}},"loc":{"start":{"line":108,"column":52},"end":{"line":159,"column":3}},"line":108},"5":{"name":"(anonymous_5)","decl":{"start":{"line":164,"column":2},"end":{"line":164,"column":3}},"loc":{"start":{"line":164,"column":74},"end":{"line":173,"column":3}},"line":164},"6":{"name":"(anonymous_6)","decl":{"start":{"line":178,"column":2},"end":{"line":178,"column":3}},"loc":{"start":{"line":178,"column":87},"end":{"line":198,"column":3}},"line":178},"7":{"name":"(anonymous_7)","decl":{"start":{"line":204,"column":2},"end":{"line":204,"column":3}},"loc":{"start":{"line":204,"column":22},"end":{"line":216,"column":3}},"line":204},"8":{"name":"(anonymous_8)","decl":{"start":{"line":211,"column":45},"end":{"line":211,"column":46}},"loc":{"start":{"line":212,"column":6},"end":{"line":212,"column":40}},"line":212},"9":{"name":"(anonymous_9)","decl":{"start":{"line":218,"column":2},"end":{"line":218,"column":3}},"loc":{"start":{"line":218,"column":26},"end":{"line":227,"column":3}},"line":218},"10":{"name":"(anonymous_10)","decl":{"start":{"line":221,"column":36},"end":{"line":221,"column":37}},"loc":{"start":{"line":221,"column":45},"end":{"line":221,"column":76}},"line":221},"11":{"name":"(anonymous_11)","decl":{"start":{"line":229,"column":2},"end":{"line":229,"column":3}},"loc":{"start":{"line":229,"column":24},"end":{"line":236,"column":3}},"line":229},"12":{"name":"(anonymous_12)","decl":{"start":{"line":231,"column":45},"end":{"line":231,"column":46}},"loc":{"start":{"line":232,"column":6},"end":{"line":232,"column":42}},"line":232},"13":{"name":"(anonymous_13)","decl":{"start":{"line":238,"column":2},"end":{"line":238,"column":3}},"loc":{"start":{"line":238,"column":28},"end":{"line":243,"column":3}},"line":238},"14":{"name":"(anonymous_14)","decl":{"start":{"line":240,"column":38},"end":{"line":240,"column":39}},"loc":{"start":{"line":241,"column":6},"end":{"line":241,"column":42}},"line":241},"15":{"name":"(anonymous_15)","decl":{"start":{"line":242,"column":10},"end":{"line":242,"column":11}},"loc":{"start":{"line":242,"column":21},"end":{"line":242,"column":53}},"line":242},"16":{"name":"(anonymous_16)","decl":{"start":{"line":245,"column":2},"end":{"line":245,"column":3}},"loc":{"start":{"line":245,"column":25},"end":{"line":251,"column":3}},"line":245},"17":{"name":"(anonymous_17)","decl":{"start":{"line":247,"column":48},"end":{"line":247,"column":49}},"loc":{"start":{"line":248,"column":6},"end":{"line":248,"column":42}},"line":248},"18":{"name":"(anonymous_18)","decl":{"start":{"line":253,"column":2},"end":{"line":253,"column":3}},"loc":{"start":{"line":253,"column":29},"end":{"line":258,"column":3}},"line":253},"19":{"name":"(anonymous_19)","decl":{"start":{"line":255,"column":31},"end":{"line":255,"column":32}},"loc":{"start":{"line":256,"column":6},"end":{"line":256,"column":42}},"line":256},"20":{"name":"(anonymous_20)","decl":{"start":{"line":257,"column":10},"end":{"line":257,"column":11}},"loc":{"start":{"line":257,"column":21},"end":{"line":257,"column":40}},"line":257},"21":{"name":"(anonymous_21)","decl":{"start":{"line":264,"column":2},"end":{"line":264,"column":3}},"loc":{"start":{"line":264,"column":25},"end":{"line":270,"column":3}},"line":264},"22":{"name":"(anonymous_22)","decl":{"start":{"line":272,"column":2},"end":{"line":272,"column":3}},"loc":{"start":{"line":272,"column":34},"end":{"line":277,"column":3}},"line":272},"23":{"name":"(anonymous_23)","decl":{"start":{"line":279,"column":2},"end":{"line":279,"column":3}},"loc":{"start":{"line":279,"column":34},"end":{"line":284,"column":3}},"line":279},"24":{"name":"(anonymous_24)","decl":{"start":{"line":286,"column":2},"end":{"line":286,"column":3}},"loc":{"start":{"line":286,"column":32},"end":{"line":292,"column":3}},"line":286},"25":{"name":"(anonymous_25)","decl":{"start":{"line":288,"column":43},"end":{"line":288,"column":44}},"loc":{"start":{"line":289,"column":6},"end":{"line":289,"column":49}},"line":289},"26":{"name":"(anonymous_26)","decl":{"start":{"line":294,"column":2},"end":{"line":294,"column":3}},"loc":{"start":{"line":294,"column":34},"end":{"line":300,"column":3}},"line":294},"27":{"name":"(anonymous_27)","decl":{"start":{"line":296,"column":39},"end":{"line":296,"column":40}},"loc":{"start":{"line":297,"column":6},"end":{"line":297,"column":49}},"line":297},"28":{"name":"(anonymous_28)","decl":{"start":{"line":302,"column":2},"end":{"line":302,"column":3}},"loc":{"start":{"line":302,"column":31},"end":{"line":304,"column":3}},"line":302},"29":{"name":"(anonymous_29)","decl":{"start":{"line":310,"column":2},"end":{"line":310,"column":3}},"loc":{"start":{"line":310,"column":55},"end":{"line":337,"column":3}},"line":310},"30":{"name":"(anonymous_30)","decl":{"start":{"line":313,"column":39},"end":{"line":313,"column":40}},"loc":{"start":{"line":314,"column":6},"end":{"line":316,"column":7}},"line":314},"31":{"name":"(anonymous_31)","decl":{"start":{"line":314,"column":100},"end":{"line":314,"column":101}},"loc":{"start":{"line":315,"column":8},"end":{"line":315,"column":81}},"line":315},"32":{"name":"(anonymous_32)","decl":{"start":{"line":319,"column":34},"end":{"line":319,"column":35}},"loc":{"start":{"line":320,"column":6},"end":{"line":322,"column":7}},"line":320},"33":{"name":"(anonymous_33)","decl":{"start":{"line":320,"column":69},"end":{"line":320,"column":70}},"loc":{"start":{"line":321,"column":8},"end":{"line":321,"column":71}},"line":321},"34":{"name":"(anonymous_34)","decl":{"start":{"line":325,"column":37},"end":{"line":325,"column":38}},"loc":{"start":{"line":326,"column":6},"end":{"line":328,"column":7}},"line":326},"35":{"name":"(anonymous_35)","decl":{"start":{"line":326,"column":59},"end":{"line":326,"column":60}},"loc":{"start":{"line":327,"column":8},"end":{"line":327,"column":77}},"line":327},"36":{"name":"(anonymous_36)","decl":{"start":{"line":339,"column":2},"end":{"line":339,"column":3}},"loc":{"start":{"line":339,"column":56},"end":{"line":352,"column":3}},"line":339},"37":{"name":"(anonymous_37)","decl":{"start":{"line":354,"column":2},"end":{"line":354,"column":3}},"loc":{"start":{"line":354,"column":62},"end":{"line":368,"column":3}},"line":354},"38":{"name":"(anonymous_38)","decl":{"start":{"line":370,"column":2},"end":{"line":370,"column":3}},"loc":{"start":{"line":370,"column":61},"end":{"line":384,"column":3}},"line":370},"39":{"name":"(anonymous_39)","decl":{"start":{"line":390,"column":2},"end":{"line":390,"column":3}},"loc":{"start":{"line":390,"column":56},"end":{"line":396,"column":3}},"line":390},"40":{"name":"(anonymous_40)","decl":{"start":{"line":391,"column":34},"end":{"line":391,"column":35}},"loc":{"start":{"line":392,"column":6},"end":{"line":392,"column":82}},"line":392},"41":{"name":"(anonymous_41)","decl":{"start":{"line":392,"column":27},"end":{"line":392,"column":28}},"loc":{"start":{"line":392,"column":34},"end":{"line":392,"column":81}},"line":392},"42":{"name":"(anonymous_42)","decl":{"start":{"line":398,"column":2},"end":{"line":398,"column":3}},"loc":{"start":{"line":398,"column":63},"end":{"line":404,"column":3}},"line":398},"43":{"name":"(anonymous_43)","decl":{"start":{"line":399,"column":55},"end":{"line":399,"column":56}},"loc":{"start":{"line":400,"column":6},"end":{"line":400,"column":84}},"line":400},"44":{"name":"(anonymous_44)","decl":{"start":{"line":406,"column":2},"end":{"line":406,"column":3}},"loc":{"start":{"line":406,"column":40},"end":{"line":408,"column":3}},"line":406},"45":{"name":"(anonymous_45)","decl":{"start":{"line":410,"column":2},"end":{"line":410,"column":3}},"loc":{"start":{"line":410,"column":38},"end":{"line":412,"column":3}},"line":410},"46":{"name":"(anonymous_46)","decl":{"start":{"line":414,"column":2},"end":{"line":414,"column":3}},"loc":{"start":{"line":414,"column":69},"end":{"line":422,"column":3}},"line":414},"47":{"name":"(anonymous_47)","decl":{"start":{"line":415,"column":53},"end":{"line":415,"column":54}},"loc":{"start":{"line":416,"column":6},"end":{"line":418,"column":7}},"line":416},"48":{"name":"(anonymous_48)","decl":{"start":{"line":416,"column":40},"end":{"line":416,"column":41}},"loc":{"start":{"line":417,"column":8},"end":{"line":417,"column":67}},"line":417},"49":{"name":"(anonymous_49)","decl":{"start":{"line":424,"column":2},"end":{"line":424,"column":3}},"loc":{"start":{"line":424,"column":35},"end":{"line":426,"column":3}},"line":424},"50":{"name":"(anonymous_50)","decl":{"start":{"line":428,"column":2},"end":{"line":428,"column":3}},"loc":{"start":{"line":428,"column":68},"end":{"line":436,"column":3}},"line":428},"51":{"name":"(anonymous_51)","decl":{"start":{"line":429,"column":56},"end":{"line":429,"column":57}},"loc":{"start":{"line":430,"column":6},"end":{"line":432,"column":7}},"line":430},"52":{"name":"(anonymous_52)","decl":{"start":{"line":430,"column":67},"end":{"line":430,"column":68}},"loc":{"start":{"line":431,"column":8},"end":{"line":431,"column":43}},"line":431},"53":{"name":"(anonymous_53)","decl":{"start":{"line":438,"column":2},"end":{"line":438,"column":3}},"loc":{"start":{"line":438,"column":31},"end":{"line":440,"column":3}},"line":438},"54":{"name":"(anonymous_54)","decl":{"start":{"line":442,"column":2},"end":{"line":442,"column":3}},"loc":{"start":{"line":442,"column":38},"end":{"line":444,"column":3}},"line":442},"55":{"name":"(anonymous_55)","decl":{"start":{"line":450,"column":2},"end":{"line":450,"column":3}},"loc":{"start":{"line":450,"column":31},"end":{"line":454,"column":3}},"line":450},"56":{"name":"(anonymous_56)","decl":{"start":{"line":452,"column":14},"end":{"line":452,"column":15}},"loc":{"start":{"line":452,"column":32},"end":{"line":452,"column":48}},"line":452},"57":{"name":"(anonymous_57)","decl":{"start":{"line":453,"column":11},"end":{"line":453,"column":12}},"loc":{"start":{"line":453,"column":29},"end":{"line":453,"column":50}},"line":453},"58":{"name":"(anonymous_58)","decl":{"start":{"line":456,"column":2},"end":{"line":456,"column":3}},"loc":{"start":{"line":456,"column":26},"end":{"line":460,"column":3}},"line":456},"59":{"name":"(anonymous_59)","decl":{"start":{"line":458,"column":14},"end":{"line":458,"column":15}},"loc":{"start":{"line":458,"column":32},"end":{"line":458,"column":48}},"line":458},"60":{"name":"(anonymous_60)","decl":{"start":{"line":459,"column":11},"end":{"line":459,"column":12}},"loc":{"start":{"line":459,"column":29},"end":{"line":459,"column":50}},"line":459},"61":{"name":"(anonymous_61)","decl":{"start":{"line":462,"column":2},"end":{"line":462,"column":3}},"loc":{"start":{"line":462,"column":38},"end":{"line":466,"column":3}},"line":462},"62":{"name":"(anonymous_62)","decl":{"start":{"line":464,"column":14},"end":{"line":464,"column":15}},"loc":{"start":{"line":464,"column":32},"end":{"line":464,"column":48}},"line":464},"63":{"name":"(anonymous_63)","decl":{"start":{"line":465,"column":11},"end":{"line":465,"column":12}},"loc":{"start":{"line":465,"column":29},"end":{"line":465,"column":50}},"line":465},"64":{"name":"(anonymous_64)","decl":{"start":{"line":468,"column":2},"end":{"line":468,"column":3}},"loc":{"start":{"line":468,"column":41},"end":{"line":472,"column":3}},"line":468},"65":{"name":"(anonymous_65)","decl":{"start":{"line":470,"column":14},"end":{"line":470,"column":15}},"loc":{"start":{"line":470,"column":32},"end":{"line":470,"column":48}},"line":470},"66":{"name":"(anonymous_66)","decl":{"start":{"line":471,"column":11},"end":{"line":471,"column":12}},"loc":{"start":{"line":471,"column":29},"end":{"line":471,"column":50}},"line":471},"67":{"name":"(anonymous_67)","decl":{"start":{"line":474,"column":2},"end":{"line":474,"column":3}},"loc":{"start":{"line":474,"column":56},"end":{"line":500,"column":3}},"line":474},"68":{"name":"(anonymous_68)","decl":{"start":{"line":478,"column":52},"end":{"line":478,"column":53}},"loc":{"start":{"line":479,"column":6},"end":{"line":482,"column":7}},"line":479},"69":{"name":"(anonymous_69)","decl":{"start":{"line":479,"column":29},"end":{"line":479,"column":30}},"loc":{"start":{"line":480,"column":8},"end":{"line":481,"column":60}},"line":480},"70":{"name":"(anonymous_70)","decl":{"start":{"line":502,"column":2},"end":{"line":502,"column":3}},"loc":{"start":{"line":502,"column":56},"end":{"line":520,"column":3}},"line":502},"71":{"name":"(anonymous_71)","decl":{"start":{"line":506,"column":44},"end":{"line":506,"column":45}},"loc":{"start":{"line":506,"column":73},"end":{"line":517,"column":5}},"line":506},"72":{"name":"(anonymous_72)","decl":{"start":{"line":508,"column":16},"end":{"line":508,"column":17}},"loc":{"start":{"line":508,"column":24},"end":{"line":508,"column":39}},"line":508},"73":{"name":"(anonymous_73)","decl":{"start":{"line":510,"column":54},"end":{"line":510,"column":55}},"loc":{"start":{"line":511,"column":8},"end":{"line":511,"column":38}},"line":511},"74":{"name":"(anonymous_74)","decl":{"start":{"line":526,"column":2},"end":{"line":526,"column":3}},"loc":{"start":{"line":526,"column":12},"end":{"line":528,"column":3}},"line":526},"75":{"name":"(anonymous_75)","decl":{"start":{"line":527,"column":23},"end":{"line":527,"column":24}},"loc":{"start":{"line":527,"column":34},"end":{"line":527,"column":57}},"line":527}},"branchMap":{"0":{"loc":{"start":{"line":102,"column":87},"end":{"line":102,"column":243}},"type":"cond-expr","locations":[{"start":{"line":102,"column":105},"end":{"line":102,"column":192}},{"start":{"line":102,"column":195},"end":{"line":102,"column":243}}],"line":102},"1":{"loc":{"start":{"line":172,"column":14},"end":{"line":172,"column":90}},"type":"cond-expr","locations":[{"start":{"line":172,"column":37},"end":{"line":172,"column":85}},{"start":{"line":172,"column":88},"end":{"line":172,"column":90}}],"line":172},"2":{"loc":{"start":{"line":172,"column":93},"end":{"line":172,"column":250}},"type":"cond-expr","locations":[{"start":{"line":172,"column":119},"end":{"line":172,"column":195}},{"start":{"line":172,"column":198},"end":{"line":172,"column":250}}],"line":172},"3":{"loc":{"start":{"line":187,"column":4},"end":{"line":195,"column":5}},"type":"if","locations":[{"start":{"line":187,"column":4},"end":{"line":195,"column":5}},{"start":{"line":189,"column":11},"end":{"line":195,"column":5}}],"line":187},"4":{"loc":{"start":{"line":187,"column":8},"end":{"line":187,"column":41}},"type":"binary-expr","locations":[{"start":{"line":187,"column":8},"end":{"line":187,"column":21}},{"start":{"line":187,"column":25},"end":{"line":187,"column":41}}],"line":187},"5":{"loc":{"start":{"line":189,"column":11},"end":{"line":195,"column":5}},"type":"if","locations":[{"start":{"line":189,"column":11},"end":{"line":195,"column":5}},{"start":{"line":191,"column":11},"end":{"line":195,"column":5}}],"line":189},"6":{"loc":{"start":{"line":189,"column":15},"end":{"line":189,"column":48}},"type":"binary-expr","locations":[{"start":{"line":189,"column":15},"end":{"line":189,"column":28}},{"start":{"line":189,"column":32},"end":{"line":189,"column":48}}],"line":189},"7":{"loc":{"start":{"line":191,"column":11},"end":{"line":195,"column":5}},"type":"if","locations":[{"start":{"line":191,"column":11},"end":{"line":195,"column":5}},{"start":{"line":193,"column":11},"end":{"line":195,"column":5}}],"line":191},"8":{"loc":{"start":{"line":191,"column":15},"end":{"line":191,"column":48}},"type":"binary-expr","locations":[{"start":{"line":191,"column":15},"end":{"line":191,"column":28}},{"start":{"line":191,"column":32},"end":{"line":191,"column":48}}],"line":191},"9":{"loc":{"start":{"line":197,"column":83},"end":{"line":197,"column":145}},"type":"cond-expr","locations":[{"start":{"line":197,"column":99},"end":{"line":197,"column":107}},{"start":{"line":197,"column":110},"end":{"line":197,"column":145}}],"line":197},"10":{"loc":{"start":{"line":197,"column":110},"end":{"line":197,"column":145}},"type":"cond-expr","locations":[{"start":{"line":197,"column":126},"end":{"line":197,"column":132}},{"start":{"line":197,"column":135},"end":{"line":197,"column":145}}],"line":197},"11":{"loc":{"start":{"line":197,"column":220},"end":{"line":197,"column":292}},"type":"cond-expr","locations":[{"start":{"line":197,"column":237},"end":{"line":197,"column":248}},{"start":{"line":197,"column":251},"end":{"line":197,"column":292}}],"line":197},"12":{"loc":{"start":{"line":197,"column":251},"end":{"line":197,"column":292}},"type":"cond-expr","locations":[{"start":{"line":197,"column":270},"end":{"line":197,"column":277}},{"start":{"line":197,"column":280},"end":{"line":197,"column":292}}],"line":197},"13":{"loc":{"start":{"line":215,"column":11},"end":{"line":215,"column":73}},"type":"cond-expr","locations":[{"start":{"line":215,"column":36},"end":{"line":215,"column":47}},{"start":{"line":215,"column":50},"end":{"line":215,"column":73}}],"line":215},"14":{"loc":{"start":{"line":220,"column":4},"end":{"line":223,"column":5}},"type":"if","locations":[{"start":{"line":220,"column":4},"end":{"line":223,"column":5}},{"start":{},"end":{}}],"line":220},"15":{"loc":{"start":{"line":226,"column":11},"end":{"line":226,"column":60}},"type":"cond-expr","locations":[{"start":{"line":226,"column":31},"end":{"line":226,"column":32}},{"start":{"line":226,"column":35},"end":{"line":226,"column":60}}],"line":226},"16":{"loc":{"start":{"line":226,"column":35},"end":{"line":226,"column":60}},"type":"cond-expr","locations":[{"start":{"line":226,"column":55},"end":{"line":226,"column":56}},{"start":{"line":226,"column":59},"end":{"line":226,"column":60}}],"line":226},"17":{"loc":{"start":{"line":235,"column":11},"end":{"line":235,"column":106}},"type":"cond-expr","locations":[{"start":{"line":235,"column":25},"end":{"line":235,"column":101}},{"start":{"line":235,"column":104},"end":{"line":235,"column":106}}],"line":235},"18":{"loc":{"start":{"line":250,"column":11},"end":{"line":250,"column":91}},"type":"cond-expr","locations":[{"start":{"line":250,"column":26},"end":{"line":250,"column":54}},{"start":{"line":250,"column":57},"end":{"line":250,"column":91}}],"line":250},"19":{"loc":{"start":{"line":265,"column":4},"end":{"line":265,"column":29}},"type":"if","locations":[{"start":{"line":265,"column":4},"end":{"line":265,"column":29}},{"start":{},"end":{}}],"line":265},"20":{"loc":{"start":{"line":266,"column":4},"end":{"line":266,"column":29}},"type":"if","locations":[{"start":{"line":266,"column":4},"end":{"line":266,"column":29}},{"start":{},"end":{}}],"line":266},"21":{"loc":{"start":{"line":267,"column":4},"end":{"line":267,"column":29}},"type":"if","locations":[{"start":{"line":267,"column":4},"end":{"line":267,"column":29}},{"start":{},"end":{}}],"line":267},"22":{"loc":{"start":{"line":268,"column":4},"end":{"line":268,"column":29}},"type":"if","locations":[{"start":{"line":268,"column":4},"end":{"line":268,"column":29}},{"start":{},"end":{}}],"line":268},"23":{"loc":{"start":{"line":273,"column":4},"end":{"line":273,"column":43}},"type":"if","locations":[{"start":{"line":273,"column":4},"end":{"line":273,"column":43}},{"start":{},"end":{}}],"line":273},"24":{"loc":{"start":{"line":274,"column":4},"end":{"line":274,"column":43}},"type":"if","locations":[{"start":{"line":274,"column":4},"end":{"line":274,"column":43}},{"start":{},"end":{}}],"line":274},"25":{"loc":{"start":{"line":275,"column":4},"end":{"line":275,"column":43}},"type":"if","locations":[{"start":{"line":275,"column":4},"end":{"line":275,"column":43}},{"start":{},"end":{}}],"line":275},"26":{"loc":{"start":{"line":280,"column":4},"end":{"line":280,"column":44}},"type":"if","locations":[{"start":{"line":280,"column":4},"end":{"line":280,"column":44}},{"start":{},"end":{}}],"line":280},"27":{"loc":{"start":{"line":281,"column":4},"end":{"line":281,"column":44}},"type":"if","locations":[{"start":{"line":281,"column":4},"end":{"line":281,"column":44}},{"start":{},"end":{}}],"line":281},"28":{"loc":{"start":{"line":282,"column":4},"end":{"line":282,"column":44}},"type":"if","locations":[{"start":{"line":282,"column":4},"end":{"line":282,"column":44}},{"start":{},"end":{}}],"line":282},"29":{"loc":{"start":{"line":315,"column":8},"end":{"line":315,"column":81}},"type":"binary-expr","locations":[{"start":{"line":315,"column":8},"end":{"line":315,"column":45}},{"start":{"line":315,"column":49},"end":{"line":315,"column":81}}],"line":315},"30":{"loc":{"start":{"line":321,"column":8},"end":{"line":321,"column":71}},"type":"binary-expr","locations":[{"start":{"line":321,"column":8},"end":{"line":321,"column":40}},{"start":{"line":321,"column":44},"end":{"line":321,"column":71}}],"line":321},"31":{"loc":{"start":{"line":327,"column":8},"end":{"line":327,"column":77}},"type":"binary-expr","locations":[{"start":{"line":327,"column":8},"end":{"line":327,"column":43}},{"start":{"line":327,"column":47},"end":{"line":327,"column":77}}],"line":327},"32":{"loc":{"start":{"line":332,"column":4},"end":{"line":332,"column":71}},"type":"if","locations":[{"start":{"line":332,"column":4},"end":{"line":332,"column":71}},{"start":{},"end":{}}],"line":332},"33":{"loc":{"start":{"line":332,"column":8},"end":{"line":332,"column":60}},"type":"binary-expr","locations":[{"start":{"line":332,"column":8},"end":{"line":332,"column":25}},{"start":{"line":332,"column":29},"end":{"line":332,"column":41}},{"start":{"line":332,"column":45},"end":{"line":332,"column":60}}],"line":332},"34":{"loc":{"start":{"line":333,"column":4},"end":{"line":333,"column":52}},"type":"if","locations":[{"start":{"line":333,"column":4},"end":{"line":333,"column":52}},{"start":{},"end":{}}],"line":333},"35":{"loc":{"start":{"line":333,"column":8},"end":{"line":333,"column":41}},"type":"binary-expr","locations":[{"start":{"line":333,"column":8},"end":{"line":333,"column":25}},{"start":{"line":333,"column":29},"end":{"line":333,"column":41}}],"line":333},"36":{"loc":{"start":{"line":334,"column":4},"end":{"line":334,"column":36}},"type":"if","locations":[{"start":{"line":334,"column":4},"end":{"line":334,"column":36}},{"start":{},"end":{}}],"line":334},"37":{"loc":{"start":{"line":335,"column":4},"end":{"line":335,"column":36}},"type":"if","locations":[{"start":{"line":335,"column":4},"end":{"line":335,"column":36}},{"start":{},"end":{}}],"line":335},"38":{"loc":{"start":{"line":341,"column":27},"end":{"line":341,"column":95}},"type":"binary-expr","locations":[{"start":{"line":341,"column":27},"end":{"line":341,"column":58}},{"start":{"line":341,"column":62},"end":{"line":341,"column":95}}],"line":341},"39":{"loc":{"start":{"line":342,"column":18},"end":{"line":342,"column":67}},"type":"binary-expr","locations":[{"start":{"line":342,"column":18},"end":{"line":342,"column":40}},{"start":{"line":342,"column":44},"end":{"line":342,"column":67}}],"line":342},"40":{"loc":{"start":{"line":348,"column":4},"end":{"line":348,"column":77}},"type":"if","locations":[{"start":{"line":348,"column":4},"end":{"line":348,"column":77}},{"start":{},"end":{}}],"line":348},"41":{"loc":{"start":{"line":348,"column":8},"end":{"line":348,"column":36}},"type":"binary-expr","locations":[{"start":{"line":348,"column":8},"end":{"line":348,"column":18}},{"start":{"line":348,"column":22},"end":{"line":348,"column":36}}],"line":348},"42":{"loc":{"start":{"line":349,"column":4},"end":{"line":349,"column":70}},"type":"if","locations":[{"start":{"line":349,"column":4},"end":{"line":349,"column":70}},{"start":{},"end":{}}],"line":349},"43":{"loc":{"start":{"line":349,"column":8},"end":{"line":349,"column":27}},"type":"binary-expr","locations":[{"start":{"line":349,"column":8},"end":{"line":349,"column":18}},{"start":{"line":349,"column":22},"end":{"line":349,"column":27}}],"line":349},"44":{"loc":{"start":{"line":361,"column":4},"end":{"line":361,"column":76}},"type":"if","locations":[{"start":{"line":361,"column":4},"end":{"line":361,"column":76}},{"start":{},"end":{}}],"line":361},"45":{"loc":{"start":{"line":361,"column":8},"end":{"line":361,"column":63}},"type":"binary-expr","locations":[{"start":{"line":361,"column":8},"end":{"line":361,"column":36}},{"start":{"line":361,"column":40},"end":{"line":361,"column":63}}],"line":361},"46":{"loc":{"start":{"line":362,"column":4},"end":{"line":362,"column":83}},"type":"if","locations":[{"start":{"line":362,"column":4},"end":{"line":362,"column":83}},{"start":{},"end":{}}],"line":362},"47":{"loc":{"start":{"line":362,"column":8},"end":{"line":362,"column":70}},"type":"binary-expr","locations":[{"start":{"line":362,"column":8},"end":{"line":362,"column":38}},{"start":{"line":362,"column":42},"end":{"line":362,"column":70}}],"line":362},"48":{"loc":{"start":{"line":363,"column":4},"end":{"line":363,"column":76}},"type":"if","locations":[{"start":{"line":363,"column":4},"end":{"line":363,"column":76}},{"start":{},"end":{}}],"line":363},"49":{"loc":{"start":{"line":363,"column":8},"end":{"line":363,"column":63}},"type":"binary-expr","locations":[{"start":{"line":363,"column":8},"end":{"line":363,"column":36}},{"start":{"line":363,"column":40},"end":{"line":363,"column":63}}],"line":363},"50":{"loc":{"start":{"line":364,"column":4},"end":{"line":364,"column":82}},"type":"if","locations":[{"start":{"line":364,"column":4},"end":{"line":364,"column":82}},{"start":{},"end":{}}],"line":364},"51":{"loc":{"start":{"line":364,"column":8},"end":{"line":364,"column":69}},"type":"binary-expr","locations":[{"start":{"line":364,"column":8},"end":{"line":364,"column":39}},{"start":{"line":364,"column":43},"end":{"line":364,"column":69}}],"line":364},"52":{"loc":{"start":{"line":365,"column":4},"end":{"line":365,"column":82}},"type":"if","locations":[{"start":{"line":365,"column":4},"end":{"line":365,"column":82}},{"start":{},"end":{}}],"line":365},"53":{"loc":{"start":{"line":365,"column":8},"end":{"line":365,"column":67}},"type":"binary-expr","locations":[{"start":{"line":365,"column":8},"end":{"line":365,"column":38}},{"start":{"line":365,"column":42},"end":{"line":365,"column":67}}],"line":365},"54":{"loc":{"start":{"line":377,"column":4},"end":{"line":377,"column":80}},"type":"if","locations":[{"start":{"line":377,"column":4},"end":{"line":377,"column":80}},{"start":{},"end":{}}],"line":377},"55":{"loc":{"start":{"line":377,"column":8},"end":{"line":377,"column":67}},"type":"binary-expr","locations":[{"start":{"line":377,"column":8},"end":{"line":377,"column":38}},{"start":{"line":377,"column":42},"end":{"line":377,"column":67}}],"line":377},"56":{"loc":{"start":{"line":378,"column":4},"end":{"line":378,"column":84}},"type":"if","locations":[{"start":{"line":378,"column":4},"end":{"line":378,"column":84}},{"start":{},"end":{}}],"line":378},"57":{"loc":{"start":{"line":378,"column":8},"end":{"line":378,"column":71}},"type":"binary-expr","locations":[{"start":{"line":378,"column":8},"end":{"line":378,"column":40}},{"start":{"line":378,"column":44},"end":{"line":378,"column":71}}],"line":378},"58":{"loc":{"start":{"line":379,"column":4},"end":{"line":379,"column":91}},"type":"if","locations":[{"start":{"line":379,"column":4},"end":{"line":379,"column":91}},{"start":{},"end":{}}],"line":379},"59":{"loc":{"start":{"line":379,"column":8},"end":{"line":379,"column":78}},"type":"binary-expr","locations":[{"start":{"line":379,"column":8},"end":{"line":379,"column":47}},{"start":{"line":379,"column":51},"end":{"line":379,"column":78}}],"line":379},"60":{"loc":{"start":{"line":380,"column":4},"end":{"line":380,"column":91}},"type":"if","locations":[{"start":{"line":380,"column":4},"end":{"line":380,"column":91}},{"start":{},"end":{}}],"line":380},"61":{"loc":{"start":{"line":380,"column":8},"end":{"line":380,"column":78}},"type":"binary-expr","locations":[{"start":{"line":380,"column":8},"end":{"line":380,"column":43}},{"start":{"line":380,"column":47},"end":{"line":380,"column":78}}],"line":380},"62":{"loc":{"start":{"line":381,"column":4},"end":{"line":381,"column":93}},"type":"if","locations":[{"start":{"line":381,"column":4},"end":{"line":381,"column":93}},{"start":{},"end":{}}],"line":381},"63":{"loc":{"start":{"line":381,"column":8},"end":{"line":381,"column":78}},"type":"binary-expr","locations":[{"start":{"line":381,"column":8},"end":{"line":381,"column":41}},{"start":{"line":381,"column":45},"end":{"line":381,"column":78}}],"line":381},"64":{"loc":{"start":{"line":395,"column":76},"end":{"line":395,"column":135}},"type":"cond-expr","locations":[{"start":{"line":395,"column":97},"end":{"line":395,"column":115}},{"start":{"line":395,"column":118},"end":{"line":395,"column":135}}],"line":395},"65":{"loc":{"start":{"line":400,"column":6},"end":{"line":400,"column":84}},"type":"binary-expr","locations":[{"start":{"line":400,"column":6},"end":{"line":400,"column":40}},{"start":{"line":400,"column":44},"end":{"line":400,"column":84}}],"line":400},"66":{"loc":{"start":{"line":403,"column":67},"end":{"line":403,"column":138}},"type":"cond-expr","locations":[{"start":{"line":403,"column":93},"end":{"line":403,"column":108}},{"start":{"line":403,"column":111},"end":{"line":403,"column":138}}],"line":403},"67":{"loc":{"start":{"line":407,"column":11},"end":{"line":407,"column":117}},"type":"cond-expr","locations":[{"start":{"line":407,"column":37},"end":{"line":407,"column":79}},{"start":{"line":407,"column":82},"end":{"line":407,"column":117}}],"line":407},"68":{"loc":{"start":{"line":411,"column":11},"end":{"line":411,"column":134}},"type":"cond-expr","locations":[{"start":{"line":411,"column":38},"end":{"line":411,"column":93}},{"start":{"line":411,"column":96},"end":{"line":411,"column":134}}],"line":411},"69":{"loc":{"start":{"line":417,"column":8},"end":{"line":417,"column":67}},"type":"binary-expr","locations":[{"start":{"line":417,"column":8},"end":{"line":417,"column":48}},{"start":{"line":417,"column":52},"end":{"line":417,"column":67}}],"line":417},"70":{"loc":{"start":{"line":435,"column":70},"end":{"line":435,"column":164}},"type":"cond-expr","locations":[{"start":{"line":435,"column":98},"end":{"line":435,"column":131}},{"start":{"line":435,"column":134},"end":{"line":435,"column":164}}],"line":435},"71":{"loc":{"start":{"line":480,"column":8},"end":{"line":481,"column":60}},"type":"binary-expr","locations":[{"start":{"line":480,"column":8},"end":{"line":480,"column":60}},{"start":{"line":481,"column":8},"end":{"line":481,"column":60}}],"line":480},"72":{"loc":{"start":{"line":485,"column":4},"end":{"line":487,"column":5}},"type":"if","locations":[{"start":{"line":485,"column":4},"end":{"line":487,"column":5}},{"start":{},"end":{}}],"line":485},"73":{"loc":{"start":{"line":490,"column":4},"end":{"line":492,"column":5}},"type":"if","locations":[{"start":{"line":490,"column":4},"end":{"line":492,"column":5}},{"start":{},"end":{}}],"line":490},"74":{"loc":{"start":{"line":495,"column":4},"end":{"line":497,"column":5}},"type":"if","locations":[{"start":{"line":495,"column":4},"end":{"line":497,"column":5}},{"start":{},"end":{}}],"line":495},"75":{"loc":{"start":{"line":514,"column":6},"end":{"line":516,"column":7}},"type":"if","locations":[{"start":{"line":514,"column":6},"end":{"line":516,"column":7}},{"start":{},"end":{}}],"line":514}},"s":{"0":0,"1":0,"2":0,"3":0,"4":0,"5":0,"6":0,"7":0,"8":0,"9":0,"10":0,"11":0,"12":0,"13":0,"14":0,"15":0,"16":0,"17":0,"18":0,"19":0,"20":0,"21":0,"22":0,"23":0,"24":0,"25":0,"26":0,"27":0,"28":0,"29":0,"30":0,"31":0,"32":0,"33":0,"34":0,"35":0,"36":0,"37":0,"38":0,"39":0,"40":0,"41":0,"42":0,"43":0,"44":0,"45":0,"46":0,"47":0,"48":0,"49":0,"50":0,"51":0,"52":0,"53":0,"54":0,"55":0,"56":0,"57":0,"58":0,"59":0,"60":0,"61":0,"62":0,"63":0,"64":0,"65":0,"66":0,"67":0,"68":0,"69":0,"70":0,"71":0,"72":0,"73":0,"74":0,"75":0,"76":0,"77":0,"78":0,"79":0,"80":0,"81":0,"82":0,"83":0,"84":0,"85":0,"86":0,"87":0,"88":0,"89":0,"90":0,"91":0,"92":0,"93":0,"94":0,"95":0,"96":0,"97":0,"98":0,"99":0,"100":0,"101":0,"102":0,"103":0,"104":0,"105":0,"106":0,"107":0,"108":0,"109":0,"110":0,"111":0,"112":0,"113":0,"114":0,"115":0,"116":0,"117":0,"118":0,"119":0,"120":0,"121":0,"122":0,"123":0,"124":0,"125":0,"126":0,"127":0,"128":0,"129":0,"130":0,"131":0,"132":0,"133":0,"134":0,"135":0,"136":0,"137":0,"138":0,"139":0,"140":0,"141":0,"142":0,"143":0,"144":0,"145":0,"146":0,"147":0,"148":0,"149":0,"150":0,"151":0,"152":0,"153":0,"154":0,"155":0,"156":0,"157":0,"158":0,"159":0,"160":0,"161":0,"162":0,"163":0,"164":0,"165":0,"166":0,"167":0,"168":0,"169":0,"170":0,"171":0,"172":0,"173":0,"174":0,"175":0,"176":0,"177":0,"178":0,"179":0,"180":0,"181":0,"182":0,"183":0,"184":0,"185":0,"186":0,"187":0,"188":0,"189":0,"190":0,"191":0,"192":0,"193":0,"194":0,"195":0,"196":0,"197":0,"198":0,"199":0,"200":0,"201":0,"202":0,"203":0,"204":0,"205":0,"206":0,"207":0,"208":0,"209":0,"210":0,"211":0,"212":0,"213":0,"214":0,"215":0,"216":0,"217":0,"218":0,"219":0,"220":0},"f":{"0":0,"1":0,"2":0,"3":0,"4":0,"5":0,"6":0,"7":0,"8":0,"9":0,"10":0,"11":0,"12":0,"13":0,"14":0,"15":0,"16":0,"17":0,"18":0,"19":0,"20":0,"21":0,"22":0,"23":0,"24":0,"25":0,"26":0,"27":0,"28":0,"29":0,"30":0,"31":0,"32":0,"33":0,"34":0,"35":0,"36":0,"37":0,"38":0,"39":0,"40":0,"41":0,"42":0,"43":0,"44":0,"45":0,"46":0,"47":0,"48":0,"49":0,"50":0,"51":0,"52":0,"53":0,"54":0,"55":0,"56":0,"57":0,"58":0,"59":0,"60":0,"61":0,"62":0,"63":0,"64":0,"65":0,"66":0,"67":0,"68":0,"69":0,"70":0,"71":0,"72":0,"73":0,"74":0,"75":0},"b":{"0":[0,0],"1":[0,0],"2":[0,0],"3":[0,0],"4":[0,0],"5":[0,0],"6":[0,0],"7":[0,0],"8":[0,0],"9":[0,0],"10":[0,0],"11":[0,0],"12":[0,0],"13":[0,0],"14":[0,0],"15":[0,0],"16":[0,0],"17":[0,0],"18":[0,0],"19":[0,0],"20":[0,0],"21":[0,0],"22":[0,0],"23":[0,0],"24":[0,0],"25":[0,0],"26":[0,0],"27":[0,0],"28":[0,0],"29":[0,0],"30":[0,0],"31":[0,0],"32":[0,0],"33":[0,0,0],"34":[0,0],"35":[0,0],"36":[0,0],"37":[0,0],"38":[0,0],"39":[0,0],"40":[0,0],"41":[0,0],"42":[0,0],"43":[0,0],"44":[0,0],"45":[0,0],"46":[0,0],"47":[0,0],"48":[0,0],"49":[0,0],"50":[0,0],"51":[0,0],"52":[0,0],"53":[0,0],"54":[0,0],"55":[0,0],"56":[0,0],"57":[0,0],"58":[0,0],"59":[0,0],"60":[0,0],"61":[0,0],"62":[0,0],"63":[0,0],"64":[0,0],"65":[0,0],"66":[0,0],"67":[0,0],"68":[0,0],"69":[0,0],"70":[0,0],"71":[0,0],"72":[0,0],"73":[0,0],"74":[0,0],"75":[0,0]}}
,"D:\\Web Projects\\AI CV Evaluator\\services\\aiService.js": {"path":"D:\\Web Projects\\AI CV Evaluator\\services\\aiService.js","statementMap":{"0":{"start":{"line":2,"column":0},"end":{"line":2,"column":27}},"1":{"start":{"line":3,"column":15},"end":{"line":3,"column":32}},"2":{"start":{"line":4,"column":17},"end":{"line":4,"column":38}},"3":{"start":{"line":8,"column":4},"end":{"line":8,"column":45}},"4":{"start":{"line":9,"column":4},"end":{"line":9,"column":59}},"5":{"start":{"line":10,"column":4},"end":{"line":10,"column":69}},"6":{"start":{"line":11,"column":4},"end":{"line":11,"column":65}},"7":{"start":{"line":13,"column":4},"end":{"line":17,"column":6}},"8":{"start":{"line":19,"column":4},"end":{"line":30,"column":5}},"9":{"start":{"line":20,"column":6},"end":{"line":20,"column":88}},"10":{"start":{"line":21,"column":6},"end":{"line":21,"column":35}},"11":{"start":{"line":22,"column":6},"end":{"line":22,"column":25}},"12":{"start":{"line":24,"column":6},"end":{"line":24,"column":58}},"13":{"start":{"line":25,"column":6},"end":{"line":25,"column":51}},"14":{"start":{"line":26,"column":6},"end":{"line":26,"column":36}},"15":{"start":{"line":27,"column":6},"end":{"line":29,"column":9}},"16":{"start":{"line":41,"column":4},"end":{"line":41,"column":60}},"17":{"start":{"line":43,"column":19},"end":{"line":60,"column":94}},"18":{"start":{"line":62,"column":4},"end":{"line":78,"column":5}},"19":{"start":{"line":63,"column":23},"end":{"line":66,"column":8}},"20":{"start":{"line":68,"column":21},"end":{"line":68,"column":48}},"21":{"start":{"line":69,"column":6},"end":{"line":69,"column":70}},"22":{"start":{"line":70,"column":6},"end":{"line":70,"column":68}},"23":{"start":{"line":71,"column":6},"end":{"line":71,"column":74}},"24":{"start":{"line":73,"column":6},"end":{"line":73,"column":20}},"25":{"start":{"line":76,"column":6},"end":{"line":76,"column":71}},"26":{"start":{"line":77,"column":6},"end":{"line":77,"column":48}},"27":{"start":{"line":85,"column":4},"end":{"line":85,"column":71}},"28":{"start":{"line":88,"column":23},"end":{"line":88,"column":65}},"29":{"start":{"line":90,"column":19},"end":{"line":117,"column":2}},"30":{"start":{"line":119,"column":4},"end":{"line":134,"column":5}},"31":{"start":{"line":120,"column":23},"end":{"line":123,"column":8}},"32":{"start":{"line":125,"column":21},"end":{"line":125,"column":48}},"33":{"start":{"line":126,"column":6},"end":{"line":126,"column":37}},"34":{"start":{"line":128,"column":6},"end":{"line":128,"column":82}},"35":{"start":{"line":129,"column":6},"end":{"line":129,"column":20}},"36":{"start":{"line":132,"column":6},"end":{"line":132,"column":71}},"37":{"start":{"line":133,"column":6},"end":{"line":133,"column":51}},"38":{"start":{"line":141,"column":4},"end":{"line":141,"column":57}},"39":{"start":{"line":143,"column":19},"end":{"line":155,"column":46}},"40":{"start":{"line":147,"column":69},"end":{"line":147,"column":81}},"41":{"start":{"line":147,"column":98},"end":{"line":147,"column":99}},"42":{"start":{"line":148,"column":64},"end":{"line":148,"column":76}},"43":{"start":{"line":148,"column":93},"end":{"line":148,"column":94}},"44":{"start":{"line":157,"column":4},"end":{"line":169,"column":5}},"45":{"start":{"line":158,"column":23},"end":{"line":161,"column":8}},"46":{"start":{"line":163,"column":6},"end":{"line":163,"column":54}},"47":{"start":{"line":164,"column":6},"end":{"line":164,"column":29}},"48":{"start":{"line":167,"column":6},"end":{"line":167,"column":69}},"49":{"start":{"line":168,"column":6},"end":{"line":168,"column":56}},"50":{"start":{"line":176,"column":4},"end":{"line":176,"column":70}},"51":{"start":{"line":178,"column":23},"end":{"line":178,"column":70}},"52":{"start":{"line":180,"column":19},"end":{"line":205,"column":2}},"53":{"start":{"line":207,"column":4},"end":{"line":222,"column":5}},"54":{"start":{"line":208,"column":23},"end":{"line":211,"column":8}},"55":{"start":{"line":213,"column":21},"end":{"line":213,"column":48}},"56":{"start":{"line":214,"column":6},"end":{"line":214,"column":37}},"57":{"start":{"line":216,"column":6},"end":{"line":216,"column":95}},"58":{"start":{"line":217,"column":6},"end":{"line":217,"column":20}},"59":{"start":{"line":220,"column":6},"end":{"line":220,"column":76}},"60":{"start":{"line":221,"column":6},"end":{"line":221,"column":55}},"61":{"start":{"line":229,"column":4},"end":{"line":229,"column":62}},"62":{"start":{"line":231,"column":19},"end":{"line":246,"column":31}},"63":{"start":{"line":248,"column":4},"end":{"line":260,"column":5}},"64":{"start":{"line":249,"column":23},"end":{"line":252,"column":8}},"65":{"start":{"line":254,"column":6},"end":{"line":254,"column":59}},"66":{"start":{"line":255,"column":6},"end":{"line":255,"column":29}},"67":{"start":{"line":258,"column":6},"end":{"line":258,"column":74}},"68":{"start":{"line":259,"column":6},"end":{"line":259,"column":69}},"69":{"start":{"line":267,"column":4},"end":{"line":267,"column":74}},"70":{"start":{"line":269,"column":19},"end":{"line":283,"column":63}},"71":{"start":{"line":285,"column":4},"end":{"line":297,"column":5}},"72":{"start":{"line":286,"co
[...]
ne":233,"column":37}},"44":{"start":{"line":237,"column":31},"end":{"line":237,"column":88}},"45":{"start":{"line":238,"column":8},"end":{"line":238,"column":43}},"46":{"start":{"line":242,"column":27},"end":{"line":242,"column":59}},"47":{"start":{"line":244,"column":29},"end":{"line":250,"column":46}},"48":{"start":{"line":245,"column":27},"end":{"line":248,"column":13}},"49":{"start":{"line":249,"column":28},"end":{"line":249,"column":42}},"50":{"start":{"line":250,"column":28},"end":{"line":250,"column":45}},"51":{"start":{"line":253,"column":8},"end":{"line":255,"column":37}},"52":{"start":{"line":255,"column":25},"end":{"line":255,"column":35}},"53":{"start":{"line":259,"column":27},"end":{"line":259,"column":59}},"54":{"start":{"line":260,"column":20},"end":{"line":260,"column":21}},"55":{"start":{"line":262,"column":8},"end":{"line":268,"column":11}},"56":{"start":{"line":263,"column":12},"end":{"line":267,"column":15}},"57":{"start":{"line":264,"column":16},"end":{"line":266,"column":17}},"58":{"start":{"line":265,"column":20},"end":{"line":265,"column":58}},"59":{"start":{"line":271,"column":8},"end":{"line":273,"column":9}},"60":{"start":{"line":271,"column":36},"end":{"line":271,"column":70}},"61":{"start":{"line":272,"column":12},"end":{"line":272,"column":23}},"62":{"start":{"line":275,"column":8},"end":{"line":275,"column":21}},"63":{"start":{"line":280,"column":32},"end":{"line":280,"column":113}},"64":{"start":{"line":281,"column":25},"end":{"line":281,"column":97}},"65":{"start":{"line":283,"column":8},"end":{"line":286,"column":10}},"66":{"start":{"line":290,"column":30},"end":{"line":290,"column":115}},"67":{"start":{"line":291,"column":30},"end":{"line":291,"column":109}},"68":{"start":{"line":293,"column":8},"end":{"line":296,"column":10}},"69":{"start":{"line":301,"column":22},"end":{"line":301,"column":74}},"70":{"start":{"line":301,"column":62},"end":{"line":301,"column":73}},"71":{"start":{"line":302,"column":30},"end":{"line":302,"column":92}},"72":{"start":{"line":302,"column":49},"end":{"line":302,"column":91}},"73":{"start":{"line":303,"column":27},"end":{"line":303,"column":87}},"74":{"start":{"line":303,"column":46},"end":{"line":303,"column":86}},"75":{"start":{"line":305,"column":8},"end":{"line":309,"column":10}},"76":{"start":{"line":313,"column":8},"end":{"line":318,"column":10}},"77":{"start":{"line":322,"column":8},"end":{"line":328,"column":10}},"78":{"start":{"line":332,"column":8},"end":{"line":332,"column":79}},"79":{"start":{"line":336,"column":22},"end":{"line":336,"column":38}},"80":{"start":{"line":337,"column":29},"end":{"line":337,"column":80}},"81":{"start":{"line":337,"column":53},"end":{"line":337,"column":79}},"82":{"start":{"line":339,"column":8},"end":{"line":339,"column":43}},"83":{"start":{"line":339,"column":33},"end":{"line":339,"column":43}},"84":{"start":{"line":341,"column":29},"end":{"line":341,"column":31}},"85":{"start":{"line":342,"column":8},"end":{"line":349,"column":9}},"86":{"start":{"line":342,"column":21},"end":{"line":342,"column":37}},"87":{"start":{"line":343,"column":25},"end":{"line":343,"column":40}},"88":{"start":{"line":344,"column":12},"end":{"line":348,"column":13}},"89":{"start":{"line":345,"column":16},"end":{"line":345,"column":60}},"90":{"start":{"line":346,"column":19},"end":{"line":348,"column":13}},"91":{"start":{"line":347,"column":16},"end":{"line":347,"column":22}},"92":{"start":{"line":351,"column":8},"end":{"line":351,"column":28}},"93":{"start":{"line":355,"column":22},"end":{"line":355,"column":40}},"94":{"start":{"line":356,"column":27},"end":{"line":356,"column":79}},"95":{"start":{"line":356,"column":51},"end":{"line":356,"column":78}},"96":{"start":{"line":358,"column":8},"end":{"line":358,"column":75}},"97":{"start":{"line":358,"column":31},"end":{"line":358,"column":75}},"98":{"start":{"line":360,"column":24},"end":{"line":360,"column":26}},"99":{"start":{"line":361,"column":8},"end":{"line":366,"column":9}},"100":{"start":{"line":361,"column":21},"end":{"line":361,"column":31}},"101":{"start":{"line":362,"column":25},"end":{"line":362,"column":40}},"102":{"start":{"line":363,"column":12},"end":{"line":365,"column":13}},"103":{"start":{"line":364,"column":16},"end":{"line":364,"column":35}},"104":{"start":{"line":368,"column":8},"end":{"line":368,"column":33}},"105":{"start":{"line":373,"column":8},"end":{"line":378,"column":10}},"106":{"start":{"line":376,"column":62},"end":{"line":376,"column":74}},"107":{"start":{"line":377,"column":61},"end":{"line":377,"column":84}},"108":{"start":{"line":382,"column":27},"end":{"line":382,"column":59}},"109":{"start":{"line":384,"column":24},"end":{"line":392,"column":28}},"110":{"start":{"line":384,"column":51},"end":{"line":389,"column":9}},"111":{"start":{"line":390,"column":30},"end":{"line":390,"column":55}},"112":{"start":{"line":391,"column":28},"end":{"line":391,"column":63}},"113":{"start":{"line":394,"column":8},"end":{"line":394,"column":23}},"114":{"start":{"line":398,"column":0},"end":{"line":398,"column":32}}},"fnMap":{"0":{"name":"(anonymous_0)","decl":{"start":{"line":3,"column":4},"end":{"line":3,"column":5}},"loc":{"start":{"line":3,"column":18},"end":{"line":7,"column":5}},"line":3},"1":{"name":"(anonymous_1)","decl":{"start":{"line":9,"column":4},"end":{"line":9,"column":5}},"loc":{"start":{"line":9,"column":23},"end":{"line":23,"column":5}},"line":9},"2":{"name":"(anonymous_2)","decl":{"start":{"line":25,"column":4},"end":{"line":25,"column":5}},"loc":{"start":{"line":25,"column":32},"end":{"line":69,"column":5}},"line":25},"3":{"name":"(anonymous_3)","decl":{"start":{"line":71,"column":4},"end":{"line":71,"column":5}},"loc":{"start":{"line":71,"column":30},"end":{"line":165,"column":5}},"line":71},"4":{"name":"(anonymous_4)","decl":{"start":{"line":167,"column":4},"end":{"line":167,"column":5}},"loc":{"start":{"line":167,"column":47},"end":{"line":179,"column":5}},"line":167},"5":{"name":"(anonymous_5)","decl":{"start":{"line":181,"column":4},"end":{"line":181,"column":5}},"loc":{"start":{"line":181,"column":27},"end":{"line":187,"column":5}},"line":181},"6":{"name":"(anonymous_6)","decl":{"start":{"line":185,"column":20},"end":{"line":185,"column":21}},"loc":{"start":{"line":185,"column":29},"end":{"line":185,"column":53}},"line":185},"7":{"name":"(anonymous_7)","decl":{"start":{"line":186,"column":17},"end":{"line":186,"column":18}},"loc":{"start":{"line":186,"column":26},"end":{"line":186,"column":38}},"line":186},"8":{"name":"(anonymous_8)","decl":{"start":{"line":189,"column":4},"end":{"line":189,"column":5}},"loc":{"start":{"line":189,"column":26},"end":{"line":206,"column":5}},"line":189},"9":{"name":"(anonymous_9)","decl":{"start":{"line":192,"column":21},"end":{"line":192,"column":22}},"loc":{"start":{"line":193,"column":16},"end":{"line":193,"column":298}},"line":193},"10":{"name":"(anonymous_10)","decl":{"start":{"line":198,"column":25},"end":{"line":198,"column":26}},"loc":{"start":{"line":198,"column":33},"end":{"line":200,"column":9}},"line":198},"11":{"name":"(anonymous_11)","decl":{"start":{"line":203,"column":18},"end":{"line":203,"column":19}},"loc":{"start":{"line":203,"column":28},"end":{"line":203,"column":39}},"line":203},"12":{"name":"(anonymous_12)","decl":{"start":{"line":205,"column":17},"end":{"line":205,"column":18}},"loc":{"start":{"line":205,"column":29},"end":{"line":205,"column":33}},"line":205},"13":{"name":"(anonymous_13)","decl":{"start":{"line":209,"column":4},"end":{"line":209,"column":5}},"loc":{"start":{"line":209,"column":43},"end":{"line":223,"column":5}},"line":209},"14":{"name":"(anonymous_14)","decl":{"start":{"line":210,"column":43},"end":{"line":210,"column":44}},"loc":{"start":{"line":210,"column":50},"end":{"line":210,"column":79}},"line":210},"15":{"name":"(anonymous_15)","decl":{"start":{"line":225,"column":4},"end":{"line":225,"column":5}},"loc":{"start":{"line":225,"column":50},"end":{"line":239,"column":5}},"line":225},"16":{"name":"(anonymous_16)","decl":{"start":{"line":226,"column":46},"end":{"line":226,"column":47}},"loc":{"start":{"line":226,"column":53},"end":{"line":226,"column":80}},"line":226},"17":{"name":"(anonymous_17)","decl":{"start":{"line":241,"column":4},"end":{"line":241,"column":5}},"loc":{"start":{"line":241,"column":38},"end":{"line":256,"column":5}},"line":241},"18":{"name":"(anonymous_18)","decl":{"start":{"line":245,"column":17},"end":{"line":245,"column":18}},"loc":{"start":{"line":245,"column":27},"end":{"line":248,"column":13}},"line":245},"19":{"name":"(anonymous_19)","decl":{"start":{"line":249,"column":20},"end":{"line":249,"column":21}},"loc":{"start":{"line":249,"column":28},"end":{"line":249,"column":42}},"line":249},"20":{"name":"(anonymous_20)","decl":{"start":{"line":250,"column":18},"end":{"line":250,"column":19}},"loc":{"start":{"line":250,"column":28},"end":{"line":250,"column":45}},"line":250},"21":{"name":"(anonymous_21)","decl":{"start":{"line":255,"column":17},"end":{"line":255,"column":18}},"loc":{"start":{"line":255,"column":25},"end":{"line":255,"column":35}},"line":255},"22":{"name":"(anonymous_22)","decl":{"start":{"line":258,"column":4},"end":{"line":258,"column":5}},"loc":{"start":{"line":258,"column":47},"end":{"line":276,"column":5}},"line":258},"23":{"name":"(anonymous_23)","decl":{"start":{"line":262,"column":27},"end":{"line":262,"column":28}},"loc":{"start":{"line":262,"column":40},"end":{"line":268,"column":9}},"line":262},"24":{"name":"(anonymous_24)","decl":{"start":{"line":263,"column":31},"end":{"line":263,"column":32}},"loc":{"start":{"line":263,"column":44},"end":{"line":267,"column":13}},"line":263},"25":{"name":"(anonymous_25)","decl":{"start":{"line":271,"column":28},"end":{"line":271,"column":29}},"loc":{"start":{"line":271,"column":36},"end":{"line":271,"column":70}},"line":271},"26":{"name":"(anonymous_26)","decl":{"start":{"line":279,"column":4},"end":{"line":279,"column":5}},"loc":{"start":{"line":279,"column":38},"end":{"line":287,"column":5}},"line":279},"27":{"name":"(anonymous_27)","decl":{"start":{"line":289,"column":4},"end":{"line":289,"column":5}},"loc":{"start":{"line":289,"column":43},"end":{"line":297,"column":5}},"line":289},"28":{"name":"(anonymous_28)","decl":{"start":{"line":299,"column":4},"end":{"line":299,"column":5}},"loc":{"start":{"line":299,"column":36},"end":{"line":310,"column":5}},"line":299},"29":{"name":"(anonymous_29)","decl":{"start":{"line":301,"column":54},"end":{"line":301,"column":55}},"loc":{"start":{"line":301,"column":62},"end":{"line":301,"column":73}},"line":301},"30":{"name":"(anonymous_30)","decl":{"start":{"line":302,"column":41},"end":{"line":302,"column":42}},"loc":{"start":{"line":302,"column":49},"end":{"line":302,"column":91}},"line":302},"31":{"name":"(anonymous_31)","decl":{"start":{"line":303,"column":38},"end":{"line":303,"column":39}},"loc":{"start":{"line":303,"column":46},"end":{"line":303,"column":86}},"line":303},"32":{"name":"(anonymous_32)","decl":{"start":{"line":312,"column":4},"end":{"line":312,"column":5}},"loc":{"start":{"line":312,"column":32},"end":{"line":319,"column":5}},"line":312},"33":{"name":"(anonymous_33)","decl":{"start":{"line":321,"column":4},"end":{"line":321,"column":5}},"loc":{"start":{"line":321,"column":35},"end":{"line":329,"column":5}},"line":321},"34":{"name":"(anonymous_34)","decl":{"start":{"line":331,"column":4},"end":{"line":331,"column":5}},"loc":{"start":{"line":331,"column":47},"end":{"line":333,"column":5}},"line":331},"35":{"name":"(anonymous_35)","decl":{"start":{"line":335,"column":4},"end":{"line":335,"column":5}},"loc":{"start":{"line":335,"column":43},"end":{"line":352,"column":5}},"line":335},"36":{"name":"(anonymous_36)","decl":{"start":{"line":337,"column":45},"end":{"line":337,"column":46}},"loc":{"start":{"line":337,"column":53},"end":{"line":337,"column":79}},"line":337},"37":{"name":"(anonymous_37)","decl":{"start":{"line":354,"column":4},"end":{"line":354,"column":5}},"loc":{"start":{"line":354,"column":48},"end":{"line":369,"column":5}},"line":354},"38":{"name":"(anonymous_38)","decl":{"start":{"line":356,"column":43},"end":{"line":356,"column":44}},"loc":{"start":{"line":356,"column":51},"end":{"line":356,"column":78}},"line":356},"39":{"name":"(anonymous_39)","decl":{"start":{"line":372,"column":4},"end":{"line":372,"column":5}},"loc":{"start":{"line":372,"column":16},"end":{"line":379,"column":5}},"line":372},"40":{"name":"(anonymous_40)","decl":{"start":{"line":376,"column":55},"end":{"line":376,"column":56}},"loc":{"start":{"line":376,"column":62},"end":{"line":376,"column":74}},"line":376},"41":{"name":"(anonymous_41)","decl":{"start":{"line":377,"column":47},"end":{"line":377,"column":48}},"loc":{"start":{"line":377,"column":61},"end":{"line":377,"column":84}},"line":377},"42":{"name":"(anonymous_42)","decl":{"start":{"line":381,"column":4},"end":{"line":381,"column":5}},"loc":{"start":{"line":381,"column":38},"end":{"line":395,"column":5}},"line":381},"43":{"name":"(anonymous_43)","decl":{"start":{"line":384,"column":43},"end":{"line":384,"column":44}},"loc":{"start":{"line":384,"column":51},"end":{"line":389,"column":9}},"line":384},"44":{"name":"(anonymous_44)","decl":{"start":{"line":390,"column":20},"end":{"line":390,"column":21}},"loc":{"start":{"line":390,"column":30},"end":{"line":390,"column":55}},"line":390},"45":{"name":"(anonymous_45)","decl":{"start":{"line":391,"column":18},"end":{"line":391,"column":19}},"loc":{"start":{"line":391,"column":28},"end":{"line":391,"column":63}},"line":391}},"branchMap":{"0":{"loc":{"start":{"line":190,"column":25},"end":{"line":194,"column":19}},"type":"binary-expr","locations":[{"start":{"line":190,"column":25},"end":{"line":194,"column":13}},{"start":{"line":194,"column":17},"end":{"line":194,"column":19}}],"line":190},"1":{"loc":{"start":{"line":199,"column":31},"end":{"line":199,"column":51}},"type":"binary-expr","locations":[{"start":{"line":199,"column":31},"end":{"line":199,"column":46}},{"start":{"line":199,"column":50},"end":{"line":199,"column":51}}],"line":199},"2":{"loc":{"start":{"line":209,"column":29},"end":{"line":209,"column":41}},"type":"default-arg","locations":[{"start":{"line":209,"column":37},"end":{"line":209,"column":41}}],"line":209},"3":{"loc":{"start":{"line":212,"column":8},"end":{"line":214,"column":9}},"type":"if","locations":[{"start":{"line":212,"column":8},"end":{"line":214,"column":9}},{"start":{},"end":{}}],"line":212},"4":{"loc":{"start":{"line":216,"column":8},"end":{"line":218,"column":9}},"type":"if","locations":[{"start":{"line":216,"column":8},"end":{"line":218,"column":9}},{"start":{},"end":{}}],"line":216},"5":{"loc":{"start":{"line":225,"column":27},"end":{"line":225,"column":48}},"type":"default-arg","locations":[{"start":{"line":225,"column":44},"end":{"line":225,"column":48}}],"line":225},"6":{"loc":{"start":{"line":228,"column":8},"end":{"line":230,"column":9}},"type":"if","locations":[{"start":{"line":228,"column":8},"end":{"line":230,"column":9}},{"start":{},"end":{}}],"line":228},"7":{"loc":{"start":{"line":232,"column":8},"end":{"line":234,"column":9}},"type":"if","locations":[{"start":{"line":232,"column":8},"end":{"line":234,"column":9}},{"start":{},"end":{}}],"line":232},"8":{"loc":{"start":{"line":264,"column":16},"end":{"line":266,"column":17}},"type":"if","locations":[{"start":{"line":264,"column":16},"end":{"line":266,"column":17}},{"start":{},"end":{}}],"line":264},"9":{"loc":{"start":{"line":264,"column":20},"end":{"line":264,"column":82}},"type":"binary-expr","locations":[{"start":{"line":264,"column":20},"end":{"line":264,"column":49}},{"start":{"line":264,"column":53},"end":{"line":264,"column":82}}],"line":264},"10":{"loc":{"start":{"line":265,"column":29},"end":{"line":265,"column":57}},"type":"cond-expr","locations":[{"start":{"line":265,"column":52},"end":{"line":265,"column":53}},{"start":{"line":265,"column":56},"end":{"line":265,"column":57}}],"line":265},"11":{"loc":{"start":{"line":271,"column":8},"end":{"line":273,"column":9}},"type":"if","locations":[{"start":{"line":271,"column":8},"end":{"line":273,"column":9}},{"start":{},"end":{}}],"line":271},"12":{"loc":{"start":{"line":339,"column":8},"end":{"line":339,"column":43}},"type":"if","locations":[{"start":{"line":339,"column":8},"end":{"line":339,"column":43}},{"start":{},"end":{}}],"line":339},"13":{"loc":{"start":{"line":344,"column":12},"end":{"line":348,"column":13}},"type":"if","locations":[{"start":{"line":344,"column":12},"end":{"line":348,"column":13}},{"start":{"line":346,"column":19},"end":{"line":348,"column":13}}],"line":344},"14":{"loc":{"start":{"line":344,"column":16},"end":{"line":344,"column":60}},"type":"binary-expr","locations":[{"start":{"line":344,"column":16},"end":{"line":344,"column":36}},{"start":{"line":344,"column":40},"end":{"line":344,"column":60}}],"line":344},"15":{"loc":{"start":{"line":346,"column":19},"end":{"line":348,"column":13}},"type":"if","locations":[{"start":{"line":346,"column":19},"end":{"line":348,"column":13}},{"start":{},"end":{}}],"line":346},"16":{"loc":{"start":{"line":346,"column":23},"end":{"line":346,"column":79}},"type":"binary-expr","locations":[{"start":{"line":346,"column":23},"end":{"line":346,"column":27}},{"start":{"line":346,"column":31},"end":{"line":346,"column":52}},{"start":{"line":346,"column":56},"end":{"line":346,"column":79}}],"line":346},"17":{"loc":{"start":{"line":358,"column":8},"end":{"line":358,"column":75}},"type":"if","locations":[{"start":{"line":358,"column":8},"end":{"line":358,"column":75}},{"start":{},"end":{}}],"line":358},"18":{"loc":{"start":{"line":361,"column":33},"end":{"line":361,"column":72}},"type":"binary-expr","locations":[{"start":{"line":361,"column":33},"end":{"line":361,"column":49}},{"start":{"line":361,"column":53},"end":{"line":361,"column":72}}],"line":361},"19":{"loc":{"start":{"line":363,"column":12},"end":{"line":365,"column":13}},"type":"if","locations":[{"start":{"line":363,"column":12},"end":{"line":365,"column":13}},{"start":{},"end":{}}],"line":363},"20":{"loc":{"start":{"line":363,"column":16},"end":{"line":363,"column":68}},"type":"binary-expr","locations":[{"start":{"line":363,"column":16},"end":{"line":363,"column":40}},{"start":{"line":363,"column":44},"end":{"line":363,"column":68}}],"line":363},"21":{"loc":{"start":{"line":381,"column":27},"end":{"line":381,"column":36}},"type":"default-arg","locations":[{"start":{"line":381,"column":35},"end":{"line":381,"column":36}}],"line":381}},"s":{"0":1,"1":1,"2":1,"3":0,"4":0,"5":0,"6":0,"7":0,"8":0,"9":0,"10":0,"11":0,"12":0,"13":0,"14":0,"15":0,"16":0,"17":0,"18":0,"19":0,"20":0,"21":0,"22":0,"23":0,"24":0,"25":0,"26":0,"27":0,"28":0,"29":0,"30":1,"31":0,"32":1,"33":1,"34":0,"35":0,"36":0,"37":0,"38":0,"39":0,"40":0,"41":0,"42":0,"43":0,"44":0,"45":0,"46":0,"47":0,"48":0,"49":0,"50":0,"51":0,"52":0,"53":0,"54":0,"55":0,"56":0,"57":0,"58":0,"59":0,"60":0,"61":0,"62":0,"63":1,"64":0,"65":0,"66":0,"67":0,"68":0,"69":0,"70":0,"71":0,"72":0,"73":0,"74":0,"75":0,"76":0,"77":0,"78":0,"79":0,"80":0,"81":0,"82":0,"83":0,"84":0,"85":0,"86":0,"87":0,"88":0,"89":0,"90":0,"91":0,"92":0,"93":0,"94":0,"95":0,"96":0,"97":0,"98":0,"99":0,"100":0,"101":0,"102":0,"103":0,"104":0,"105":3,"106":0,"107":0,"108":1,"109":1,"110":0,"111":0,"112":0,"113":1,"114":1},"f":{"0":1,"1":0,"2":0,"3":0,"4":0,"5":0,"6":0,"7":0,"8":0,"9":0,"10":0,"11":0,"12":0,"13":1,"14":0,"15":0,"16":0,"17":0,"18":0,"19":0,"20":0,"21":0,"22":0,"23":0,"24":0,"25":0,"26":1,"27":0,"28":0,"29":0,"30":0,"31":0,"32":0,"33":0,"34":0,"35":0,"36":0,"37":0,"38":0,"39":3,"40":0,"41":0,"42":1,"43":0,"44":0,"45":0},"b":{"0":[0,0],"1":[0,0],"2":[0],"3":[1,0],"4":[0,0],"5":[0],"6":[0,0],"7":[0,0],"8":[0,0],"9":[0,0],"10":[0,0],"11":[0,0],"12":[0,0],"13":[0,0],"14":[0,0],"15":[0,0],"16":[0,0,0],"17":[0,0],"18":[0,0],"19":[0,0],"20":[0,0],"21":[0]},"_coverageSchema":"1a1c01bbd47fc00a2c39e90264f33305004495a9","hash":"b2113d89443d7161bb0917ae935cafc3efc0cdd8"}
}
