{"D:\\Web Projects\\AI CV Evaluator\\server.js": {"path":"D:\\Web Projects\\AI CV Evaluator\\server.js","statementMap":{"0":{"start":{"line":2,"column":16},"end":{"line":2,"column":34}},"1":{"start":{"line":3,"column":13},"end":{"line":3,"column":28}},"2":{"start":{"line":4,"column":15},"end":{"line":4,"column":32}},"3":{"start":{"line":5,"column":23},"end":{"line":5,"column":38}},"4":{"start":{"line":6,"column":11},"end":{"line":6,"column":24}},"5":{"start":{"line":7,"column":13},"end":{"line":7,"column":28}},"6":{"start":{"line":10,"column":18},"end":{"line":10,"column":49}},"7":{"start":{"line":11,"column":17},"end":{"line":11,"column":47}},"8":{"start":{"line":13,"column":12},"end":{"line":13,"column":21}},"9":{"start":{"line":14,"column":13},"end":{"line":14,"column":37}},"10":{"start":{"line":20,"column":0},"end":{"line":20,"column":16}},"11":{"start":{"line":21,"column":0},"end":{"line":21,"column":24}},"12":{"start":{"line":22,"column":0},"end":{"line":22,"column":48}},"13":{"start":{"line":25,"column":15},"end":{"line":42,"column":2}},"14":{"start":{"line":31,"column":29},"end":{"line":35,"column":9}},"15":{"start":{"line":36,"column":8},"end":{"line":40,"column":9}},"16":{"start":{"line":37,"column":12},"end":{"line":37,"column":27}},"17":{"start":{"line":39,"column":12},"end":{"line":39,"column":91}},"18":{"start":{"line":45,"column":0},"end":{"line":48,"column":1}},"19":{"start":{"line":46,"column":4},"end":{"line":46,"column":28}},"20":{"start":{"line":47,"column":4},"end":{"line":47,"column":48}},"21":{"start":{"line":54,"column":22},"end":{"line":54,"column":31}},"22":{"start":{"line":55,"column":23},"end":{"line":55,"column":32}},"23":{"start":{"line":64,"column":0},"end":{"line":85,"column":3}},"24":{"start":{"line":65,"column":4},"end":{"line":84,"column":7}},"25":{"start":{"line":90,"column":0},"end":{"line":161,"column":3}},"26":{"start":{"line":94,"column":4},"end":{"line":160,"column":5}},"27":{"start":{"line":95,"column":8},"end":{"line":95,"column":50}},"28":{"start":{"line":98,"column":8},"end":{"line":107,"column":9}},"29":{"start":{"line":99,"column":12},"end":{"line":106,"column":15}},"30":{"start":{"line":109,"column":25},"end":{"line":109,"column":33}},"31":{"start":{"line":110,"column":23},"end":{"line":110,"column":38}},"32":{"start":{"line":111,"column":28},"end":{"line":111,"column":48}},"33":{"start":{"line":114,"column":27},"end":{"line":132,"column":9}},"34":{"start":{"line":134,"column":8},"end":{"line":134,"column":48}},"35":{"start":{"line":136,"column":8},"end":{"line":136,"column":66}},"36":{"start":{"line":137,"column":8},"end":{"line":137,"column":93}},"37":{"start":{"line":138,"column":8},"end":{"line":138,"column":108}},"38":{"start":{"line":140,"column":8},"end":{"line":152,"column":11}},"39":{"start":{"line":155,"column":8},"end":{"line":155,"column":48}},"40":{"start":{"line":156,"column":8},"end":{"line":159,"column":11}},"41":{"start":{"line":166,"column":0},"end":{"line":203,"column":3}},"42":{"start":{"line":167,"column":4},"end":{"line":202,"column":5}},"43":{"start":{"line":168,"column":25},"end":{"line":168,"column":38}},"44":{"start":{"line":169,"column":27},"end":{"line":169,"column":54}},"45":{"start":{"line":171,"column":8},"end":{"line":176,"column":9}},"46":{"start":{"line":172,"column":12},"end":{"line":175,"column":15}},"47":{"start":{"line":178,"column":8},"end":{"line":194,"column":11}},"48":{"start":{"line":197,"column":8},"end":{"line":197,"column":53}},"49":{"start":{"line":198,"column":8},"end":{"line":201,"column":11}},"50":{"start":{"line":208,"column":0},"end":{"line":253,"column":3}},"51":{"start":{"line":209,"column":4},"end":{"line":252,"column":5}},"52":{"start":{"line":210,"column":29},"end":{"line":210,"column":37}},"53":{"start":{"line":211,"column":8},"end":{"line":211,"column":62}},"54":{"start":{"line":214,"column":8},"end":{"line":220,"column":9}},"55":{"start":{"line":215,"column":12},"end":{"line":219,"column":15}},"56":{"start":{"line":222,"column":29},"end":{"line":222,"column":37}},"57":{"start":{"line":225,"column":8},"end":{"line":231,"column":11}},"58":{"start":{"line":233,"column":8},"end":{"line":233,"column":60}},"59":{"start":{"line":236,"column":8},"end":{"line":236,"column":50}},"60":{"start":{"line":238,"column":8},"end":{"line":244,"column":11}},"61":{"start":{"line":247,"column":8},"end":{"line":247,"column":58}},"62":{"start":{"line":248,"column":8},"end":{"line":251,"column":11}},"63":{"start":{"line":258,"column":0},"end":{"line":307,"column":3}},"64":{"start":{"line":259,"column":4},"end":{"line":306,"column":5}},"65":{"start":{"line":260,"column":29},"end":{"line":260,"column":42}},"66":{"start":{"line":261,"column":8},"end":{"line":261,"column":62}},"67":{"start":{"line":263,"column":8},"end":{"line":269,"column":9}},"68":{"start":{"line":264,"column":12},"end":{"line":268,"column":15}},"69":{"start":{"line":271,"column":20},"end":{"line":271,"column":52}},"70":{"start":{"line":273,"column":8},"end":{"line":298,"column":9}},"71":{"start":{"line":274,"column":12},"end":{"line":281,"column":15}},"72":{"start":{"line":282,"column":15},"end":{"line":298,"column":9}},"73":{"start":{"line":283,"column":12},"end":{"line":289,"column":15}},"74":{"start":{"line":291,"column":12},"end":{"line":297,"column":15}},"75":{"start":{"line":301,"column":8},"end":{"line":301,"column":54}},"76":{"start":{"line":302,"column":8},"end":{"line":305,"column":11}},"77":{"start":{"line":312,"column":0},"end":{"line":342,"column":3}},"78":{"start":{"line":313,"column":4},"end":{"line":341,"column":5}},"79":{"start":{"line":314,"column":31},"end":{"line":314,"column":51}},"80":{"start":{"line":316,"column":8},"end":{"line":334,"column":11}},"81":{"start":{"line":336,"column":8},"end":{"line":340,"column":11}},"82":{"start":{"line":347,"column":0},"end":{"line":366,"column":3}},"83":{"start":{"line":348,"column":4},"end":{"line":365,"column":5}},"84":{"start":{"line":349,"column":23},"end":{"line":349,"column":43}},"85":{"start":{"line":350,"column":8},"end":{"line":359,"column":11}},"86":{"start":{"line":361,"column":8},"end":{"line":364,"column":11}},"87":{"start":{"line":371,"column":0},"end":{"line":395,"column":3}},"88":{"start":{"line":372,"column":4},"end":{"line":394,"column":5}},"89":{"start":{"line":373,"column":40},"end":{"line":373,"column":49}},"90":{"start":{"line":375,"column":8},"end":{"line":380,"column":9}},"91":{"start":{"line":376,"column":12},"end":{"line":379,"column":15}},"92":{"start":{"line":382,"column":24},"end":{"line":382,"column":72}},"93":{"start":{"line":383,"column":8},"end":{"line":388,"column":11}},"94":{"start":{"line":390,"column":8},"end":{"line":393,"column":11}},"95":{"start":{"line":405,"column":4},"end":{"line":514,"column":5}},"96":{"start":{"line":406,"column":8},"end":{"line":406,"column":87}},"97":{"start":{"line":409,"column":20},"end":{"line":409,"column":52}},"98":{"start":{"line":410,"column":8},"end":{"line":410,"column":34}},"99":{"start":{"line":411,"column":8},"end":{"line":411,"column":56}},"100":{"start":{"line":412,"column":8},"end":{"line":412,"column":35}},"101":{"start":{"line":413,"column":8},"end":{"line":413,"column":46}},"102":{"start":{"line":415,"column":27},"end":{"line":415,"column":54}},"103":{"start":{"line":418,"column":8},"end":{"line":418,"column":71}},"104":{"start":{"line":419,"column":8},"end":{"line":419,"column":63}},"105":{"start":{"line":420,"column":8},"end":{"line":420,"column":46}},"106":{"start":{"line":422,"column":23},"end":{"line":422,"column":62}},"107":{"start":{"line":423,"column":28},"end":{"line":423,"column":72}},"108":{"start":{"line":426,"column":8},"end":{"line":426,"column":84}},"109":{"start":{"line":427,"column":8},"end":{"line":427,"column":75}},"110":{"start":{"line":428,"column":8},"end":{"line":428,"column":46}},"111":{"start":{"line":430,"column":29},"end":{"line":430,"column":66}},"112":{"start":{"line":431,"column":27},"end":{"line":431,"column":109}},"113":{"start":{"line":432,"column":28},"end":{"line":432,"column":85}},"114":{"start":{"line":433,"column":27},"end":{"line":433,"column":100}},"115":{"start":{"line":436,"column":8},"end":{"line":436,"column":89}},"116":{"start":{"line":437,"column":8},"end":{"line":437,"column":80}},"117":{"start":{"line":438,"column":8},"end":{"line":438,"column":46}},"118":{"start":{"line":440,"column":30},"end":{"line":440,"column":118}},"119":{"start":{"line":441,"column":29},"end":{"line":441,"column":88}},"120":{"start":{"line":442,"column":32},"end":{"line":442,"column":113}},"121":{"start":{"line":445,"column":8},"end":{"line":445,"column":80}},"122":{"start":{"line":446,"column":8},"end":{"line":446,"column":62}},"123":{"start":{"line":447,"column":8},"end":{"line":447,"column":46}},"124":{"start":{"line":449,"column":31},"end":{"line":449,"column":125}},"125":{"start":{"line":452,"column":23},"end":{"line":492,"column":9}},"126":{"start":{"line":495,"column":8},"end":{"line":495,"column":33}},"127":{"start":{"line":496,"column":8},"end":{"line":496,"column":28}},"128":{"start":{"line":497,"column":8},"end":{"line":497,"column":37}},"129":{"start":{"line":498,"column":8},"end":{"line":498,"column":61}},"130":{"start":{"line":499,"column":8},"end":{"line":499,"column":46}},"131":{"start":{"line":501,"column":8},"end":{"line":501,"column":80}},"132":{"start":{"line":502,"column":8},"end":{"line":502,"column":140}},"133":{"start":{"line":505,"column":8},"end":{"line":505,"column":74}},"134":{"start":{"line":508,"column":20},"end":{"line":508,"column":52}},"135":{"start":{"line":509,"column":8},"end":{"line":509,"column":30}},"136":{"start":{"line":510,"column":8},"end":{"line":510,"column":34}},"137":{"start":{"line":511,"column":8},"end":{"line":511,"column":64}},"138":{"start":{"line":512,"column":8},"end":{"line":512,"column":34}},"139":{"start":{"line":513,"column":8},"end":{"line":513,"column":46}},"140":{"start":{"line":521,"column":4},"end":{"line":548,"column":5}},"141":{"start":{"line":522,"column":8},"end":{"line":522,"column":76}},"142":{"start":{"line":524,"column":8},"end":{"line":528,"column":9}},"143":{"start":{"line":525,"column":28},"end":{"line":525,"column":66}},"144":{"start":{"line":526,"column":12},"end":{"line":526,"column":83}},"145":{"start":{"line":527,"column":12},"end":{"line":527,"column":27}},"146":{"start":{"line":533,"column":28},"end":{"line":540,"column":5}},"147":{"start":{"line":542,"column":8},"end":{"line":542,"column":74}},"148":{"start":{"line":543,"column":8},"end":{"line":543,"column":27}},"149":{"start":{"line":546,"column":8},"end":{"line":546,"column":86}},"150":{"start":{"line":547,"column":8},"end":{"line":547,"column":91}},"151":{"start":{"line":555,"column":0},"end":{"line":580,"column":3}},"152":{"start":{"line":556,"column":4},"end":{"line":556,"column":48}},"153":{"start":{"line":558,"column":4},"end":{"line":573,"column":5}},"154":{"start":{"line":559,"column":8},"end":{"line":565,"column":9}},"155":{"start":{"line":560,"column":12},"end":{"line":564,"column":15}},"156":{"start":{"line":566,"column":8},"end":{"line":572,"column":9}},"157":{"start":{"line":567,"column":12},"end":{"line":571,"column":15}},"158":{"start":{"line":575,"column":4},"end":{"line":579,"column":7}},"159":{"start":{"line":583,"column":0},"end":{"line":596,"column":3}},"160":{"start":{"line":584,"column":4},"end":{"line":595,"column":7}},"161":{"start":{"line":602,"column":0},"end":{"line":624,"column":3}},"162":{"start":{"line":603,"column":4},"end":{"line":603,"column":62}},"163":{"start":{"line":604,"column":4},"end":{"line":604,"column":53}},"164":{"start":{"line":605,"column":4},"end":{"line":605,"column":57}},"165":{"start":{"line":606,"column":4},"end":{"line":606,"column":55}},"166":{"start":{"line":607,"column":4},"end":{"line":607,"column":62}},"167":{"start":{"line":608,"column":4},"end":{"line":608,"column":58}},"168":{"start":{"line":609,"column":4},"end":{"line":609,"column":59}},"169":{"start":{"line":611,"column":4},"end":{"line":619,"column":5}},"170":{"start":{"line":612,"column":8},"end":{"line":612,"column":59}},"171":{"start":{"line":613,"column":8},"end":{"line":613,"column":36}},"172":{"start":{"line":614,"column":8},"end":{"line":614,"column":66}},"173":{"start":{"line":615,"column":8},"end":{"line":615,"column":63}},"174":{"start":{"line":617,"column":8},"end":{"line":617,"column":75}},"175":{"start":{"line":618,"column":8},"end":{"line":618,"column":69}},"176":{"start":{"line":621,"column":4},"end":{"line":621,"column":63}},"177":{"start":{"line":622,"column":4},"end":{"line":622,"column":70}},"178":{"start":{"line":623,"column":4},"end":{"line":623,"column":59}},"179":{"start":{"line":627,"column":0},"end":{"line":631,"column":3}},"180":{"start":{"line":628,"column":4},"end":{"line":628,"column":68}},"181":{"start":{"line":630,"column":4},"end":{"line":630,"column":20}},"182":{"start":{"line":633,"column":0},"end":{"line":637,"column":3}},"183":{"start":{"line":634,"column":4},"end":{"line":634,"column":69}},"184":{"start":{"line":636,"column":4},"end":{"line":636,"column":20}},"185":{"start":{"line":639,"column":0},"end":{"line":639,"column":21}}},"fnMap":{"0":{"name":"(anonymous_0)","decl":{"start":{"line":30,"column":16},"end":{"line":30,"column":17}},"loc":{"start":{"line":30,"column":35},"end":{"line":41,"column":5}},"line":30},"1":{"name":"(anonymous_1)","decl":{"start":{"line":64,"column":13},"end":{"line":64,"column":14}},"loc":{"start":{"line":64,"column":27},"end":{"line":85,"column":1}},"line":64},"2":{"name":"(anonymous_2)","decl":{"start":{"line":93,"column":4},"end":{"line":93,"column":5}},"loc":{"start":{"line":93,"column":24},"end":{"line":161,"column":1}},"line":93},"3":{"name":"(anonymous_3)","decl":{"start":{"line":166,"column":23},"end":{"line":166,"column":24}},"loc":{"start":{"line":166,"column":37},"end":{"line":203,"column":1}},"line":166},"4":{"name":"(anonymous_4)","decl":{"start":{"line":208,"column":22},"end":{"line":208,"column":23}},"loc":{"start":{"line":208,"column":42},"end":{"line":253,"column":1}},"line":208},"5":{"name":"(anonymous_5)","decl":{"start":{"line":258,"column":23},"end":{"line":258,"column":24}},"loc":{"start":{"line":258,"column":37},"end":{"line":307,"column":1}},"line":258},"6":{"name":"(anonymous_6)","decl":{"start":{"line":312,"column":19},"end":{"line":312,"column":20}},"loc":{"start":{"line":312,"column":33},"end":{"line":342,"column":1}},"line":312},"7":{"name":"(anonymous_7)","decl":{"start":{"line":347,"column":28},"end":{"line":347,"column":29}},"loc":{"start":{"line":347,"column":42},"end":{"line":366,"column":1}},"line":347},"8":{"name":"(anonymous_8)","decl":{"start":{"line":371,"column":28},"end":{"line":371,"column":29}},"loc":{"start":{"line":371,"column":42},"end":{"line":395,"column":1}},"line":371},"9":{"name":"processEvaluation","decl":{"start":{"line":404,"column":15},"end":{"line":404,"column":32}},"loc":{"start":{"line":404,"column":57},"end":{"line":515,"column":1}},"line":404},"10":{"name":"extractFileContent","decl":{"start":{"line":520,"column":15},"end":{"line":520,"column":33}},"loc":{"start":{"line":520,"column":44},"end":{"line":549,"column":1}},"line":520},"11":{"name":"(anonymous_11)","decl":{"start":{"line":555,"column":8},"end":{"line":555,"column":9}},"loc":{"start":{"line":555,"column":35},"end":{"line":580,"column":1}},"line":555},"12":{"name":"(anonymous_12)","decl":{"start":{"line":583,"column":13},"end":{"line":583,"column":14}},"loc":{"start":{"line":583,"column":27},"end":{"line":596,"column":1}},"line":583},"13":{"name":"(anonymous_13)","decl":{"start":{"line":602,"column":17},"end":{"line":602,"column":18}},"loc":{"start":{"line":602,"column":29},"end":{"line":624,"column":1}},"line":602},"14":{"name":"(anonymous_14)","decl":{"start":{"line":627,"column":22},"end":{"line":627,"column":23}},"loc":{"start":{"line":627,"column":28},"end":{"line":631,"column":1}},"line":627},"15":{"name":"(anonymous_15)","decl":{"start":{"line":633,"column":21},"end":{"line":633,"column":22}},"loc":{"start":{"line":633,"column":27},"end":{"line":637,"column":1}},"line":633}},"branchMap":{"0":{"loc":{"start":{"line":14,"column":13},"end":{"line":14,"column":37}},"type":"binary-expr","locations":[{"start":{"line":14,"column":13},"end":{"line":14,"column":29}},{"start":{"line":14,"column":33},"end":{"line":14,"column":37}}],"line":14},"1":{"loc":{"start":{"line":36,"column":8},"end":{"line":40,"column":9}},"type":"if","locations":[{"start":{"line":36,"column":8},"end":{"line":40,"column":9}},{"start":{"line":38,"column":15},"end":{"line":40,"column":9}}],"line":36},"2":{"loc":{"start":{"line":45,"column":0},"end":{"line":48,"column":1}},"type":"if","locations":[{"start":{"line":45,"column":0},"end":{"line":48,"column":1}},{"start":{},"end":{}}],"line":45},"3":{"loc":{"start":{"line":98,"column":8},"end":{"line":107,"column":9}},"type":"if","locations":[{"start":{"line":98,"column":8},"end":{"line":107,"column":9}},{"start":{},"end":{}}],"line":98},"4":{"loc":{"start":{"line":98,"column":12},"end":{"line":98,"column":61}},"type":"binary-expr","locations":[{"start":{"line":98,"column":12},"end":{"line":98,"column":22}},{"start":{"line":98,"column":26},"end":{"line":98,"column":39}},{"start":{"line":98,"column":43},"end":{"line":98,"column":61}}],"line":98},"5":{"loc":{"start":{"line":102,"column":24},"end":{"line":102,"column":52}},"type":"cond-expr","locations":[{"start":{"line":102,"column":40},"end":{"line":102,"column":45}},{"start":{"line":102,"column":48},"end":{"line":102,"column":52}}],"line":102},"6":{"loc":{"start":{"line":103,"column":29},"end":{"line":103,"column":62}},"type":"cond-expr","locations":[{"start":{"line":103,"column":50},"end":{"line":103,"column":55}},{"start":{"line":103,"column":58},"end":{"line":103,"column":62}}],"line":103},"7":{"loc":{"start":{"line":171,"column":8},"end":{"line":176,"column":9}},"type":"if","locations":[{"start":{"line":171,"column":8},"end":{"line":176,"column":9}},{"start":{},"end":{}}],"line":171},"8":{"loc":{"start":{"line":214,"column":8},"end":{"line":220,"column":9}},"type":"if","locations":[{"start":{"line":214,"column":8},"end":{"line":220,"column":9}},{"start":{},"end":{}}],"line":214},"9":{"loc":{"start":{"line":214,"column":12},"end":{"line":214,"column":53}},"type":"binary-expr","locations":[{"start":{"line":214,"column":12},"end":{"line":214,"column":21}},{"start":{"line":214,"column":25},"end":{"line":214,"column":53}}],"line":214},"10":{"loc":{"start":{"line":263,"column":8},"end":{"line":269,"column":9}},"type":"if","locations":[{"start":{"line":263,"column":8},"end":{"line":269,"column":9}},{"start":{},"end":{}}],"line":263},"11":{"loc":{"start":{"line":273,"column":8},"end":{"line":298,"column":9}},"type":"if","locations":[{"start":{"line":273,"column":8},"end":{"line":298,"column":9}},{"start":{"line":282,"column":15},"end":{"line":298,"column":9}}],"line":273},"12":{"loc":{"start":{"line":278,"column":33},"end":{"line":279,"column":86}},"type":"cond-expr","locations":[{"start":{"line":279,"column":20},"end":{"line":279,"column":79}},{"start":{"line":279,"column":82},"end":{"line":279,"column":86}}],"line":278},"13":{"loc":{"start":{"line":282,"column":15},"end":{"line":298,"column":9}},"type":"if","locations":[{"start":{"line":282,"column":15},"end":{"line":298,"column":9}},{"start":{"line":290,"column":15},"end":{"line":298,"column":9}}],"line":282},"14":{"loc":{"start":{"line":352,"column":21},"end":{"line":352,"column":95}},"type":"cond-expr","locations":[{"start":{"line":352,"column":42},"end":{"line":352,"column":65}},{"start":{"line":352,"column":68},"end":{"line":352,"column":95}}],"line":352},"15":{"loc":{"start":{"line":373,"column":26},"end":{"line":373,"column":35}},"type":"default-arg","locations":[{"start":{"line":373,"column":34},"end":{"line":373,"column":35}}],"line":373},"16":{"loc":{"start":{"line":375,"column":8},"end":{"line":380,"column":9}},"type":"if","locations":[{"start":{"line":375,"column":8},"end":{"line":380,"column":9}},{"start":{},"end":{}}],"line":375},"17":{"loc":{"start":{"line":476,"column":43},"end":{"line":476,"column":80}},"type":"binary-expr","locations":[{"start":{"line":476,"column":43},"end":{"line":476,"column":71}},{"start":{"line":476,"column":75},"end":{"line":476,"column":80}}],"line":476},"18":{"loc":{"start":{"line":477,"column":47},"end":{"line":477,"column":85}},"type":"binary-expr","locations":[{"start":{"line":477,"column":47},"end":{"line":477,"column":76}},{"start":{"line":477,"column":80},"end":{"line":477,"column":85}}],"line":477},"19":{"loc":{"start":{"line":478,"column":42},"end":{"line":478,"column":80}},"type":"binary-expr","locations":[{"start":{"line":478,"column":42},"end":{"line":478,"column":74}},{"start":{"line":478,"column":78},"end":{"line":478,"column":80}}],"line":478},"20":{"loc":{"start":{"line":479,"column":38},"end":{"line":479,"column":73}},"type":"binary-expr","locations":[{"start":{"line":479,"column":38},"end":{"line":479,"column":67}},{"start":{"line":479,"column":71},"end":{"line":479,"column":73}}],"line":479},"21":{"loc":{"start":{"line":524,"column":8},"end":{"line":528,"column":9}},"type":"if","locations":[{"start":{"line":524,"column":8},"end":{"line":528,"column":9}},{"start":{},"end":{}}],"line":524},"22":{"loc":{"start":{"line":558,"column":4},"end":{"line":573,"column":5}},"type":"if","locations":[{"start":{"line":558,"column":4},"end":{"line":573,"column":5}},{"start":{},"end":{}}],"line":558},"23":{"loc":{"start":{"line":559,"column":8},"end":{"line":565,"column":9}},"type":"if","locations":[{"start":{"line":559,"column":8},"end":{"line":565,"column":9}},{"start":{},"end":{}}],"line":559},"24":{"loc":{"start":{"line":566,"column":8},"end":{"line":572,"column":9}},"type":"if","locations":[{"start":{"line":566,"column":8},"end":{"line":572,"column":9}},{"start":{},"end":{}}],"line":566},"25":{"loc":{"start":{"line":577,"column":17},"end":{"line":577,"column":96}},"type":"cond-expr","locations":[{"start":{"line":577,"column":58},"end":{"line":577,"column":71}},{"start":{"line":577,"column":74},"end":{"line":577,"column":96}}],"line":577}},"s":{"0":1,"1":1,"2":1,"3":1,"4":1,"5":1,"6":1,"7":1,"8":1,"9":1,"10":1,"11":1,"12":1,"13":1,"14":14,"15":14,"16":14,"17":0,"18":1,"19":0,"20":0,"21":1,"22":1,"23":1,"24":1,"25":1,"26":8,"27":8,"28":8,"29":2,"30":6,"31":6,"32":6,"33":6,"34":6,"35":6,"36":6,"37":6,"38":6,"39":0,"40":0,"41":1,"42":2,"43":2,"44":2,"45":2,"46":1,"47":1,"48":0,"49":0,"50":1,"51":3,"52":3,"53":3,"54":3,"55":2,"56":1,"57":1,"58":1,"59":1,"60":1,"61":0,"62":0,"63":1,"64":6,"65":6,"66":6,"67":6,"68":1,"69":5,"70":5,"71":1,"72":4,"73":0,"74":4,"75":0,"76":0,"77":1,"78":2,"79":2,"80":2,"81":0,"82":1,"83":1,"84":1,"85":1,"86":0,"87":1,"88":2,"89":2,"90":2,"91":1,"92":1,"93":1,"94":0,"95":1,"96":1,"97":1,"98":1,"99":1,"100":1,"101":1,"102":1,"103":1,"104":1,"105":1,"106":1,"107":1,"108":1,"109":1,"110":1,"111":1,"112":1,"113":1,"114":1,"115":1,"116":1,"117":1,"118":1,"119":1,"120":1,"121":1,"122":1,"123":1,"124":1,"125":1,"126":1,"127":1,"128":1,"129":1,"130":1,"131":1,"132":1,"133":0,"134":0,"135":0,"136":0,"137":0,"138":0,"139":0,"140":2,"141":2,"142":2,"143":2,"144":2,"145":2,"146":0,"147":0,"148":0,"149":0,"150":0,"151":1,"152":0,"153":0,"154":0,"155":0,"156":0,"157":0,"158":0,"159":1,"160":2,"161":1,"162":1,"163":1,"164":1,"165":1,"166":1,"167":1,"168":1,"169":1,"170":1,"171":1,"172":1,"173":1,"174":0,"175":0,"176":1,"177":1,"178":1,"179":1,"180":0,"181":0,"182":1,"183":0,"184":0,"185":1},"f":{"0":14,"1":1,"2":8,"3":2,"4":3,"5":6,"6":2,"7":1,"8":2,"9":1,"10":2,"11":0,"12":2,"13":1,"14":0,"15":0},"b":{"0":[1,1],"1":[14,0],"2":[0,1],"3":[2,6],"4":[8,8,7],"5":[1,1],"6":[1,1],"7":[1,1],"8":[2,1],"9":[3,2],"10":[1,5],"11":[1,4],"12":[1,0],"13":[0,4],"14":[1,0],"15":[2],"16":[1,1],"17":[1,0],"18":[1,0],"19":[1,0],"20":[1,0],"21":[2,0],"22":[0,0],"23":[0,0],"24":[0,0],"25":[0,0]},"_coverageSchema":"1a1c01bbd47fc00a2c39e90264f33305004495a9","hash":"0e3cb61416eebb221d647f7beb6676ed581809c3"}
,"D:\\Web Projects\\AI CV Evaluator\\services\\aiService.js": {"path":"D:\\Web Projects\\AI CV Evaluator\\services\\aiService.js","statementMap":{"0":{"start":{"line":2,"column":17},"end":{"line":2,"column":38}},"1":{"start":{"line":6,"column":4},"end":{"line":9,"column":6}},"2":{"start":{"line":20,"column":4},"end":{"line":20,"column":51}},"3":{"start":{"line":23,"column":4},"end":{"line":23,"column":26}},"4":{"start":{"line":26,"column":19},"end":{"line":26,"column":45}},"5":{"start":{"line":27,"column":23},"end":{"line":27,"column":53}},"6":{"start":{"line":28,"column":21},"end":{"line":28,"column":49}},"7":{"start":{"line":30,"column":4},"end":{"line":37,"column":6}},"8":{"start":{"line":44,"column":4},"end":{"line":44,"column":62}},"9":{"start":{"line":46,"column":4},"end":{"line":46,"column":26}},"10":{"start":{"line":49,"column":23},"end":{"line":49,"column":65}},"11":{"start":{"line":50,"column":4},"end":{"line":50,"column":62}},"12":{"start":{"line":53,"column":28},"end":{"line":53,"column":111}},"13":{"start":{"line":54,"column":28},"end":{"line":54,"column":120}},"14":{"start":{"line":55,"column":25},"end":{"line":55,"column":74}},"15":{"start":{"line":56,"column":24},"end":{"line":56,"column":84}},"16":{"start":{"line":60,"column":6},"end":{"line":63,"column":24}},"17":{"start":{"line":66,"column":4},"end":{"line":88,"column":6}},"18":{"start":{"line":95,"column":4},"end":{"line":95,"column":48}},"19":{"start":{"line":97,"column":4},"end":{"line":97,"column":26}},"20":{"start":{"line":99,"column":22},"end":{"line":99,"column":67}},"21":{"start":{"line":100,"column":17},"end":{"line":100,"column":57}},"22":{"start":{"line":102,"column":4},"end":{"line":102,"column":246}},"23":{"start":{"line":109,"column":4},"end":{"line":109,"column":61}},"24":{"start":{"line":111,"column":4},"end":{"line":111,"column":27}},"25":{"start":{"line":114,"column":23},"end":{"line":114,"column":70}},"26":{"start":{"line":115,"column":4},"end":{"line":115,"column":67}},"27":{"start":{"line":117,"column":24},"end":{"line":117,"column":99}},"28":{"start":{"line":118,"column":24},"end":{"line":118,"column":58}},"29":{"start":{"line":119,"column":23},"end":{"line":119,"column":97}},"30":{"start":{"line":120,"column":26},"end":{"line":120,"column":62}},"31":{"start":{"line":121,"column":23},"end":{"line":121,"column":56}},"32":{"start":{"line":125,"column":6},"end":{"line":129,"column":22}},"33":{"start":{"line":132,"column":4},"end":{"line":158,"column":6}},"34":{"start":{"line":165,"column":4},"end":{"line":165,"column":53}},"35":{"start":{"line":167,"column":4},"end":{"line":167,"column":26}},"36":{"start":{"line":169,"column":22},"end":{"line":169,"column":75}},"37":{"start":{"line":170,"column":25},"end":{"line":170,"column":81}},"38":{"start":{"line":172,"column":4},"end":{"line":172,"column":253}},"39":{"start":{"line":179,"column":4},"end":{"line":179,"column":52}},"40":{"start":{"line":181,"column":4},"end":{"line":181,"column":26}},"41":{"start":{"line":183,"column":20},"end":{"line":183,"column":37}},"42":{"start":{"line":184,"column":22},"end":{"line":184,"column":47}},"43":{"start":{"line":187,"column":4},"end":{"line":195,"column":5}},"44":{"start":{"line":188,"column":6},"end":{"line":188,"column":72}},"45":{"start":{"line":189,"column":11},"end":{"line":195,"column":5}},"46":{"start":{"line":190,"column":6},"end":{"line":190,"column":78}},"47":{"start":{"line":191,"column":11},"end":{"line":195,"column":5}},"48":{"start":{"line":192,"column":6},"end":{"line":192,"column":74}},"49":{"start":{"line":194,"column":6},"end":{"line":194,"column":75}},"50":{"start":{"line":197,"column":4},"end":{"line":197,"column":316}},"51":{"start":{"line":205,"column":26},"end":{"line":209,"column":5}},"52":{"start":{"line":211,"column":24},"end":{"line":213,"column":5}},"53":{"start":{"line":212,"column":6},"end":{"line":212,"column":40}},"54":{"start":{"line":215,"column":4},"end":{"line":215,"column":74}},"55":{"start":{"line":219,"column":24},"end":{"line":219,"column":63}},"56":{"start":{"line":220,"column":4},"end":{"line":223,"column":5}},"57":{"start":{"line":221,"column":20},"end":{"line":221,"column":77}},"58":{"start":{"line":221,"column":45},"end":{"line":221,"column":76}},"59":{"start":{"line":222,"column":6},"end":{"line":222,"column":32}},"60":{"start":{"line":226,"column":4},"end":{"line":226,"column":61}},"61":{"start":{"line":230,"column":28},"end":{"line":230,"column":87}},"62":{"start":{"line":231,"column":24},"end":{"line":233,"column":5}},"63":{"start":{"line":232,"column":6},"end":{"line":232,"column":42}},"64":{"start":{"line":235,"column":4},"end":{"line":235,"column":107}},"65":{"start":{"line":239,"column":32},"end":{"line":239,"column":99}},"66":{"start":{"line":240,"column":4},"end":{"line":242,"column":55}},"67":{"start":{"line":241,"column":6},"end":{"line":241,"column":42}},"68":{"start":{"line":242,"column":21},"end":{"line":242,"column":53}},"69":{"start":{"line":246,"column":30},"end":{"line":246,"column":107}},"70":{"start":{"line":247,"column":25},"end":{"line":249,"column":5}},"71":{"start":{"line":248,"column":6},"end":{"line":248,"column":42}},"72":{"start":{"line":250,"column":4},"end":{"line":250,"column":92}},"73":{"start":{"line":254,"column":25},"end":{"line":254,"column":100}},"74":{"start":{"line":255,"column":4},"end":{"line":257,"column":42}},"75":{"start":{"line":256,"column":6},"end":{"line":256,"column":42}},"76":{"start":{"line":257,"column":21},"end":{"line":257,"column":40}},"77":{"start":{"line":265,"column":4},"end":{"line":265,"column":29}},"78":{"start":{"line":265,"column":20},"end":{"line":265,"column":29}},"79":{"start":{"line":266,"column":4},"end":{"line":266,"column":29}},"80":{"start":{"line":266,"column":20},"end":{"line":266,"column":29}},"81":{"start":{"line":267,"column":4},"end":{"line":267,"column":29}},"82":{"start":{"line":267,"column":20},"end":{"line":267,"column":29}},"83":{"start":{"line":268,"column":4},"end":{"line":268,"column":29}},"84":{"start":{"line":268,"column":20},"end":{"line":268,"column":29}},"85":{"start":{"line":269,"column":4},"end":{"line":269,"column":13}},"86":{"start":{"line":273,"column":4},"end":{"line":273,"column":43}},"87":{"start":{"line":273,"column":34},"end":{"line":273,"column":43}},"88":{"start":{"line":274,"column":4},"end":{"line":274,"column":43}},"89":{"start":{"line":274,"column":34},"end":{"line":274,"column":43}},"90":{"start":{"line":275,"column":4},"end":{"line":275,"column":43}},"91":{"start":{"line":275,"column":34},"end":{"line":275,"column":43}},"92":{"start":{"line":276,"column":4},"end":{"line":276,"column":13}},"93":{"start":{"line":280,"column":4},"end":{"line":280,"column":44}},"94":{"start":{"line":280,"column":35},"end":{"line":280,"column":44}},"95":{"start":{"line":281,"column":4},"end":{"line":281,"column":44}},"96":{"start":{"line":281,"column":35},"end":{"line":281,"column":44}},"97":{"start":{"line":282,"column":4},"end":{"line":282,"column":44}},"98":{"start":{"line":282,"column":35},"end":{"line":282,"column":44}},"99":{"start":{"line":283,"column":4},"end":{"line":283,"column":13}},"100":{"start":{"line":287,"column":28},"end":{"line":287,"column":83}},"101":{"start":{"line":288,"column":20},"end":{"line":290,"column":5}},"102":{"start":{"line":289,"column":6},"end":{"line":289,"column":49}},"103":{"start":{"line":291,"column":4},"end":{"line":291,"column":56}},"104":{"start":{"line":295,"column":24},"end":{"line":295,"column":76}},"105":{"start":{"line":296,"column":20},"end":{"line":298,"column":5}},"106":{"start":{"line":297,"column":6},"end":{"line":297,"column":49}},"107":{"start":{"line":299,"column":4},"end":{"line":299,"column":56}},"108":{"start":{"line":303,"column":4},"end":{"line":303,"column":78}},"109":{"start":{"line":311,"column":27},"end":{"line":311,"column":66}},"110":{"start":{"line":313,"column":25},"end":{"line":317,"column":12}},"111":{"start":{"line":314,"column":6},"end":{"line":316,"column":7}},"112":{"start":{"line":315,"column":8},"end":{"line":315,"column":81}},"113":{"start":{"line":319,"column":20},"end":{"line":323,"column":12}},"114":{"start":{"line":320,"column":6},"end":{"line":322,"column":7}},"115":{"start":{"line":321,"column":8},"end":{"line":321,"column":71}},"116":{"start":{"line":325,"column":23},"end":{"line":329,"column":12}},"117":{"start":{"line":326,"column":6},"end":{"line":328,"column":7}},"118":{"start":{"line":327,"column":8},"end":{"line":327,"column":77}},"119":{"start":{"line":332,"column":4},"end":{"line":332,"column":71}},"120":{"start":{"line":332,"column":62},"end":{"line":332,"column":71}},"121":{"start":{"line":333,"column":4},"end":{"line":333,"column":52}},"122":{"start":{"line":333,"column":43},"end":{"line":333,"column":52}},"123":{"start":{"line":334,"column":4},"end":{"line":334,"column":36}},"124":{"start":{"line":334,"column":27},"end":{"line":334,"column":36}},"125":{"start":{"line":335,"column":4},"end":{"line":335,"column":36}},"126":{"start":{"line":335,"column":27},"end":{"line":335,"column":36}},"127":{"start":{"line":336,"column":4},"end":{"line":336,"column":13}},"128":{"start":{"line":340,"column":20},"end":{"line":340,"column":66}},"129":{"start":{"line":341,"column":27},"end":{"line":341,"column":95}},"130":{"start":{"line":342,"column":18},"end":{"line":342,"column":67}},"131":{"start":{"line":345,"column":20},"end":{"line":345,"column":47}},"132":{"start":{"line":348,"column":4},"end":{"line":348,"column":77}},"133":{"start":{"line":348,"column":38},"end":{"line":348,"column":77}},"134":{"start":{"line":349,"column":4},"end":{"line":349,"column":70}},"135":{"start":{"line":349,"column":29},"end":{"line":349,"column":70}},"136":{"start":{"line":351,"column":4},"end":{"line":351,"column":33}},"137":{"start":{"line":355,"column":20},"end":{"line":355,"column":65}},"138":{"start":{"line":356,"column":25},"end":{"line":356,"column":50}},"139":{"start":{"line":358,"column":16},"end":{"line":358,"column":17}},"140":{"start":{"line":361,"column":4},"end":{"line":361,"column":76}},"141":{"start":{"line":361,"column":65},"end":{"line":361,"column":76}},"142":{"start":{"line":362,"column":4},"end":{"line":362,"column":83}},"143":{"start":{"line":362,"column":72},"end":{"line":362,"column":83}},"144":{"start":{"line":363,"column":4},"end":{"line":363,"column":76}},"145":{"start":{"line":363,"column":65},"end":{"line":363,"column":76}},"146":{"start":{"line":364,"column":4},"end":{"line":364,"column":82}},"147":{"start":{"line":364,"column":71},"end":{"line":364,"column":82}},"148":{"start":{"line":365,"column":4},"end":{"line":365,"column":82}},"149":{"start":{"line":365,"column":69},"end":{"line":365,"column":82}},"150":{"start":{"line":367,"column":4},"end":{"line":367,"column":42}},"151":{"start":{"line":371,"column":20},"end":{"line":371,"column":65}},"152":{"start":{"line":372,"column":25},"end":{"line":372,"column":50}},"153":{"start":{"line":374,"column":16},"end":{"line":374,"column":17}},"154":{"start":{"line":377,"column":4},"end":{"line":377,"column":80}},"155":{"start":{"line":377,"column":69},"end":{"line":377,"column":80}},"156":{"start":{"line":378,"column":4},"end":{"line":378,"column":84}},"157":{"start":{"line":378,"column":73},"end":{"line":378,"column":84}},"158":{"start":{"line":379,"column":4},"end":{"line":379,"column":91}},"159":{"start":{"line":379,"column":80},"end":{"line":379,"column":91}},"160":{"start":{"line":380,"column":4},"end":{"line":380,"column":91}},"161":{"start":{"line":380,"column":80},"end":{"line":380,"column":91}},"162":{"start":{"line":381,"column":4},"end":{"line":381,"column":93}},"163":{"start":{"line":381,"column":80},"end":{"line":381,"column":93}},"164":{"start":{"line":383,"column":4},"end":{"line":383,"column":42}},"165":{"start":{"line":391,"column":20},"end":{"line":393,"column":5}},"166":{"start":{"line":392,"column":6},"end":{"line":392,"column":82}},"167":{"start":{"line":392,"column":34},"end":{"line":392,"column":81}},"168":{"start":{"line":395,"column":4},"end":{"line":395,"column":163}},"169":{"start":{"line":399,"column":25},"end":{"line":401,"column":5}},"170":{"start":{"line":400,"column":6},"end":{"line":400,"column":84}},"171":{"start":{"line":403,"column":4},"end":{"line":403,"column":141}},"172":{"start":{"line":407,"column":4},"end":{"line":407,"column":118}},"173":{"start":{"line":411,"column":4},"end":{"line":411,"column":135}},"174":{"start":{"line":415,"column":24},"end":{"line":419,"column":5}},"175":{"start":{"line":416,"column":6},"end":{"line":418,"column":7}},"176":{"start":{"line":417,"column":8},"end":{"line":417,"column":67}},"177":{"start":{"line":421,"column":4},"end":{"line":421,"column":137}},"178":{"start":{"line":425,"column":4},"end":{"line":425,"column":55}},"179":{"start":{"line":429,"column":27},"end":{"line":433,"column":5}},"180":{"start":{"line":430,"column":6},"end":{"line":432,"column":7}},"181":{"start":{"line":431,"column":8},"end":{"line":431,"column":43}},"182":{"start":{"line":435,"column":4},"end":{"line":435,"column":167}},"183":{"start":{"line":439,"column":4},"end":{"line":439,"column":56}},"184":{"start":{"line":443,"column":4},"end":{"line":443,"column":68}},"185":{"start":{"line":451,"column":4},"end":{"line":453,"column":52}},"186":{"start":{"line":452,"column":32},"end":{"line":452,"column":48}},"187":{"start":{"line":453,"column":29},"end":{"line":453,"column":50}},"188":{"start":{"line":457,"column":4},"end":{"line":459,"column":52}},"189":{"start":{"line":458,"column":32},"end":{"line":458,"column":48}},"190":{"start":{"line":459,"column":29},"end":{"line":459,"column":50}},"191":{"start":{"line":463,"column":4},"end":{"line":465,"column":52}},"192":{"start":{"line":464,"column":32},"end":{"line":464,"column":48}},"193":{"start":{"line":465,"column":29},"end":{"line":465,"column":50}},"194":{"start":{"line":469,"column":4},"end":{"line":471,"column":52}},"195":{"start":{"line":470,"column":32},"end":{"line":470,"column":48}},"196":{"start":{"line":471,"column":29},"end":{"line":471,"column":50}},"197":{"start":{"line":475,"column":20},"end":{"line":475,"column":22}},"198":{"start":{"line":478,"column":25},"end":{"line":483,"column":5}},"199":{"start":{"line":479,"column":6},"end":{"line":482,"column":7}},"200":{"start":{"line":480,"column":8},"end":{"line":481,"column":60}},"201":{"start":{"line":485,"column":4},"end":{"line":487,"column":5}},"202":{"start":{"line":486,"column":6},"end":{"line":486,"column":79}},"203":{"start":{"line":490,"column":4},"end":{"line":492,"column":5}},"204":{"start":{"line":491,"column":6},"end":{"line":491,"column":59}},"205":{"start":{"line":495,"column":4},"end":{"line":497,"column":5}},"206":{"start":{"line":496,"column":6},"end":{"line":496,"column":54}},"207":{"start":{"line":499,"column":4},"end":{"line":499,"column":19}},"208":{"start":{"line":503,"column":20},"end":{"line":503,"column":22}},"209":{"start":{"line":504,"column":25},"end":{"line":504,"column":50}},"210":{"start":{"line":506,"column":4},"end":{"line":517,"column":7}},"211":{"start":{"line":507,"column":31},"end":{"line":508,"column":40}},"212":{"start":{"line":508,"column":24},"end":{"line":508,"column":39}},"213":{"start":{"line":510,"column":30},"end":{"line":512,"column":7}},"214":{"start":{"line":511,"column":8},"end":{"line":511,"column":38}},"215":{"start":{"line":514,"column":6},"end":{"line":516,"column":7}},"216":{"start":{"line":515,"column":8},"end":{"line":515,"column":79}},"217":{"start":{"line":519,"column":4},"end":{"line":519,"column":31}},"218":{"start":{"line":527,"column":4},"end":{"line":527,"column":59}},"219":{"start":{"line":527,"column":34},"end":{"line":527,"column":57}},"220":{"start":{"line":531,"column":0},"end":{"line":531,"column":33}}},"fnMap":{"0":{"name":"(anonymous_0)","decl":{"start":{"line":5,"column":2},"end":{"line":5,"column":3}},"loc":{"start":{"line":5,"column":16},"end":{"line":10,"column":3}},"line":5},"1":{"name":"(anonymous_1)","decl":{"start":{"line":19,"column":2},"end":{"line":19,"column":3}},"loc":{"start":{"line":19,"column":30},"end":{"line":38,"column":3}},"line":19},"2":{"name":"(anonymous_2)","decl":{"start":{"line":43,"column":2},"end":{"line":43,"column":3}},"loc":{"start":{"line":43,"column":50},"end":{"line":89,"column":3}},"line":43},"3":{"name":"(anonymous_3)","decl":{"start":{"line":94,"column":2},"end":{"line":94,"column":3}},"loc":{"start":{"line":94,"column":66},"end":{"line":103,"column":3}},"line":94},"4":{"name":"(anonymous_4)","decl":{"start":{"line":108,"column":2},"end":{"line":108,"column":3}},"loc":{"start":{"line":108,"column":52},"end":{"line":159,"column":3}},"line":108},"5":{"name":"(anonymous_5)","decl":{"start":{"line":164,"column":2},"end":{"line":164,"column":3}},"loc":{"start":{"line":164,"column":74},"end":{"line":173,"column":3}},"line":164},"6":{"name":"(anonymous_6)","decl":{"start":{"line":178,"column":2},"end":{"line":178,"column":3}},"loc":{"start":{"line":178,"column":87},"end":{"line":198,"column":3}},"line":178},"7":{"name":"(anonymous_7)","decl":{"start":{"line":204,"column":2},"end":{"line":204,"column":3}},"loc":{"start":{"line":204,"column":22},"end":{"line":216,"column":3}},"line":204},"8":{"name":"(anonymous_8)","decl":{"start":{"line":211,"column":45},"end":{"line":211,"column":46}},"loc":{"start":{"line":212,"column":6},"end":{"line":212,"column":40}},"line":212},"9":{"name":"(anonymous_9)","decl":{"start":{"line":218,"column":2},"end":{"line":218,"column":3}},"loc":{"start":{"line":218,"column":26},"end":{"line":227,"column":3}},"line":218},"10":{"name":"(anonymous_10)","decl":{"start":{"line":221,"column":36},"end":{"line":221,"column":37}},"loc":{"start":{"line":221,"column":45},"end":{"line":221,"column":76}},"line":221},"11":{"name":"(anonymous_11)","decl":{"start":{"line":229,"column":2},"end":{"line":229,"column":3}},"loc":{"start":{"line":229,"column":24},"end":{"line":236,"column":3}},"line":229},"12":{"name":"(anonymous_12)","decl":{"start":{"line":231,"column":45},"end":{"line":231,"column":46}},"loc":{"start":{"line":232,"column":6},"end":{"line":232,"column":42}},"line":232},"13":{"name":"(anonymous_13)","decl":{"start":{"line":238,"column":2},"end":{"line":238,"column":3}},"loc":{"start":{"line":238,"column":28},"end":{"line":243,"column":3}},"line":238},"14":{"name":"(anonymous_14)","decl":{"start":{"line":240,"column":38},"end":{"line":240,"column":39}},"loc":{"start":{"line":241,"column":6},"end":{"line":241,"column":42}},"line":241},"15":{"name":"(anonymous_15)","decl":{"start":{"line":242,"column":10},"end":{"line":242,"column":11}},"loc":{"start":{"line":242,"column":21},"end":{"line":242,"column":53}},"line":242},"16":{"name":"(anonymous_16)","decl":{"start":{"line":245,"column":2},"end":{"line":245,"column":3}},"loc":{"start":{"line":245,"column":25},"end":{"line":251,"column":3}},"line":245},"17":{"name":"(anonymous_17)","decl":{"start":{"line":247,"column":48},"end":{"line":247,"column":49}},"loc":{"start":{"line":248,"column":6},"end":{"line":248,"column":42}},"line":248},"18":{"name":"(anonymous_18)","decl":{"start":{"line":253,"column":2},"end":{"line":253,"column":3}},"loc":{"start":{"line":253,"column":29},"end":{"line":258,"column":3}},"line":253},"19":{"name":"(anonymous_19)","decl":{"start":{"line":255,"column":31},"end":{"line":255,"column":32}},"loc":{"start":{"line":256,"column":6},"end":{"line":256,"column":42}},"line":256},"20":{"name":"(anonymous_20)","decl":{"start":{"line":257,"column":10},"end":{"line":257,"column":11}},"loc":{"start":{"line":257,"column":21},"end":{"line":257,"column":40}},"line":257},"21":{"name":"(anonymous_21)","decl":{"start":{"line":264,"column":2},"end":{"line":264,"column":3}},"loc":{"start":{"line":264,"column":25},"end":{"line":270,"column":3}},"line":264},"22":{"name":"(anonymous_22)","decl":{"start":{"line":272,"column":2},"end":{"line":272,"column":3}},"loc":{"start":{"line":272,"column":34},"end":{"line":277,"column":3}},"line":272},"23":{"name":"(anonymous_23)","decl":{"start":{"line":279,"column":2},"end":{"line":279,"column":3}},"loc":{"start":{"line":279,"column":34},"end":{"line":284,"column":3}},"line":279},"24":{"name":"(anonymous_24)","decl":{"start":{"line":286,"column":2},"end":{"line":286,"column":3}},"loc":{"start":{"line":286,"column":32},"end":{"line":292,"column":3}},"line":286},"25":{"name":"(anonymous_25)","decl":{"start":{"line":288,"column":43},"end":{"line":288,"column":44}},"loc":{"start":{"line":289,"column":6},"end":{"line":289,"column":49}},"line":289},"26":{"name":"(anonymous_26)","decl":{"start":{"line":294,"column":2},"end":{"line":294,"column":3}},"loc":{"start":{"line":294,"column":34},"end":{"line":300,"column":3}},"line":294},"27":{"name":"(anonymous_27)","decl":{"start":{"line":296,"column":39},"end":{"line":296,"column":40}},"loc":{"start":{"line":297,"column":6},"end":{"line":297,"column":49}},"line":297},"28":{"name":"(anonymous_28)","decl":{"start":{"line":302,"column":2},"end":{"line":302,"column":3}},"loc":{"start":{"line":302,"column":31},"end":{"line":304,"column":3}},"line":302},"29":{"name":"(anonymous_29)","decl":{"start":{"line":310,"column":2},"end":{"line":310,"column":3}},"loc":{"start":{"line":310,"column":55},"end":{"line":337,"column":3}},"line":310},"30":{"name":"(anonymous_30)","decl":{"start":{"line":313,"column":39},"end":{"line":313,"column":40}},"loc":{"start":{"line":314,"column":6},"end":{"line":316,"column":7}},"line":314},"31":{"name":"(anonymous_31)","decl":{"start":{"line":314,"column":100},"end":{"line":314,"column":101}},"loc":{"start":{"line":315,"column":8},"end":{"line":315,"column":81}},"line":315},"32":{"name":"(anonymous_32)","decl":{"start":{"line":319,"column":34},"end":{"line":319,"column":35}},"loc":{"start":{"line":320,"column":6},"end":{"line":322,"column":7}},"line":320},"33":{"name":"(anonymous_33)","decl":{"start":{"line":320,"column":69},"end":{"line":320,"column":70}},"loc":{"start":{"line":321,"column":8},"end":{"line":321,"column":71}},"line":321},"34":{"name":"(anonymous_34)","decl":{"start":{"line":325,"column":37},"end":{"line":325,"column":38}},"loc":{"start":{"line":326,"column":6},"end":{"line":328,"column":7}},"line":326},"35":{"name":"(anonymous_35)","decl":{"start":{"line":326,"column":59},"end":{"line":326,"column":60}},"loc":{"start":{"line":327,"column":8},"end":{"line":327,"column":77}},"line":327},"36":{"name":"(anonymous_36)","decl":{"start":{"line":339,"column":2},"end":{"line":339,"column":3}},"loc":{"start":{"line":339,"column":56},"end":{"line":352,"column":3}},"line":339},"37":{"name":"(anonymous_37)","decl":{"start":{"line":354,"column":2},"end":{"line":354,"column":3}},"loc":{"start":{"line":354,"column":62},"end":{"line":368,"column":3}},"line":354},"38":{"name":"(anonymous_38)","decl":{"start":{"line":370,"column":2},"end":{"line":370,"column":3}},"loc":{"start":{"line":370,"column":61},"end":{"line":384,"column":3}},"line":370},"39":{"name":"(anonymous_39)","decl":{"start":{"line":390,"column":2},"end":{"line":390,"column":3}},"loc":{"start":{"line":390,"column":56},"end":{"line":396,"column":3}},"line":390},"40":{"name":"(anonymous_40)","decl":{"start":{"line":391,"column":34},"end":{"line":391,"column":35}},"loc":{"start":{"line":392,"column":6},"end":{"line":392,"column":82}},"line":392},"41":{"name":"(anonymous_41)","decl":{"start":{"line":392,"column":27},"end":{"line":392,"column":28}},"loc":{"start":{"line":392,"column":34},"end":{"line":392,"column":81}},"line":392},"42":{"name":"(anonymous_42)","decl":{"start":{"line":398,"column":2},"end":{"line":398,"column":3}},"loc":{"start":{"line":398,"column":63},"end":{"line":404,"column":3}},"line":398},"43":{"name":"(anonymous_43)","decl":{"start":{"line":399,"column":55},"end":{"line":399,"column":56}},"loc":{"start":{"line":400,"column":6},"end":{"line":400,"column":84}},"line":400},"44":{"name":"(anonymous_44)","decl":{"start":{"line":406,"column":2},"end":{"line":406,"column":3}},"loc":{"start":{"line":406,"column":40},"end":{"line":408,"column":3}},"line":406},"45":{"name":"(anonymous_45)","decl":{"start":{"line":410,"column":2},"end":{"line":410,"column":3}},"loc":{"start":{"line":410,"column":38},"end":{"line":412,"column":3}},"line":410},"46":{"name":"(anonymous_46)","decl":{"start":{"line":414,"column":2},"end":{"line":414,"column":3}},"loc":{"start":{"line":414,"column":69},"end":{"line":422,"column":3}},"line":414},"47":{"name":"(anonymous_47)","decl":{"start":{"line":415,"column":53},"end":{"line":415,"column":54}},"loc":{"start":{"line":416,"column":6},"end":{"line":418,"column":7}},"line":416},"48":{"name":"(anonymous_48)","decl":{"start":{"line":416,"column":40},"end":{"line":416,"column":41}},"loc":{"start":{"line":417,"column":8},"end":{"line":417,"column":67}},"line":417},"49":{"name":"(anonymous_49)","decl":{"start":{"line":424,"column":2},"end":{"line":424,"column":3}},"loc":{"start":{"line":424,"column":35},"end":{"line":426,"column":3}},"line":424},"50":{"name":"(anonymous_50)","decl":{"start":{"line":428,"column":2},"end":{"line":428,"column":3}},"loc":{"start":{"line":428,"column":68},"end":{"line":436,"column":3}},"line":428},"51":{"name":"(anonymous_51)","decl":{"start":{"line":429,"column":56},"end":{"line":429,"column":57}},"loc":{"start":{"line":430,"column":6},"end":{"line":432,"column":7}},"line":430},"52":{"name":"(anonymous_52)","decl":{"start":{"line":430,"column":67},"end":{"line":430,"column":68}},"loc":{"start":{"line":431,"column":8},"end":{"line":431,"column":43}},"line":431},"53":{"name":"(anonymous_53)","decl":{"start":{"line":438,"column":2},"end":{"line":438,"column":3}},"loc":{"start":{"line":438,"column":31},"end":{"line":440,"column":3}},"line":438},"54":{"name":"(anonymous_54)","decl":{"start":{"line":442,"column":2},"end":{"line":442,"column":3}},"loc":{"start":{"line":442,"column":38},"end":{"line":444,"column":3}},"line":442},"55":{"name":"(anonymous_55)","decl":{"start":{"line":450,"column":2},"end":{"line":450,"column":3}},"loc":{"start":{"line":450,"column":31},"end":{"line":454,"column":3}},"line":450},"56":{"name":"(anonymous_56)","decl":{"start":{"line":452,"column":14},"end":{"line":452,"column":15}},"loc":{"start":{"line":452,"column":32},"end":{"line":452,"column":48}},"line":452},"57":{"name":"(anonymous_57)","decl":{"start":{"line":453,"column":11},"end":{"line":453,"column":12}},"loc":{"start":{"line":453,"column":29},"end":{"line":453,"column":50}},"line":453},"58":{"name":"(anonymous_58)","decl":{"start":{"line":456,"column":2},"end":{"line":456,"column":3}},"loc":{"start":{"line":456,"column":26},"end":{"line":460,"column":3}},"line":456},"59":{"name":"(anonymous_59)","decl":{"start":{"line":458,"column":14},"end":{"line":458,"column":15}},"loc":{"start":{"line":458,"column":32},"end":{"line":458,"column":48}},"line":458},"60":{"name":"(anonymous_60)","decl":{"start":{"line":459,"column":11},"end":{"line":459,"column":12}},"loc":{"start":{"line":459,"column":29},"end":{"line":459,"column":50}},"line":459},"61":{"name":"(anonymous_61)","decl":{"start":{"line":462,"column":2},"end":{"line":462,"column":3}},"loc":{"start":{"line":462,"column":38},"end":{"line":466,"column":3}},"line":462},"62":{"name":"(anonymous_62)","decl":{"start":{"line":464,"column":14},"end":{"line":464,"column":15}},"loc":{"start":{"line":464,"column":32},"end":{"line":464,"column":48}},"line":464},"63":{"name":"(anonymous_63)","decl":{"start":{"line":465,"column":11},"end":{"line":465,"column":12}},"loc":{"start":{"line":465,"column":29},"end":{"line":465,"column":50}},"line":465},"64":{"name":"(anonymous_64)","decl":{"start":{"line":468,"column":2},"end":{"line":468,"column":3}},"loc":{"start":{"line":468,"column":41},"end":{"line":472,"column":3}},"line":468},"65":{"name":"(anonymous_65)","decl":{"start":{"line":470,"column":14},"end":{"line":470,"column":15}},"loc":{"start":{"line":470,"column":32},"end":{"line":470,"column":48}},"line":470},"66":{"name":"(anonymous_66)","decl":{"start":{"line":471,"column":11},"end":{"line":471,"column":12}},"loc":{"start":{"line":471,"column":29},"end":{"line":471,"column":50}},"line":471},"67":{"name":"(anonymous_67)","decl":{"start":{"line":474,"column":2},"end":{"line":474,"column":3}},"loc":{"start":{"line":474,"column":56},"end":{"line":500,"column":3}},"line":474},"68":{"name":"(anonymous_68)","decl":{"start":{"line":478,"column":52},"end":{"line":478,"column":53}},"loc":{"start":{"line":479,"column":6},"end":{"line":482,"column":7}},"line":479},"69":{"name":"(anonymous_69)","decl":{"start":{"line":479,"column":29},"end":{"line":479,"column":30}},"loc":{"start":{"line":480,"column":8},"end":{"line":481,"column":60}},"line":480},"70":{"name":"(anonymous_70)","decl":{"start":{"line":502,"column":2},"end":{"line":502,"column":3}},"loc":{"start":{"line":502,"column":56},"end":{"line":520,"column":3}},"line":502},"71":{"name":"(anonymous_71)","decl":{"start":{"line":506,"column":44},"end":{"line":506,"column":45}},"loc":{"start":{"line":506,"column":73},"end":{"line":517,"column":5}},"line":506},"72":{"name":"(anonymous_72)","decl":{"start":{"line":508,"column":16},"end":{"line":508,"column":17}},"loc":{"start":{"line":508,"column":24},"end":{"line":508,"column":39}},"line":508},"73":{"name":"(anonymous_73)","decl":{"start":{"line":510,"column":54},"end":{"line":510,"column":55}},"loc":{"start":{"line":511,"column":8},"end":{"line":511,"column":38}},"line":511},"74":{"name":"(anonymous_74)","decl":{"start":{"line":526,"column":2},"end":{"line":526,"column":3}},"loc":{"start":{"line":526,"column":12},"end":{"line":528,"column":3}},"line":526},"75":{"name":"(anonymous_75)","decl":{"start":{"line":527,"column":23},"end":{"line":527,"column":24}},"loc":{"start":{"line":527,"column":34},"end":{"line":527,"column":57}},"line":527}},"branchMap":{"0":{"loc":{"start":{"line":102,"column":87},"end":{"line":102,"column":243}},"type":"cond-expr","locations":[{"start":{"line":102,"column":105},"end":{"line":102,"column":192}},{"start":{"line":102,"column":195},"end":{"line":102,"column":243}}],"line":102},"1":{"loc":{"start":{"line":172,"column":14},"end":{"line":172,"column":90}},"type":"cond-expr","locations":[{"start":{"line":172,"column":37},"end":{"line":172,"column":85}},{"start":{"line":172,"column":88},"end":{"line":172,"column":90}}],"line":172},"2":{"loc":{"start":{"line":172,"column":93},"end":{"line":172,"column":250}},"type":"cond-expr","locations":[{"start":{"line":172,"column":119},"end":{"line":172,"column":195}},{"start":{"line":172,"column":198},"end":{"line":172,"column":250}}],"line":172},"3":{"loc":{"start":{"line":187,"column":4},"end":{"line":195,"column":5}},"type":"if","locations":[{"start":{"line":187,"column":4},"end":{"line":195,"column":5}},{"start":{"line":189,"column":11},"end":{"line":195,"column":5}}],"line":187},"4":{"loc":{"start":{"line":187,"column":8},"end":{"line":187,"column":41}},"type":"binary-expr","locations":[{"start":{"line":187,"column":8},"end":{"line":187,"column":21}},{"start":{"line":187,"column":25},"end":{"line":187,"column":41}}],"line":187},"5":{"loc":{"start":{"line":189,"column":11},"end":{"line":195,"column":5}},"type":"if","locations":[{"start":{"line":189,"column":11},"end":{"line":195,"column":5}},{"start":{"line":191,"column":11},"end":{"line":195,"column":5}}],"line":189},"6":{"loc":{"start":{"line":189,"column":15},"end":{"line":189,"column":48}},"type":"binary-expr","locations":[{"start":{"line":189,"column":15},"end":{"line":189,"column":28}},{"start":{"line":189,"column":32},"end":{"line":189,"column":48}}],"line":189},"7":{"loc":{"start":{"line":191,"column":11},"end":{"line":195,"column":5}},"type":"if","locations":[{"start":{"line":191,"column":11},"end":{"line":195,"column":5}},{"start":{"line":193,"column":11},"end":{"line":195,"column":5}}],"line":191},"8":{"loc":{"start":{"line":191,"column":15},"end":{"line":191,"column":48}},"type":"binary-expr","locations":[{"start":{"line":191,"column":15},"end":{"line":191,"column":28}},{"start":{"line":191,"column":32},"end":{"line":191,"column":48}}],"line":191},"9":{"loc":{"start":{"line":197,"column":83},"end":{"line":197,"column":145}},"type":"cond-expr","locations":[{"start":{"line":197,"column":99},"end":{"line":197,"column":107}},{"start":{"line":197,"column":110},"end":{"line":197,"column":145}}],"line":197},"10":{"loc":{"start":{"line":197,"column":110},"end":{"line":197,"column":145}},"type":"cond-expr","locations":[{"start":{"line":197,"column":126},"end":{"line":197,"column":132}},{"start":{"line":197,"column":135},"end":{"line":197,"column":145}}],"line":197},"11":{"loc":{"start":{"line":197,"column":220},"end":{"line":197,"column":292}},"type":"cond-expr","locations":[{"start":{"line":197,"column":237},"end":{"line":197,"column":248}},{"start":{"line":197,"column":251},"end":{"line":197,"column":292}}],"line":197},"12":{"loc":{"start":{"line":197,"column":251},"end":{"line":197,"column":292}},"type":"cond-expr","locations":[{"start":{"line":197,"column":270},"end":{"line":197,"column":277}},{"start":{"line":197,"column":280},"end":{"line":197,"column":292}}],"line":197},"13":{"loc":{"start":{"line":215,"column":11},"end":{"line":215,"column":73}},"type":"cond-expr","locations":[{"start":{"line":215,"column":36},"end":{"line":215,"column":47}},{"start":{"line":215,"column":50},"end":{"line":215,"column":73}}],"line":215},"14":{"loc":{"start":{"line":220,"column":4},"end":{"line":223,"column":5}},"type":"if","locations":[{"start":{"line":220,"column":4},"end":{"line":223,"column":5}},{"start":{},"end":{}}],"line":220},"15":{"loc":{"start":{"line":226,"column":11},"end":{"line":226,"column":60}},"type":"cond-expr","locations":[{"start":{"line":226,"column":31},"end":{"line":226,"column":32}},{"start":{"line":226,"column":35},"end":{"line":226,"column":60}}],"line":226},"16":{"loc":{"start":{"line":226,"column":35},"end":{"line":226,"column":60}},"type":"cond-expr","locations":[{"start":{"line":226,"column":55},"end":{"line":226,"column":56}},{"start":{"line":226,"column":59},"end":{"line":226,"column":60}}],"line":226},"17":{"loc":{"start":{"line":235,"column":11},"end":{"line":235,"column":106}},"type":"cond-expr","locations":[{"start":{"line":235,"column":25},"end":{"line":235,"column":101}},{"start":{"line":235,"column":104},"end":{"line":235,"column":106}}],"line":235},"18":{"loc":{"start":{"line":250,"column":11},"end":{"line":250,"column":91}},"type":"cond-expr","locations":[{"start":{"line":250,"column":26},"end":{"line":250,"column":54}},{"start":{"line":250,"column":57},"end":{"line":250,"column":91}}],"line":250},"19":{"loc":{"start":{"line":265,"column":4},"end":{"line":265,"column":29}},"type":"if","locations":[{"start":{"line":265,"column":4},"end":{"line":265,"column":29}},{"start":{},"end":{}}],"line":265},"20":{"loc":{"start":{"line":266,"column":4},"end":{"line":266,"column":29}},"type":"if","locations":[{"start":{"line":266,"column":4},"end":{"line":266,"column":29}},{"start":{},"end":{}}],"line":266},"21":{"loc":{"start":{"line":267,"column":4},"end":{"line":267,"column":29}},"type":"if","locations":[{"start":{"line":267,"column":4},"end":{"line":267,"column":29}},{"start":{},"end":{}}],"line":267},"22":{"loc":{"start":{"line":268,"column":4},"end":{"line":268,"column":29}},"type":"if","locations":[{"start":{"line":268,"column":4},"end":{"line":268,"column":29}},{"start":{},"end":{}}],"line":268},"23":{"loc":{"start":{"line":273,"column":4},"end":{"line":273,"column":43}},"type":"if","locations":[{"start":{"line":273,"column":4},"end":{"line":273,"column":43}},{"start":{},"end":{}}],"line":273},"24":{"loc":{"start":{"line":274,"column":4},"end":{"line":274,"column":43}},"type":"if","locations":[{"start":{"line":274,"column":4},"end":{"line":274,"column":43}},{"start":{},"end":{}}],"line":274},"25":{"loc":{"start":{"line":275,"column":4},"end":{"line":275,"column":43}},"type":"if","locations":[{"start":{"line":275,"column":4},"end":{"line":275,"column":43}},{"start":{},"end":{}}],"line":275},"26":{"loc":{"start":{"line":280,"column":4},"end":{"line":280,"column":44}},"type":"if","locations":[{"start":{"line":280,"column":4},"end":{"line":280,"column":44}},{"start":{},"end":{}}],"line":280},"27":{"loc":{"start":{"line":281,"column":4},"end":{"line":281,"column":44}},"type":"if","locations":[{"start":{"line":281,"column":4},"end":{"line":281,"column":44}},{"start":{},"end":{}}],"line":281},"28":{"loc":{"start":{"line":282,"column":4},"end":{"line":282,"column":44}},"type":"if","locations":[{"start":{"line":282,"column":4},"end":{"line":282,"column":44}},{"start":{},"end":{}}],"line":282},"29":{"loc":{"start":{"line":315,"column":8},"end":{"line":315,"column":81}},"type":"binary-expr","locations":[{"start":{"line":315,"column":8},"end":{"line":315,"column":45}},{"start":{"line":315,"column":49},"end":{"line":315,"column":81}}],"line":315},"30":{"loc":{"start":{"line":321,"column":8},"end":{"line":321,"column":71}},"type":"binary-expr","locations":[{"start":{"line":321,"column":8},"end":{"line":321,"column":40}},{"start":{"line":321,"column":44},"end":{"line":321,"column":71}}],"line":321},"31":{"loc":{"start":{"line":327,"column":8},"end":{"line":327,"column":77}},"type":"binary-expr","locations":[{"start":{"line":327,"column":8},"end":{"line":327,"column":43}},{"start":{"line":327,"column":47},"end":{"line":327,"column":77}}],"line":327},"32":{"loc":{"start":{"line":332,"column":4},"end":{"line":332,"column":71}},"type":"if","locations":[{"start":{"line":332,"column":4},"end":{"line":332,"column":71}},{"start":{},"end":{}}],"line":332},"33":{"loc":{"start":{"line":332,"column":8},"end":{"line":332,"column":60}},"type":"binary-expr","locations":[{"start":{"line":332,"column":8},"end":{"line":332,"column":25}},{"start":{"line":332,"column":29},"end":{"line":332,"column":41}},{"start":{"line":332,"column":45},"end":{"line":332,"column":60}}],"line":332},"34":{"loc":{"start":{"line":333,"column":4},"end":{"line":333,"column":52}},"type":"if","locations":[{"start":{"line":333,"column":4},"end":{"line":333,"column":52}},{"start":{},"end":{}}],"line":333},"35":{"loc":{"start":{"line":333,"column":8},"end":{"line":333,"column":41}},"type":"binary-expr","locations":[{"start":{"line":333,"column":8},"end":{"line":333,"column":25}},{"start":{"line":333,"column":29},"end":{"line":333,"column":41}}],"line":333},"36":{"loc":{"start":{"line":334,"column":4},"end":{"line":334,"column":36}},"type":"if","locations":[{"start":{"line":334,"column":4},"end":{"line":334,"column":36}},{"start":{},"end":{}}],"line":334},"37":{"loc":{"start":{"line":335,"column":4},"end":{"line":335,"column":36}},"type":"if","locations":[{"start":{"line":335,"column":4},"end":{"line":335,"column":36}},{"start":{},"end":{}}],"line":335},"38":{"loc":{"start":{"line":341,"column":27},"end":{"line":341,"column":95}},"type":"binary-expr","locations":[{"start":{"line":341,"column":27},"end":{"line":341,"column":58}},{"start":{"line":341,"column":62},"end":{"line":341,"column":95}}],"line":341},"39":{"loc":{"start":{"line":342,"column":18},"end":{"line":342,"column":67}},"type":"binary-expr","locations":[{"start":{"line":342,"column":18},"end":{"line":342,"column":40}},{"start":{"line":342,"column":44},"end":{"line":342,"column":67}}],"line":342},"40":{"loc":{"start":{"line":348,"column":4},"end":{"line":348,"column":77}},"type":"if","locations":[{"start":{"line":348,"column":4},"end":{"line":348,"column":77}},{"start":{},"end":{}}],"line":348},"41":{"loc":{"start":{"line":348,"column":8},"end":{"line":348,"column":36}},"type":"binary-expr","locations":[{"start":{"line":348,"column":8},"end":{"line":348,"column":18}},{"start":{"line":348,"column":22},"end":{"line":348,"column":36}}],"line":348},"42":{"loc":{"start":{"line":349,"column":4},"end":{"line":349,"column":70}},"type":"if","locations":[{"start":{"line":349,"column":4},"end":{"line":349,"column":70}},{"start":{},"end":{}}],"line":349},"43":{"loc":{"start":{"line":349,"column":8},"end":{"line":349,"column":27}},"type":"binary-expr","locations":[{"start":{"line":349,"column":8},"end":{"line":349,"column":18}},{"start":{"line":349,"column":22},"end":{"line":349,"column":27}}],"line":349},"44":{"loc":{"start":{"line":361,"column":4},"end":{"line":361,"column":76}},"type":"if","locations":[{"start":{"line":361,"column":4},"end":{"line":361,"column":76}},{"start":{},"end":{}}],"line":361},"45":{"loc":{"start":{"line":361,"column":8},"end":{"line":361,"column":63}},"type":"binary-expr","locations":[{"start":{"line":361,"column":8},"end":{"line":361,"column":36}},{"start":{"line":361,"column":40},"end":{"line":361,"column":63}}],"line":361},"46":{"loc":{"start":{"line":362,"column":4},"end":{"line":362,"column":83}},"type":"if","locations":[{"start":{"line":362,"column":4},"end":{"line":362,"column":83}},{"start":{},"end":{}}],"line":362},"47":{"loc":{"start":{"line":362,"column":8},"end":{"line":362,"column":70}},"type":"binary-expr","locations":[{"start":{"line":362,"column":8},"end":{"line":362,"column":38}},{"start":{"line":362,"column":42},"end":{"line":362,"column":70}}],"line":362},"48":{"loc":{"start":{"line":363,"column":4},"end":{"line":363,"column":76}},"type":"if","locations":[{"start":{"line":363,"column":4},"end":{"line":363,"column":76}},{"start":{},"end":{}}],"line":363},"49":{"loc":{"start":{"line":363,"column":8},"end":{"line":363,"column":63}},"type":"binary-expr","locations":[{"start":{"line":363,"column":8},"end":{"line":363,"column":36}},{"start":{"line":363,"column":40},"end":{"line":363,"column":63}}],"line":363},"50":{"loc":{"start":{"line":364,"column":4},"end":{"line":364,"column":82}},"type":"if","locations":[{"start":{"line":364,"column":4},"end":{"line":364,"column":82}},{"start":{},"end":{}}],"line":364},"51":{"loc":{"start":{"line":364,"column":8},"end":{"line":364,"column":69}},"type":"binary-expr","locations":[{"start":{"line":364,"column":8},"end":{"line":364,"column":39}},{"start":{"line":364,"column":43},"end":{"line":364,"column":69}}],"line":364},"52":{"loc":{"start":{"line":365,"column":4},"end":{"line":365,"column":82}},"type":"if","locations":[{"start":{"line":365,"column":4},"end":{"line":365,"column":82}},{"start":{},"end":{}}],"line":365},"53":{"loc":{"start":{"line":365,"column":8},"end":{"line":365,"column":67}},"type":"binary-expr","locations":[{"start":{"line":365,"column":8},"end":{"line":365,"column":38}},{"start":{"line":365,"column":42},"end":{"line":365,"column":67}}],"line":365},"54":{"loc":{"start":{"line":377,"column":4},"end":{"line":377,"column":80}},"type":"if","locations":[{"start":{"line":377,"column":4},"end":{"line":377,"column":80}},{"start":{},"end":{}}],"line":377},"55":{"loc":{"start":{"line":377,"column":8},"end":{"line":377,"column":67}},"type":"binary-expr","locations":[{"start":{"line":377,"column":8},"end":{"line":377,"column":38}},{"start":{"line":377,"column":42},"end":{"line":377,"column":67}}],"line":377},"56":{"loc":{"start":{"line":378,"column":4},"end":{"line":378,"column":84}},"type":"if","locations":[{"start":{"line":378,"column":4},"end":{"line":378,"column":84}},{"start":{},"end":{}}],"line":378},"57":{"loc":{"start":{"line":378,"column":8},"end":{"line":378,"column":71}},"type":"binary-expr","locations":[{"start":{"line":378,"column":8},"end":{"line":378,"column":40}},{"start":{"line":378,"column":44},"end":{"line":378,"column":71}}],"line":378},"58":{"loc":{"start":{"line":379,"column":4},"end":{"line":379,"column":91}},"type":"if","locations":[{"start":{"line":379,"column":4},"end":{"line":379,"column":91}},{"start":{},"end":{}}],"line":379},"59":{"loc":{"start":{"line":379,"column":8},"end":{"line":379,"column":78}},"type":"binary-expr","locations":[{"start":{"line":379,"column":8},"end":{"line":379,"column":47}},{"start":{"line":379,"column":51},"end":{"line":379,"column":78}}],"line":379},"60":{"loc":{"start":{"line":380,"column":4},"end":{"line":380,"column":91}},"type":"if","locations":[{"start":{"line":380,"column":4},"end":{"line":380,"column":91}},{"start":{},"end":{}}],"line":380},"61":{"loc":{"start":{"line":380,"column":8},"end":{"line":380,"column":78}},"type":"binary-expr","locations":[{"start":{"line":380,"column":8},"end":{"line":380,"column":43}},{"start":{"line":380,"column":47},"end":{"line":380,"column":78}}],"line":380},"62":{"loc":{"start":{"line":381,"column":4},"end":{"line":381,"column":93}},"type":"if","locations":[{"start":{"line":381,"column":4},"end":{"line":381,"column":93}},{"start":{},"end":{}}],"line":381},"63":{"loc":{"start":{"line":381,"column":8},"end":{"line":381,"column":78}},"type":"binary-expr","locations":[{"start":{"line":381,"column":8},"end":{"line":381,"column":41}},{"start":{"line":381,"column":45},"end":{"line":381,"column":78}}],"line":381},"64":{"loc":{"start":{"line":395,"column":76},"end":{"line":395,"column":135}},"type":"cond-expr","locations":[{"start":{"line":395,"column":97},"end":{"line":395,"column":115}},{"start":{"line":395,"column":118},"end":{"line":395,"column":135}}],"line":395},"65":{"loc":{"start":{"line":400,"column":6},"end":{"line":400,"column":84}},"type":"binary-expr","locations":[{"start":{"line":400,"column":6},"end":{"line":400,"column":40}},{"start":{"line":400,"column":44},"end":{"line":400,"column":84}}],"line":400},"66":{"loc":{"start":{"line":403,"column":67},"end":{"line":403,"column":138}},"type":"cond-expr","locations":[{"start":{"line":403,"column":93},"end":{"line":403,"column":108}},{"start":{"line":403,"column":111},"end":{"line":403,"column":138}}],"line":403},"67":{"loc":{"start":{"line":407,"column":11},"end":{"line":407,"column":117}},"type":"cond-expr","locations":[{"start":{"line":407,"column":37},"end":{"line":407,"column":79}},{"start":{"line":407,"column":82},"end":{"line":407,"column":117}}],"line":407},"68":{"loc":{"start":{"line":411,"column":11},"end":{"line":411,"column":134}},"type":"cond-expr","locations":[{"start":{"line":411,"column":38},"end":{"line":411,"column":93}},{"start":{"line":411,"column":96},"end":{"line":411,"column":134}}],"line":411},"69":{"loc":{"start":{"line":417,"column":8},"end":{"line":417,"column":67}},"type":"binary-expr","locations":[{"start":{"line":417,"column":8},"end":{"line":417,"column":48}},{"start":{"line":417,"column":52},"end":{"line":417,"column":67}}],"line":417},"70":{"loc":{"start":{"line":435,"column":70},"end":{"line":435,"column":164}},"type":"cond-expr","locations":[{"start":{"line":435,"column":98},"end":{"line":435,"column":131}},{"start":{"line":435,"column":134},"end":{"line":435,"column":164}}],"line":435},"71":{"loc":{"start":{"line":480,"column":8},"end":{"line":481,"column":60}},"type":"binary-expr","locations":[{"start":{"line":480,"column":8},"end":{"line":480,"column":60}},{"start":{"line":481,"column":8},"end":{"line":481,"column":60}}],"line":480},"72":{"loc":{"start":{"line":485,"column":4},"end":{"line":487,"column":5}},"type":"if","locations":[{"start":{"line":485,"column":4},"end":{"line":487,"column":5}},{"start":{},"end":{}}],"line":485},"73":{"loc":{"start":{"line":490,"column":4},"end":{"line":492,"column":5}},"type":"if","locations":[{"start":{"line":490,"column":4},"end":{"line":492,"column":5}},{"start":{},"end":{}}],"line":490},"74":{"loc":{"start":{"line":495,"column":4},"end":{"line":497,"column":5}},"type":"if","locations":[{"start":{"line":495,"column":4},"end":{"line":497,"column":5}},{"start":{},"end":{}}],"line":495},"75":{"loc":{"start":{"line":514,"column":6},"end":{"line":516,"column":7}},"type":"if","locations":[{"start":{"line":514,"column":6},"end":{"line":516,"column":7}},{"start":{},"end":{}}],"line":514}},"s":{"0":1,"1":1,"2":1,"3":1,"4":1,"5":1,"6":1,"7":1,"8":1,"9":1,"10":1,"11":1,"12":1,"13":1,"14":1,"15":1,"16":1,"17":1,"18":1,"19":1,"20":1,"21":1,"22":1,"23":1,"24":1,"25":1,"26":1,"27":1,"28":1,"29":1,"30":1,"31":1,"32":1,"33":1,"34":1,"35":1,"36":1,"37":1,"38":1,"39":1,"40":1,"41":1,"42":1,"43":1,"44":1,"45":0,"46":0,"47":0,"48":0,"49":0,"50":1,"51":1,"52":1,"53":21,"54":1,"55":1,"56":1,"57":1,"58":1,"59":1,"60":0,"61":1,"62":1,"63":1,"64":1,"65":1,"66":1,"67":6,"68":2,"69":1,"70":1,"71":1,"72":1,"73":1,"74":1,"75":5,"76":1,"77":1,"78":1,"79":0,"80":0,"81":0,"82":0,"83":0,"84":0,"85":0,"86":1,"87":0,"88":1,"89":1,"90":0,"91":0,"92":0,"93":1,"94":0,"95":1,"96":0,"97":1,"98":1,"99":0,"100":1,"101":1,"102":5,"103":1,"104":1,"105":1,"106":4,"107":1,"108":1,"109":1,"110":1,"111":14,"112":90,"113":1,"114":14,"115":63,"116":1,"117":14,"118":65,"119":1,"120":1,"121":0,"122":0,"123":0,"124":0,"125":0,"126":0,"127":0,"128":1,"129":1,"130":1,"131":1,"132":1,"133":1,"134":1,"135":1,"136":1,"137":1,"138":1,"139":1,"140":1,"141":1,"142":1,"143":1,"144":1,"145":1,"146":1,"147":1,"148":1,"149":0,"150":1,"151":1,"152":1,"153":1,"154":1,"155":1,"156":1,"157":0,"158":1,"159":1,"160":1,"161":1,"162":1,"163":1,"164":1,"165":1,"166":14,"167":48,"168":1,"169":1,"170":5,"171":1,"172":1,"173":1,"174":1,"175":8,"176":24,"177":1,"178":1,"179":1,"180":8,"181":35,"182":1,"183":1,"184":1,"185":1,"186":4,"187":3,"188":1,"189":4,"190":0,"191":1,"192":5,"193":5,"194":1,"195":5,"196":0,"197":1,"198":1,"199":14,"200":48,"201":1,"202":1,"203":1,"204":1,"205":1,"206":1,"207":1,"208":1,"209":1,"210":1,"211":5,"212":141,"213":5,"214":96,"215":5,"216":5,"217":1,"218":6,"219":6,"220":1},"f":{"0":1,"1":1,"2":1,"3":1,"4":1,"5":1,"6":1,"7":1,"8":21,"9":1,"10":1,"11":1,"12":1,"13":1,"14":6,"15":2,"16":1,"17":1,"18":1,"19":5,"20":1,"21":1,"22":1,"23":1,"24":1,"25":5,"26":1,"27":4,"28":1,"29":1,"30":14,"31":90,"32":14,"33":63,"34":14,"35":65,"36":1,"37":1,"38":1,"39":1,"40":14,"41":48,"42":1,"43":5,"44":1,"45":1,"46":1,"47":8,"48":24,"49":1,"50":1,"51":8,"52":35,"53":1,"54":1,"55":1,"56":4,"57":3,"58":1,"59":4,"60":0,"61":1,"62":5,"63":5,"64":1,"65":5,"66":0,"67":1,"68":14,"69":48,"70":1,"71":5,"72":141,"73":96,"74":6,"75":6},"b":{"0":[0,1],"1":[1,0],"2":[0,1],"3":[1,0],"4":[1,1],"5":[0,0],"6":[0,0],"7":[0,0],"8":[0,0],"9":[1,0],"10":[0,0],"11":[1,0],"12":[0,0],"13":[1,0],"14":[1,0],"15":[0,0],"16":[0,0],"17":[1,0],"18":[1,0],"19":[1,0],"20":[0,0],"21":[0,0],"22":[0,0],"23":[0,1],"24":[1,0],"25":[0,0],"26":[0,1],"27":[0,1],"28":[1,0],"29":[90,7],"30":[63,2],"31":[65,2],"32":[1,0],"33":[1,1,1],"34":[0,0],"35":[0,0],"36":[0,0],"37":[0,0],"38":[1,0],"39":[1,0],"40":[1,0],"41":[1,1],"42":[1,0],"43":[1,1],"44":[1,0],"45":[1,1],"46":[1,0],"47":[1,1],"48":[1,0],"49":[1,1],"50":[1,0],"51":[1,1],"52":[0,1],"53":[1,1],"54":[1,0],"55":[1,1],"56":[0,1],"57":[1,1],"58":[1,0],"59":[1,1],"60":[1,0],"61":[1,0],"62":[1,0],"63":[1,1],"64":[1,0],"65":[5,4],"66":[1,0],"67":[1,0],"68":[1,0],"69":[24,12],"70":[1,0],"71":[48,34],"72":[1,0],"73":[1,0],"74":[1,0],"75":[5,0]},"_coverageSchema":"1a1c01bbd47fc00a2c39e90264f33305004495a9","hash":"9227722c5347defe6ab754375e20cd9d017bed97"}
,"D:\\Web Projects\\AI CV Evaluator\\services\\vectorDB.js": {"path":"D:\\Web Projects\\AI CV Evaluator\\services\\vectorDB.js","statementMap":{"0":{"start":{"line":4,"column":8},"end":{"line":4,"column":28}},"1":{"start":{"line":5,"column":8},"end":{"line":5,"column":36}},"2":{"start":{"line":6,"column":8},"end":{"line":6,"column":33}},"3":{"start":{"line":10,"column":8},"end":{"line":22,"column":9}},"4":{"start":{"line":11,"column":12},"end":{"line":11,"column":63}},"5":{"start":{"line":14,"column":12},"end":{"line":14,"column":45}},"6":{"start":{"line":15,"column":12},"end":{"line":15,"column":43}},"7":{"start":{"line":17,"column":12},"end":{"line":17,"column":36}},"8":{"start":{"line":18,"column":12},"end":{"line":18,"column":65}},"9":{"start":{"line":20,"column":12},"end":{"line":20,"column":71}},"10":{"start":{"line":21,"column":12},"end":{"line":21,"column":24}},"11":{"start":{"line":26,"column":31},"end":{"line":66,"column":5}},"12":{"start":{"line":68,"column":8},"end":{"line":68,"column":88}},"13":{"start":{"line":72,"column":30},"end":{"line":162,"column":5}},"14":{"start":{"line":164,"column":8},"end":{"line":164,"column":89}},"15":{"start":{"line":168,"column":25},"end":{"line":175,"column":9}},"16":{"start":{"line":177,"column":8},"end":{"line":177,"column":38}},"17":{"start":{"line":178,"column":8},"end":{"line":178,"column":84}},"18":{"start":{"line":183,"column":25},"end":{"line":183,"column":49}},"19":{"start":{"line":184,"column":8},"end":{"line":186,"column":40}},"20":{"start":{"line":185,"column":29},"end":{"line":185,"column":53}},"21":{"start":{"line":186,"column":26},"end":{"line":186,"column":38}},"22":{"start":{"line":190,"column":25},"end":{"line":194,"column":19}},"23":{"start":{"line":193,"column":16},"end":{"line":193,"column":298}},"24":{"start":{"line":197,"column":26},"end":{"line":197,"column":28}},"25":{"start":{"line":198,"column":8},"end":{"line":200,"column":11}},"26":{"start":{"line":199,"column":12},"end":{"line":199,"column":57}},"27":{"start":{"line":202,"column":8},"end":{"line":205,"column":35}},"28":{"start":{"line":203,"column":28},"end":{"line":203,"column":39}},"29":{"start":{"line":205,"column":29},"end":{"line":205,"column":33}},"30":{"start":{"line":210,"column":23},"end":{"line":210,"column":80}},"31":{"start":{"line":210,"column":50},"end":{"line":210,"column":79}},"32":{"start":{"line":212,"column":8},"end":{"line":214,"column":9}},"33":{"start":{"line":213,"column":12},"end":{"line":213,"column":59}},"34":{"start":{"line":216,"column":8},"end":{"line":218,"column":9}},"35":{"start":{"line":217,"column":12},"end":{"line":217,"column":34}},"36":{"start":{"line":221,"column":31},"end":{"line":221,"column":76}},"37":{"start":{"line":222,"column":8},"end":{"line":222,"column":43}},"38":{"start":{"line":226,"column":26},"end":{"line":226,"column":81}},"39":{"start":{"line":226,"column":53},"end":{"line":226,"column":80}},"40":{"start":{"line":228,"column":8},"end":{"line":230,"column":9}},"41":{"start":{"line":229,"column":12},"end":{"line":229,"column":57}},"42":{"start":{"line":232,"column":8},"end":{"line":234,"column":9}},"43":{"start":{"line":233,"column":12},"end":{"line":233,"column":37}},"44":{"start":{"line":237,"column":31},"end":{"line":237,"column":88}},"45":{"start":{"line":238,"column":8},"end":{"line":238,"column":43}},"46":{"start":{"line":242,"column":27},"end":{"line":242,"column":59}},"47":{"start":{"line":244,"column":29},"end":{"line":250,"column":46}},"48":{"start":{"line":245,"column":27},"end":{"line":248,"column":13}},"49":{"start":{"line":249,"column":28},"end":{"line":249,"column":42}},"50":{"start":{"line":250,"column":28},"end":{"line":250,"column":45}},"51":{"start":{"line":253,"column":8},"end":{"line":255,"column":37}},"52":{"start":{"line":255,"column":25},"end":{"line":255,"column":35}},"53":{"start":{"line":259,"column":27},"end":{"line":259,"column":59}},"54":{"start":{"line":260,"column":20},"end":{"line":260,"column":21}},"55":{"start":{"line":262,"column":8},"end":{"line":268,"column":11}},"56":{"start":{"line":263,"column":12},"end":{"line":267,"column":15}},"57":{"start":{"line":264,"column":16},"end":{"line":266,"column":17}},"58":{"start":{"line":265,"column":20},"end":{"line":265,"column":58}},"59":{"start":{"line":271,"column":8},"end":{"line":273,"column":9}},"60":{"start":{"line":271,"column":36},"end":{"line":271,"column":70}},"61":{"start":{"line":272,"column":12},"end":{"line":272,"column":23}},"62":{"start":{"line":275,"column":8},"end":{"line":275,"column":21}},"63":{"start":{"line":280,"column":32},"end":{"line":280,"column":113}},"64":{"start":{"line":281,"column":25},"end":{"line":281,"column":97}},"65":{"start":{"line":283,"column":8},"end":{"line":286,"column":10}},"66":{"start":{"line":290,"column":30},"end":{"line":290,"column":115}},"67":{"start":{"line":291,"column":30},"end":{"line":291,"column":109}},"68":{"start":{"line":293,"column":8},"end":{"line":296,"column":10}},"69":{"start":{"line":301,"column":22},"end":{"line":301,"column":74}},"70":{"start":{"line":301,"column":62},"end":{"line":301,"column":73}},"71":{"start":{"line":302,"column":30},"end":{"line":302,"column":92}},"72":{"start":{"line":302,"column":49},"end":{"line":302,"column":91}},"73":{"start":{"line":303,"column":27},"end":{"line":303,"column":87}},"74":{"start":{"line":303,"column":46},"end":{"line":303,"column":86}},"75":{"start":{"line":305,"column":8},"end":{"line":309,"column":10}},"76":{"start":{"line":313,"column":8},"end":{"line":318,"column":10}},"77":{"start":{"line":322,"column":8},"end":{"line":328,"column":10}},"78":{"start":{"line":332,"column":8},"end":{"line":332,"column":79}},"79":{"start":{"line":336,"column":22},"end":{"line":336,"column":38}},"80":{"start":{"line":337,"column":29},"end":{"line":337,"column":80}},"81":{"start":{"line":337,"column":53},"end":{"line":337,"column":79}},"82":{"start":{"line":339,"column":8},"end":{"line":339,"column":43}},"83":{"start":{"line":339,"column":33},"end":{"line":339,"column":43}},"84":{"start":{"line":341,"column":29},"end":{"line":341,"column":31}},"85":{"start":{"line":342,"column":8},"end":{"line":349,"column":9}},"86":{"start":{"line":342,"column":21},"end":{"line":342,"column":37}},"87":{"start":{"line":343,"column":25},"end":{"line":343,"column":40}},"88":{"start":{"line":344,"column":12},"end":{"line":348,"column":13}},"89":{"start":{"line":345,"column":16},"end":{"line":345,"column":60}},"90":{"start":{"line":346,"column":19},"end":{"line":348,"column":13}},"91":{"start":{"line":347,"column":16},"end":{"line":347,"column":22}},"92":{"start":{"line":351,"column":8},"end":{"line":351,"column":28}},"93":{"start":{"line":355,"column":22},"end":{"line":355,"column":40}},"94":{"start":{"line":356,"column":27},"end":{"line":356,"column":79}},"95":{"start":{"line":356,"column":51},"end":{"line":356,"column":78}},"96":{"start":{"line":358,"column":8},"end":{"line":358,"column":75}},"97":{"start":{"line":358,"column":31},"end":{"line":358,"column":75}},"98":{"start":{"line":360,"column":24},"end":{"line":360,"column":26}},"99":{"start":{"line":361,"column":8},"end":{"line":366,"column":9}},"100":{"start":{"line":361,"column":21},"end":{"line":361,"column":31}},"101":{"start":{"line":362,"column":25},"end":{"line":362,"column":40}},"102":{"start":{"line":363,"column":12},"end":{"line":365,"column":13}},"103":{"start":{"line":364,"column":16},"end":{"line":364,"column":35}},"104":{"start":{"line":368,"column":8},"end":{"line":368,"column":33}},"105":{"start":{"line":373,"column":8},"end":{"line":378,"column":10}},"106":{"start":{"line":376,"column":62},"end":{"line":376,"column":74}},"107":{"start":{"line":377,"column":61},"end":{"line":377,"column":84}},"108":{"start":{"line":382,"column":27},"end":{"line":382,"column":59}},"109":{"start":{"line":384,"column":24},"end":{"line":392,"column":28}},"110":{"start":{"line":384,"column":51},"end":{"line":389,"column":9}},"111":{"start":{"line":390,"column":30},"end":{"line":390,"column":55}},"112":{"start":{"line":391,"column":28},"end":{"line":391,"column":63}},"113":{"start":{"line":394,"column":8},"end":{"line":394,"column":23}},"114":{"start":{"line":398,"column":0},"end":{"line":398,"column":32}}},"fnMap":{"0":{"name":"(anonymous_0)","decl":{"start":{"line":3,"column":4},"end":{"line":3,"column":5}},"loc":{"start":{"line":3,"column":18},"end":{"line":7,"column":5}},"line":3},"1":{"name":"(anonymous_1)","decl":{"start":{"line":9,"column":4},"end":{"line":9,"column":5}},"loc":{"start":{"line":9,"column":23},"end":{"line":23,"column":5}},"line":9},"2":{"name":"(anonymous_2)","decl":{"start":{"line":25,"column":4},"end":{"line":25,"column":5}},"loc":{"start":{"line":25,"column":32},"end":{"line":69,"column":5}},"line":25},"3":{"name":"(anonymous_3)","decl":{"start":{"line":71,"column":4},"end":{"line":71,"column":5}},"loc":{"start":{"line":71,"column":30},"end":{"line":165,"column":5}},"line":71},"4":{"name":"(anonymous_4)","decl":{"start":{"line":167,"column":4},"end":{"line":167,"column":5}},"loc":{"start":{"line":167,"column":47},"end":{"line":179,"column":5}},"line":167},"5":{"name":"(anonymous_5)","decl":{"start":{"line":181,"column":4},"end":{"line":181,"column":5}},"loc":{"start":{"line":181,"column":27},"end":{"line":187,"column":5}},"line":181},"6":{"name":"(anonymous_6)","decl":{"start":{"line":185,"column":20},"end":{"line":185,"column":21}},"loc":{"start":{"line":185,"column":29},"end":{"line":185,"column":53}},"line":185},"7":{"name":"(anonymous_7)","decl":{"start":{"line":186,"column":17},"end":{"line":186,"column":18}},"loc":{"start":{"line":186,"column":26},"end":{"line":186,"column":38}},"line":186},"8":{"name":"(anonymous_8)","decl":{"start":{"line":189,"column":4},"end":{"line":189,"column":5}},"loc":{"start":{"line":189,"column":26},"end":{"line":206,"column":5}},"line":189},"9":{"name":"(anonymous_9)","decl":{"start":{"line":192,"column":21},"end":{"line":192,"column":22}},"loc":{"start":{"line":193,"column":16},"end":{"line":193,"column":298}},"line":193},"10":{"name":"(anonymous_10)","decl":{"start":{"line":198,"column":25},"end":{"line":198,"column":26}},"loc":{"start":{"line":198,"column":33},"end":{"line":200,"column":9}},"line":198},"11":{"name":"(anonymous_11)","decl":{"start":{"line":203,"column":18},"end":{"line":203,"column":19}},"loc":{"start":{"line":203,"column":28},"end":{"line":203,"column":39}},"line":203},"12":{"name":"(anonymous_12)","decl":{"start":{"line":205,"column":17},"end":{"line":205,"column":18}},"loc":{"start":{"line":205,"column":29},"end":{"line":205,"column":33}},"line":205},"13":{"name":"(anonymous_13)","decl":{"start":{"line":209,"column":4},"end":{"line":209,"column":5}},"loc":{"start":{"line":209,"column":43},"end":{"line":223,"column":5}},"line":209},"14":{"name":"(anonymous_14)","decl":{"start":{"line":210,"column":43},"end":{"line":210,"column":44}},"loc":{"start":{"line":210,"column":50},"end":{"line":210,"column":79}},"line":210},"15":{"name":"(anonymous_15)","decl":{"start":{"line":225,"column":4},"end":{"line":225,"column":5}},"loc":{"start":{"line":225,"column":50},"end":{"line":239,"column":5}},"line":225},"16":{"name":"(anonymous_16)","decl":{"start":{"line":226,"column":46},"end":{"line":226,"column":47}},"loc":{"start":{"line":226,"column":53},"end":{"line":226,"column":80}},"line":226},"17":{"name":"(anonymous_17)","decl":{"start":{"line":241,"column":4},"end":{"line":241,"column":5}},"loc":{"start":{"line":241,"column":38},"end":{"line":256,"column":5}},"line":241},"18":{"name":"(anonymous_18)","decl":{"start":{"line":245,"column":17},"end":{"line":245,"column":18}},"loc":{"start":{"line":245,"column":27},"end":{"line":248,"column":13}},"line":245},"19":{"name":"(anonymous_19)","decl":{"start":{"line":249,"column":20},"end":{"line":249,"column":21}},"loc":{"start":{"line":249,"column":28},"end":{"line":249,"column":42}},"line":249},"20":{"name":"(anonymous_20)","decl":{"start":{"line":250,"column":18},"end":{"line":250,"column":19}},"loc":{"start":{"line":250,"column":28},"end":{"line":250,"column":45}},"line":250},"21":{"name":"(anonymous_21)","decl":{"start":{"line":255,"column":17},"end":{"line":255,"column":18}},"loc":{"start":{"line":255,"column":25},"end":{"line":255,"column":35}},"line":255},"22":{"name":"(anonymous_22)","decl":{"start":{"line":258,"column":4},"end":{"line":258,"column":5}},"loc":{"start":{"line":258,"column":47},"end":{"line":276,"column":5}},"line":258},"23":{"name":"(anonymous_23)","decl":{"start":{"line":262,"column":27},"end":{"line":262,"column":28}},"loc":{"start":{"line":262,"column":40},"end":{"line":268,"column":9}},"line":262},"24":{"name":"(anonymous_24)","decl":{"start":{"line":263,"column":31},"end":{"line":263,"column":32}},"loc":{"start":{"line":263,"column":44},"end":{"line":267,"column":13}},"line":263},"25":{"name":"(anonymous_25)","decl":{"start":{"line":271,"column":28},"end":{"line":271,"column":29}},"loc":{"start":{"line":271,"column":36},"end":{"line":271,"column":70}},"line":271},"26":{"name":"(anonymous_26)","decl":{"start":{"line":279,"column":4},"end":{"line":279,"column":5}},"loc":{"start":{"line":279,"column":38},"end":{"line":287,"column":5}},"line":279},"27":{"name":"(anonymous_27)","decl":{"start":{"line":289,"column":4},"end":{"line":289,"column":5}},"loc":{"start":{"line":289,"column":43},"end":{"line":297,"column":5}},"line":289},"28":{"name":"(anonymous_28)","decl":{"start":{"line":299,"column":4},"end":{"line":299,"column":5}},"loc":{"start":{"line":299,"column":36},"end":{"line":310,"column":5}},"line":299},"29":{"name":"(anonymous_29)","decl":{"start":{"line":301,"column":54},"end":{"line":301,"column":55}},"loc":{"start":{"line":301,"column":62},"end":{"line":301,"column":73}},"line":301},"30":{"name":"(anonymous_30)","decl":{"start":{"line":302,"column":41},"end":{"line":302,"column":42}},"loc":{"start":{"line":302,"column":49},"end":{"line":302,"column":91}},"line":302},"31":{"name":"(anonymous_31)","decl":{"start":{"line":303,"column":38},"end":{"line":303,"column":39}},"loc":{"start":{"line":303,"column":46},"end":{"line":303,"column":86}},"line":303},"32":{"name":"(anonymous_32)","decl":{"start":{"line":312,"column":4},"end":{"line":312,"column":5}},"loc":{"start":{"line":312,"column":32},"end":{"line":319,"column":5}},"line":312},"33":{"name":"(anonymous_33)","decl":{"start":{"line":321,"column":4},"end":{"line":321,"column":5}},"loc":{"start":{"line":321,"column":35},"end":{"line":329,"column":5}},"line":321},"34":{"name":"(anonymous_34)","decl":{"start":{"line":331,"column":4},"end":{"line":331,"column":5}},"loc":{"start":{"line":331,"column":47},"end":{"line":333,"column":5}},"line":331},"35":{"name":"(anonymous_35)","decl":{"start":{"line":335,"column":4},"end":{"line":335,"column":5}},"loc":{"start":{"line":335,"column":43},"end":{"line":352,"column":5}},"line":335},"36":{"name":"(anonymous_36)","decl":{"start":{"line":337,"column":45},"end":{"line":337,"column":46}},"loc":{"start":{"line":337,"column":53},"end":{"line":337,"column":79}},"line":337},"37":{"name":"(anonymous_37)","decl":{"start":{"line":354,"column":4},"end":{"line":354,"column":5}},"loc":{"start":{"line":354,"column":48},"end":{"line":369,"column":5}},"line":354},"38":{"name":"(anonymous_38)","decl":{"start":{"line":356,"column":43},"end":{"line":356,"column":44}},"loc":{"start":{"line":356,"column":51},"end":{"line":356,"column":78}},"line":356},"39":{"name":"(anonymous_39)","decl":{"start":{"line":372,"column":4},"end":{"line":372,"column":5}},"loc":{"start":{"line":372,"column":16},"end":{"line":379,"column":5}},"line":372},"40":{"name":"(anonymous_40)","decl":{"start":{"line":376,"column":55},"end":{"line":376,"column":56}},"loc":{"start":{"line":376,"column":62},"end":{"line":376,"column":74}},"line":376},"41":{"name":"(anonymous_41)","decl":{"start":{"line":377,"column":47},"end":{"line":377,"column":48}},"loc":{"start":{"line":377,"column":61},"end":{"line":377,"column":84}},"line":377},"42":{"name":"(anonymous_42)","decl":{"start":{"line":381,"column":4},"end":{"line":381,"column":5}},"loc":{"start":{"line":381,"column":38},"end":{"line":395,"column":5}},"line":381},"43":{"name":"(anonymous_43)","decl":{"start":{"line":384,"column":43},"end":{"line":384,"column":44}},"loc":{"start":{"line":384,"column":51},"end":{"line":389,"column":9}},"line":384},"44":{"name":"(anonymous_44)","decl":{"start":{"line":390,"column":20},"end":{"line":390,"column":21}},"loc":{"start":{"line":390,"column":30},"end":{"line":390,"column":55}},"line":390},"45":{"name":"(anonymous_45)","decl":{"start":{"line":391,"column":18},"end":{"line":391,"column":19}},"loc":{"start":{"line":391,"column":28},"end":{"line":391,"column":63}},"line":391}},"branchMap":{"0":{"loc":{"start":{"line":190,"column":25},"end":{"line":194,"column":19}},"type":"binary-expr","locations":[{"start":{"line":190,"column":25},"end":{"line":194,"column":13}},{"start":{"line":194,"column":17},"end":{"line":194,"column":19}}],"line":190},"1":{"loc":{"start":{"line":199,"column":31},"end":{"line":199,"column":51}},"type":"binary-expr","locations":[{"start":{"line":199,"column":31},"end":{"line":199,"column":46}},{"start":{"line":199,"column":50},"end":{"line":199,"column":51}}],"line":199},"2":{"loc":{"start":{"line":209,"column":29},"end":{"line":209,"column":41}},"type":"default-arg","locations":[{"start":{"line":209,"column":37},"end":{"line":209,"column":41}}],"line":209},"3":{"loc":{"start":{"line":212,"column":8},"end":{"line":214,"column":9}},"type":"if","locations":[{"start":{"line":212,"column":8},"end":{"line":214,"column":9}},{"start":{},"end":{}}],"line":212},"4":{"loc":{"start":{"line":216,"column":8},"end":{"line":218,"column":9}},"type":"if","locations":[{"start":{"line":216,"column":8},"end":{"line":218,"column":9}},{"start":{},"end":{}}],"line":216},"5":{"loc":{"start":{"line":225,"column":27},"end":{"line":225,"column":48}},"type":"default-arg","locations":[{"start":{"line":225,"column":44},"end":{"line":225,"column":48}}],"line":225},"6":{"loc":{"start":{"line":228,"column":8},"end":{"line":230,"column":9}},"type":"if","locations":[{"start":{"line":228,"column":8},"end":{"line":230,"column":9}},{"start":{},"end":{}}],"line":228},"7":{"loc":{"start":{"line":232,"column":8},"end":{"line":234,"column":9}},"type":"if","locations":[{"start":{"line":232,"column":8},"end":{"line":234,"column":9}},{"start":{},"end":{}}],"line":232},"8":{"loc":{"start":{"line":264,"column":16},"end":{"line":266,"column":17}},"type":"if","locations":[{"start":{"line":264,"column":16},"end":{"line":266,"column":17}},{"start":{},"end":{}}],"line":264},"9":{"loc":{"start":{"line":264,"column":20},"end":{"line":264,"column":82}},"type":"binary-expr","locations":[{"start":{"line":264,"column":20},"end":{"line":264,"column":49}},{"start":{"line":264,"column":53},"end":{"line":264,"column":82}}],"line":264},"10":{"loc":{"start":{"line":265,"column":29},"end":{"line":265,"column":57}},"type":"cond-expr","locations":[{"start":{"line":265,"column":52},"end":{"line":265,"column":53}},{"start":{"line":265,"column":56},"end":{"line":265,"column":57}}],"line":265},"11":{"loc":{"start":{"line":271,"column":8},"end":{"line":273,"column":9}},"type":"if","locations":[{"start":{"line":271,"column":8},"end":{"line":273,"column":9}},{"start":{},"end":{}}],"line":271},"12":{"loc":{"start":{"line":339,"column":8},"end":{"line":339,"column":43}},"type":"if","locations":[{"start":{"line":339,"column":8},"end":{"line":339,"column":43}},{"start":{},"end":{}}],"line":339},"13":{"loc":{"start":{"line":344,"column":12},"end":{"line":348,"column":13}},"type":"if","locations":[{"start":{"line":344,"column":12},"end":{"line":348,"column":13}},{"start":{"line":346,"column":19},"end":{"line":348,"column":13}}],"line":344},"14":{"loc":{"start":{"line":344,"column":16},"end":{"line":344,"column":60}},"type":"binary-expr","locations":[{"start":{"line":344,"column":16},"end":{"line":344,"column":36}},{"start":{"line":344,"column":40},"end":{"line":344,"column":60}}],"line":344},"15":{"loc":{"start":{"line":346,"column":19},"end":{"line":348,"column":13}},"type":"if","locations":[{"start":{"line":346,"column":19},"end":{"line":348,"column":13}},{"start":{},"end":{}}],"line":346},"16":{"loc":{"start":{"line":346,"column":23},"end":{"line":346,"column":79}},"type":"binary-expr","locations":[{"start":{"line":346,"column":23},"end":{"line":346,"column":27}},{"start":{"line":346,"column":31},"end":{"line":346,"column":52}},{"start":{"line":346,"column":56},"end":{"line":346,"column":79}}],"line":346},"17":{"loc":{"start":{"line":358,"column":8},"end":{"line":358,"column":75}},"type":"if","locations":[{"start":{"line":358,"column":8},"end":{"line":358,"column":75}},{"start":{},"end":{}}],"line":358},"18":{"loc":{"start":{"line":361,"column":33},"end":{"line":361,"column":72}},"type":"binary-expr","locations":[{"start":{"line":361,"column":33},"end":{"line":361,"column":49}},{"start":{"line":361,"column":53},"end":{"line":361,"column":72}}],"line":361},"19":{"loc":{"start":{"line":363,"column":12},"end":{"line":365,"column":13}},"type":"if","locations":[{"start":{"line":363,"column":12},"end":{"line":365,"column":13}},{"start":{},"end":{}}],"line":363},"20":{"loc":{"start":{"line":363,"column":16},"end":{"line":363,"column":68}},"type":"binary-expr","locations":[{"start":{"line":363,"column":16},"end":{"line":363,"column":40}},{"start":{"line":363,"column":44},"end":{"line":363,"column":68}}],"line":363},"21":{"loc":{"start":{"line":381,"column":27},"end":{"line":381,"column":36}},"type":"default-arg","locations":[{"start":{"line":381,"column":35},"end":{"line":381,"column":36}}],"line":381}},"s":{"0":1,"1":1,"2":1,"3":1,"4":1,"5":1,"6":1,"7":1,"8":1,"9":0,"10":0,"11":1,"12":1,"13":1,"14":1,"15":2,"16":2,"17":2,"18":2,"19":2,"20":22,"21":20,"22":2,"23":624,"24":2,"25":2,"26":598,"27":2,"28":1477,"29":40,"30":2,"31":2,"32":2,"33":0,"34":2,"35":0,"36":2,"37":2,"38":2,"39":4,"40":2,"41":0,"42":2,"43":0,"44":2,"45":2,"46":8,"47":8,"48":80,"49":80,"50":95,"51":8,"52":24,"53":80,"54":80,"55":80,"56":300,"57":11460,"58":119,"59":80,"60":230,"61":46,"62":80,"63":1,"64":1,"65":1,"66":1,"67":1,"68":1,"69":1,"70":19,"71":1,"72":8,"73":1,"74":1,"75":1,"76":1,"77":1,"78":1,"79":3,"80":3,"81":12,"82":3,"83":0,"84":3,"85":3,"86":3,"87":26,"88":26,"89":22,"90":4,"91":2,"92":3,"93":9,"94":9,"95":133,"96":9,"97":5,"98":4,"99":4,"100":4,"101":32,"102":32,"103":24,"104":4,"105":3,"106":6,"107":6,"108":1,"109":1,"110":2,"111":2,"112":1,"113":1,"114":1},"f":{"0":1,"1":1,"2":1,"3":1,"4":2,"5":2,"6":22,"7":20,"8":2,"9":624,"10":598,"11":1477,"12":40,"13":2,"14":2,"15":2,"16":4,"17":8,"18":80,"19":80,"20":95,"21":24,"22":80,"23":300,"24":11460,"25":230,"26":1,"27":1,"28":1,"29":19,"30":8,"31":1,"32":1,"33":1,"34":1,"35":3,"36":12,"37":9,"38":133,"39":3,"40":6,"41":6,"42":1,"43":2,"44":2,"45":1},"b":{"0":[2,0],"1":[598,317],"2":[0],"3":[0,2],"4":[0,2],"5":[0],"6":[0,2],"7":[0,2],"8":[119,11341],"9":[11460,11372],"10":[111,8],"11":[46,34],"12":[0,3],"13":[22,4],"14":[26,4],"15":[2,2],"16":[4,2,2],"17":[5,4],"18":[36,34],"19":[24,8],"20":[32,13],"21":[0]},"_coverageSchema":"1a1c01bbd47fc00a2c39e90264f33305004495a9","hash":"b2113d89443d7161bb0917ae935cafc3efc0cdd8"}
}
