TN:
SF:server.js
FN:30,(anonymous_0)
FN:64,(anonymous_1)
FN:93,(anonymous_2)
FN:166,(anonymous_3)
FN:208,(anonymous_4)
FN:258,(anonymous_5)
FN:312,(anonymous_6)
FN:347,(anonymous_7)
FN:371,(anonymous_8)
FN:404,processEvaluation
FN:520,extractFileContent
FN:555,(anonymous_11)
FN:583,(anonymous_12)
FN:602,(anonymous_13)
FN:627,(anonymous_14)
FN:633,(anonymous_15)
FNF:16
FNH:13
FNDA:14,(anonymous_0)
FNDA:1,(anonymous_1)
FNDA:8,(anonymous_2)
FNDA:2,(anonymous_3)
FNDA:3,(anonymous_4)
FNDA:6,(anonymous_5)
FNDA:2,(anonymous_6)
FNDA:1,(anonymous_7)
FNDA:2,(anonymous_8)
FNDA:1,processEvaluation
FNDA:2,extractFileContent
FNDA:0,(anonymous_11)
FNDA:2,(anonymous_12)
FNDA:1,(anonymous_13)
FNDA:0,(anonymous_14)
FNDA:0,(anonymous_15)
DA:2,1
DA:3,1
DA:4,1
DA:5,1
DA:6,1
DA:7,1
DA:10,1
DA:11,1
DA:13,1
DA:14,1
DA:20,1
DA:21,1
DA:22,1
DA:25,1
DA:31,14
DA:36,14
DA:37,14
DA:39,0
DA:45,1
DA:46,0
DA:47,0
DA:54,1
DA:55,1
DA:64,1
DA:65,1
DA:90,1
DA:94,8
DA:95,8
DA:98,8
DA:99,2
DA:109,6
DA:110,6
DA:111,6
DA:114,6
DA:134,6
DA:136,6
DA:137,6
DA:138,6
DA:140,6
DA:155,0
DA:156,0
DA:166,1
DA:167,2
DA:168,2
DA:169,2
DA:171,2
DA:172,1
DA:178,1
DA:197,0
DA:198,0
DA:208,1
DA:209,3
DA:210,3
DA:211,3
DA:214,3
DA:215,2
DA:222,1
DA:225,1
DA:233,1
DA:236,1
DA:238,1
DA:247,0
DA:248,0
DA:258,1
DA:259,6
DA:260,6
DA:261,6
DA:263,6
DA:264,1
DA:271,5
DA:273,5
DA:274,1
DA:282,4
DA:283,0
DA:291,4
DA:301,0
DA:302,0
DA:312,1
DA:313,2
DA:314,2
DA:316,2
DA:336,0
DA:347,1
DA:348,1
DA:349,1
DA:350,1
DA:361,0
DA:371,1
DA:372,2
DA:373,2
DA:375,2
DA:376,1
DA:382,1
DA:383,1
DA:390,0
DA:405,1
DA:406,1
DA:409,1
DA:410,1
DA:411,1
DA:412,1
DA:413,1
DA:415,1
DA:418,1
DA:419,1
DA:420,1
DA:422,1
DA:423,1
DA:426,1
DA:427,1
DA:428,1
DA:430,1
DA:431,1
DA:432,1
DA:433,1
DA:436,1
DA:437,1
DA:438,1
DA:440,1
DA:441,1
DA:442,1
DA:445,1
DA:446,1
DA:447,1
DA:449,1
DA:452,1
DA:495,1
DA:496,1
DA:497,1
DA:498,1
DA:499,1
DA:501,1
DA:502,1
DA:505,0
DA:508,0
DA:509,0
DA:510,0
DA:511,0
DA:512,0
DA:513,0
DA:521,2
DA:522,2
DA:524,2
DA:525,2
DA:526,2
DA:527,2
DA:533,0
DA:542,0
DA:543,0
DA:546,0
DA:547,0
DA:555,1
DA:556,0
DA:558,0
DA:559,0
DA:560,0
DA:566,0
DA:567,0
DA:575,0
DA:583,1
DA:584,2
DA:602,1
DA:603,1
DA:604,1
DA:605,1
DA:606,1
DA:607,1
DA:608,1
DA:609,1
DA:611,1
DA:612,1
DA:613,1
DA:614,1
DA:615,1
DA:617,0
DA:618,0
DA:621,1
DA:622,1
DA:623,1
DA:627,1
DA:628,0
DA:630,0
DA:633,1
DA:634,0
DA:636,0
DA:639,1
LF:186
LH:146
BRDA:14,0,0,1
BRDA:14,0,1,1
BRDA:36,1,0,14
BRDA:36,1,1,0
BRDA:45,2,0,0
BRDA:45,2,1,1
BRDA:98,3,0,2
BRDA:98,3,1,6
BRDA:98,4,0,8
BRDA:98,4,1,8
BRDA:98,4,2,7
BRDA:102,5,0,1
BRDA:102,5,1,1
BRDA:103,6,0,1
BRDA:103,6,1,1
BRDA:171,7,0,1
BRDA:171,7,1,1
BRDA:214,8,0,2
BRDA:214,8,1,1
BRDA:214,9,0,3
BRDA:214,9,1,2
BRDA:263,10,0,1
BRDA:263,10,1,5
BRDA:273,11,0,1
BRDA:273,11,1,4
BRDA:278,12,0,1
BRDA:278,12,1,0
BRDA:282,13,0,0
BRDA:282,13,1,4
BRDA:352,14,0,1
BRDA:352,14,1,0
BRDA:373,15,0,2
BRDA:375,16,0,1
BRDA:375,16,1,1
BRDA:476,17,0,1
BRDA:476,17,1,0
BRDA:477,18,0,1
BRDA:477,18,1,0
BRDA:478,19,0,1
BRDA:478,19,1,0
BRDA:479,20,0,1
BRDA:479,20,1,0
BRDA:524,21,0,2
BRDA:524,21,1,0
BRDA:558,22,0,0
BRDA:558,22,1,0
BRDA:559,23,0,0
BRDA:559,23,1,0
BRDA:566,24,0,0
BRDA:566,24,1,0
BRDA:577,25,0,0
BRDA:577,25,1,0
BRF:52
BRH:34
end_of_record
TN:
SF:services\aiService.js
FN:5,(anonymous_0)
FN:19,(anonymous_1)
FN:43,(anonymous_2)
FN:94,(anonymous_3)
FN:108,(anonymous_4)
FN:164,(anonymous_5)
FN:178,(anonymous_6)
FN:204,(anonymous_7)
FN:211,(anonymous_8)
FN:218,(anonymous_9)
FN:221,(anonymous_10)
FN:229,(anonymous_11)
FN:231,(anonymous_12)
FN:238,(anonymous_13)
FN:240,(anonymous_14)
FN:242,(anonymous_15)
FN:245,(anonymous_16)
FN:247,(anonymous_17)
FN:253,(anonymous_18)
FN:255,(anonymous_19)
FN:257,(anonymous_20)
FN:264,(anonymous_21)
FN:272,(anonymous_22)
FN:279,(anonymous_23)
FN:286,(anonymous_24)
FN:288,(anonymous_25)
FN:294,(anonymous_26)
FN:296,(anonymous_27)
FN:302,(anonymous_28)
FN:310,(anonymous_29)
FN:313,(anonymous_30)
FN:314,(anonymous_31)
FN:319,(anonymous_32)
FN:320,(anonymous_33)
FN:325,(anonymous_34)
FN:326,(anonymous_35)
FN:339,(anonymous_36)
FN:354,(anonymous_37)
FN:370,(anonymous_38)
FN:390,(anonymous_39)
FN:391,(anonymous_40)
FN:392,(anonymous_41)
FN:398,(anonymous_42)
FN:399,(anonymous_43)
FN:406,(anonymous_44)
FN:410,(anonymous_45)
FN:414,(anonymous_46)
FN:415,(anonymous_47)
FN:416,(anonymous_48)
FN:424,(anonymous_49)
FN:428,(anonymous_50)
FN:429,(anonymous_51)
FN:430,(anonymous_52)
FN:438,(anonymous_53)
FN:442,(anonymous_54)
FN:450,(anonymous_55)
FN:452,(anonymous_56)
FN:453,(anonymous_57)
FN:456,(anonymous_58)
FN:458,(anonymous_59)
FN:459,(anonymous_60)
FN:462,(anonymous_61)
FN:464,(anonymous_62)
FN:465,(anonymous_63)
FN:468,(anonymous_64)
FN:470,(anonymous_65)
FN:471,(anonymous_66)
FN:474,(anonymous_67)
FN:478,(anonymous_68)
FN:479,(anonymous_69)
FN:502,(anonymous_70)
FN:506,(anonymous_71)
FN:508,(anonymous_72)
FN:510,(anonymous_73)
FN:526,(anonymous_74)
FN:527,(anonymous_75)
FNF:76
FNH:74
FNDA:1,(anonymous_0)
FNDA:1,(anonymous_1)
FNDA:1,(anonymous_2)
FNDA:1,(anonymous_3)
FNDA:1,(anonymous_4)
FNDA:1,(anonymous_5)
FNDA:1,(anonymous_6)
FNDA:1,(anonymous_7)
FNDA:21,(anonymous_8)
FNDA:1,(anonymous_9)
FNDA:1,(anonymous_10)
FNDA:1,(anonymous_11)
FNDA:1,(anonymous_12)
FNDA:1,(anonymous_13)
FNDA:6,(anonymous_14)
FNDA:2,(anonymous_15)
FNDA:1,(anonymous_16)
FNDA:1,(anonymous_17)
FNDA:1,(anonymous_18)
FNDA:5,(anonymous_19)
FNDA:1,(anonymous_20)
FNDA:1,(anonymous_21)
FNDA:1,(anonymous_22)
FNDA:1,(anonymous_23)
FNDA:1,(anonymous_24)
FNDA:5,(anonymous_25)
FNDA:1,(anonymous_26)
FNDA:4,(anonymous_27)
FNDA:1,(anonymous_28)
FNDA:1,(anonymous_29)
FNDA:14,(anonymous_30)
FNDA:90,(anonymous_31)
FNDA:14,(anonymous_32)
FNDA:63,(anonymous_33)
FNDA:14,(anonymous_34)
FNDA:65,(anonymous_35)
FNDA:1,(anonymous_36)
FNDA:1,(anonymous_37)
FNDA:1,(anonymous_38)
FNDA:1,(anonymous_39)
FNDA:14,(anonymous_40)
FNDA:48,(anonymous_41)
FNDA:1,(anonymous_42)
FNDA:5,(anonymous_43)
FNDA:1,(anonymous_44)
FNDA:1,(anonymous_45)
FNDA:1,(anonymous_46)
FNDA:8,(anonymous_47)
FNDA:24,(anonymous_48)
FNDA:1,(anonymous_49)
FNDA:1,(anonymous_50)
FNDA:8,(anonymous_51)
FNDA:35,(anonymous_52)
FNDA:1,(anonymous_53)
FNDA:1,(anonymous_54)
FNDA:1,(anonymous_55)
FNDA:4,(anonymous_56)
FNDA:3,(anonymous_57)
FNDA:1,(anonymous_58)
FNDA:4,(anonymous_59)
FNDA:0,(anonymous_60)
FNDA:1,(anonymous_61)
FNDA:5,(anonymous_62)
FNDA:5,(anonymous_63)
FNDA:1,(anonymous_64)
FNDA:5,(anonymous_65)
FNDA:0,(anonymous_66)
FNDA:1,(anonymous_67)
FNDA:14,(anonymous_68)
FNDA:48,(anonymous_69)
FNDA:1,(anonymous_70)
FNDA:5,(anonymous_71)
FNDA:141,(anonymous_72)
FNDA:96,(anonymous_73)
FNDA:6,(anonymous_74)
FNDA:6,(anonymous_75)
DA:2,1
DA:6,1
DA:20,1
DA:23,1
DA:26,1
DA:27,1
DA:28,1
DA:30,1
DA:44,1
DA:46,1
DA:49,1
DA:50,1
DA:53,1
DA:54,1
DA:55,1
DA:56,1
DA:60,1
DA:66,1
DA:95,1
DA:97,1
DA:99,1
DA:100,1
DA:102,1
DA:109,1
DA:111,1
DA:114,1
DA:115,1
DA:117,1
DA:118,1
DA:119,1
DA:120,1
DA:121,1
DA:125,1
DA:132,1
DA:165,1
DA:167,1
DA:169,1
DA:170,1
DA:172,1
DA:179,1
DA:181,1
DA:183,1
DA:184,1
DA:187,1
DA:188,1
DA:189,0
DA:190,0
DA:191,0
DA:192,0
DA:194,0
DA:197,1
DA:205,1
DA:211,1
DA:212,21
DA:215,1
DA:219,1
DA:220,1
DA:221,1
DA:222,1
DA:226,0
DA:230,1
DA:231,1
DA:232,1
DA:235,1
DA:239,1
DA:240,1
DA:241,6
DA:242,2
DA:246,1
DA:247,1
DA:248,1
DA:250,1
DA:254,1
DA:255,1
DA:256,5
DA:257,1
DA:265,1
DA:266,0
DA:267,0
DA:268,0
DA:269,0
DA:273,1
DA:274,1
DA:275,0
DA:276,0
DA:280,1
DA:281,1
DA:282,1
DA:283,0
DA:287,1
DA:288,1
DA:289,5
DA:291,1
DA:295,1
DA:296,1
DA:297,4
DA:299,1
DA:303,1
DA:311,1
DA:313,1
DA:314,14
DA:315,90
DA:319,1
DA:320,14
DA:321,63
DA:325,1
DA:326,14
DA:327,65
DA:332,1
DA:333,0
DA:334,0
DA:335,0
DA:336,0
DA:340,1
DA:341,1
DA:342,1
DA:345,1
DA:348,1
DA:349,1
DA:351,1
DA:355,1
DA:356,1
DA:358,1
DA:361,1
DA:362,1
DA:363,1
DA:364,1
DA:365,1
DA:367,1
DA:371,1
DA:372,1
DA:374,1
DA:377,1
DA:378,1
DA:379,1
DA:380,1
DA:381,1
DA:383,1
DA:391,1
DA:392,48
DA:395,1
DA:399,1
DA:400,5
DA:403,1
DA:407,1
DA:411,1
DA:415,1
DA:416,8
DA:417,24
DA:421,1
DA:425,1
DA:429,1
DA:430,8
DA:431,35
DA:435,1
DA:439,1
DA:443,1
DA:451,1
DA:452,4
DA:453,3
DA:457,1
DA:458,4
DA:459,0
DA:463,1
DA:464,5
DA:465,5
DA:469,1
DA:470,5
DA:471,0
DA:475,1
DA:478,1
DA:479,14
DA:480,48
DA:485,1
DA:486,1
DA:490,1
DA:491,1
DA:495,1
DA:496,1
DA:499,1
DA:503,1
DA:504,1
DA:506,1
DA:507,5
DA:508,141
DA:510,5
DA:511,96
DA:514,5
DA:515,5
DA:519,1
DA:527,6
DA:531,1
LF:192
LH:173
BRDA:102,0,0,0
BRDA:102,0,1,1
BRDA:172,1,0,1
BRDA:172,1,1,0
BRDA:172,2,0,0
BRDA:172,2,1,1
BRDA:187,3,0,1
BRDA:187,3,1,0
BRDA:187,4,0,1
BRDA:187,4,1,1
BRDA:189,5,0,0
BRDA:189,5,1,0
BRDA:189,6,0,0
BRDA:189,6,1,0
BRDA:191,7,0,0
BRDA:191,7,1,0
BRDA:191,8,0,0
BRDA:191,8,1,0
BRDA:197,9,0,1
BRDA:197,9,1,0
BRDA:197,10,0,0
BRDA:197,10,1,0
BRDA:197,11,0,1
BRDA:197,11,1,0
BRDA:197,12,0,0
BRDA:197,12,1,0
BRDA:215,13,0,1
BRDA:215,13,1,0
BRDA:220,14,0,1
BRDA:220,14,1,0
BRDA:226,15,0,0
BRDA:226,15,1,0
BRDA:226,16,0,0
BRDA:226,16,1,0
BRDA:235,17,0,1
BRDA:235,17,1,0
BRDA:250,18,0,1
BRDA:250,18,1,0
BRDA:265,19,0,1
BRDA:265,19,1,0
BRDA:266,20,0,0
BRDA:266,20,1,0
BRDA:267,21,0,0
BRDA:267,21,1,0
BRDA:268,22,0,0
BRDA:268,22,1,0
BRDA:273,23,0,0
BRDA:273,23,1,1
BRDA:274,24,0,1
BRDA:274,24,1,0
BRDA:275,25,0,0
BRDA:275,25,1,0
BRDA:280,26,0,0
BRDA:280,26,1,1
BRDA:281,27,0,0
BRDA:281,27,1,1
BRDA:282,28,0,1
BRDA:282,28,1,0
BRDA:315,29,0,90
BRDA:315,29,1,7
BRDA:321,30,0,63
BRDA:321,30,1,2
BRDA:327,31,0,65
BRDA:327,31,1,2
BRDA:332,32,0,1
BRDA:332,32,1,0
BRDA:332,33,0,1
BRDA:332,33,1,1
BRDA:332,33,2,1
BRDA:333,34,0,0
BRDA:333,34,1,0
BRDA:333,35,0,0
BRDA:333,35,1,0
BRDA:334,36,0,0
BRDA:334,36,1,0
BRDA:335,37,0,0
BRDA:335,37,1,0
BRDA:341,38,0,1
BRDA:341,38,1,0
BRDA:342,39,0,1
BRDA:342,39,1,0
BRDA:348,40,0,1
BRDA:348,40,1,0
BRDA:348,41,0,1
BRDA:348,41,1,1
BRDA:349,42,0,1
BRDA:349,42,1,0
BRDA:349,43,0,1
BRDA:349,43,1,1
BRDA:361,44,0,1
BRDA:361,44,1,0
BRDA:361,45,0,1
BRDA:361,45,1,1
BRDA:362,46,0,1
BRDA:362,46,1,0
BRDA:362,47,0,1
BRDA:362,47,1,1
BRDA:363,48,0,1
BRDA:363,48,1,0
BRDA:363,49,0,1
BRDA:363,49,1,1
BRDA:364,50,0,1
BRDA:364,50,1,0
BRDA:364,51,0,1
BRDA:364,51,1,1
BRDA:365,52,0,0
BRDA:365,52,1,1
BRDA:365,53,0,1
BRDA:365,53,1,1
BRDA:377,54,0,1
BRDA:377,54,1,0
BRDA:377,55,0,1
BRDA:377,55,1,1
BRDA:378,56,0,0
BRDA:378,56,1,1
BRDA:378,57,0,1
BRDA:378,57,1,1
BRDA:379,58,0,1
BRDA:379,58,1,0
BRDA:379,59,0,1
BRDA:379,59,1,1
BRDA:380,60,0,1
BRDA:380,60,1,0
BRDA:380,61,0,1
BRDA:380,61,1,0
BRDA:381,62,0,1
BRDA:381,62,1,0
BRDA:381,63,0,1
BRDA:381,63,1,1
BRDA:395,64,0,1
BRDA:395,64,1,0
BRDA:400,65,0,5
BRDA:400,65,1,4
BRDA:403,66,0,1
BRDA:403,66,1,0
BRDA:407,67,0,1
BRDA:407,67,1,0
BRDA:411,68,0,1
BRDA:411,68,1,0
BRDA:417,69,0,24
BRDA:417,69,1,12
BRDA:435,70,0,1
BRDA:435,70,1,0
BRDA:480,71,0,48
BRDA:480,71,1,34
BRDA:485,72,0,1
BRDA:485,72,1,0
BRDA:490,73,0,1
BRDA:490,73,1,0
BRDA:495,74,0,1
BRDA:495,74,1,0
BRDA:514,75,0,5
BRDA:514,75,1,0
BRF:153
BRH:80
end_of_record
TN:
SF:services\vectorDB.js
FN:3,(anonymous_0)
FN:9,(anonymous_1)
FN:25,(anonymous_2)
FN:71,(anonymous_3)
FN:167,(anonymous_4)
FN:181,(anonymous_5)
FN:185,(anonymous_6)
FN:186,(anonymous_7)
FN:189,(anonymous_8)
FN:192,(anonymous_9)
FN:198,(anonymous_10)
FN:203,(anonymous_11)
FN:205,(anonymous_12)
FN:209,(anonymous_13)
FN:210,(anonymous_14)
FN:225,(anonymous_15)
FN:226,(anonymous_16)
FN:241,(anonymous_17)
FN:245,(anonymous_18)
FN:249,(anonymous_19)
FN:250,(anonymous_20)
FN:255,(anonymous_21)
FN:258,(anonymous_22)
FN:262,(anonymous_23)
FN:263,(anonymous_24)
FN:271,(anonymous_25)
FN:279,(anonymous_26)
FN:289,(anonymous_27)
FN:299,(anonymous_28)
FN:301,(anonymous_29)
FN:302,(anonymous_30)
FN:303,(anonymous_31)
FN:312,(anonymous_32)
FN:321,(anonymous_33)
FN:331,(anonymous_34)
FN:335,(anonymous_35)
FN:337,(anonymous_36)
FN:354,(anonymous_37)
FN:356,(anonymous_38)
FN:372,(anonymous_39)
FN:376,(anonymous_40)
FN:377,(anonymous_41)
FN:381,(anonymous_42)
FN:384,(anonymous_43)
FN:390,(anonymous_44)
FN:391,(anonymous_45)
FNF:46
FNH:46
FNDA:1,(anonymous_0)
FNDA:1,(anonymous_1)
FNDA:1,(anonymous_2)
FNDA:1,(anonymous_3)
FNDA:2,(anonymous_4)
FNDA:2,(anonymous_5)
FNDA:22,(anonymous_6)
FNDA:20,(anonymous_7)
FNDA:2,(anonymous_8)
FNDA:624,(anonymous_9)
FNDA:598,(anonymous_10)
FNDA:1477,(anonymous_11)
FNDA:40,(anonymous_12)
FNDA:2,(anonymous_13)
FNDA:2,(anonymous_14)
FNDA:2,(anonymous_15)
FNDA:4,(anonymous_16)
FNDA:8,(anonymous_17)
FNDA:80,(anonymous_18)
FNDA:80,(anonymous_19)
FNDA:95,(anonymous_20)
FNDA:24,(anonymous_21)
FNDA:80,(anonymous_22)
FNDA:300,(anonymous_23)
FNDA:11460,(anonymous_24)
FNDA:230,(anonymous_25)
FNDA:1,(anonymous_26)
FNDA:1,(anonymous_27)
FNDA:1,(anonymous_28)
FNDA:19,(anonymous_29)
FNDA:8,(anonymous_30)
FNDA:1,(anonymous_31)
FNDA:1,(anonymous_32)
FNDA:1,(anonymous_33)
FNDA:1,(anonymous_34)
FNDA:3,(anonymous_35)
FNDA:12,(anonymous_36)
FNDA:9,(anonymous_37)
FNDA:133,(anonymous_38)
FNDA:3,(anonymous_39)
FNDA:6,(anonymous_40)
FNDA:6,(anonymous_41)
FNDA:1,(anonymous_42)
FNDA:2,(anonymous_43)
FNDA:2,(anonymous_44)
FNDA:1,(anonymous_45)
DA:4,1
DA:5,1
DA:6,1
DA:10,1
DA:11,1
DA:14,1
DA:15,1
DA:17,1
DA:18,1
DA:20,0
DA:21,0
DA:26,1
DA:68,1
DA:72,1
DA:164,1
DA:168,2
DA:177,2
DA:178,2
DA:183,2
DA:184,2
DA:185,22
DA:186,20
DA:190,2
DA:193,624
DA:197,2
DA:198,2
DA:199,598
DA:202,2
DA:203,1477
DA:205,40
DA:210,2
DA:212,2
DA:213,0
DA:216,2
DA:217,0
DA:221,2
DA:222,2
DA:226,4
DA:228,2
DA:229,0
DA:232,2
DA:233,0
DA:237,2
DA:238,2
DA:242,8
DA:244,8
DA:245,80
DA:249,80
DA:250,95
DA:253,8
DA:255,24
DA:259,80
DA:260,80
DA:262,80
DA:263,300
DA:264,11460
DA:265,119
DA:271,230
DA:272,46
DA:275,80
DA:280,1
DA:281,1
DA:283,1
DA:290,1
DA:291,1
DA:293,1
DA:301,19
DA:302,8
DA:303,1
DA:305,1
DA:313,1
DA:322,1
DA:332,1
DA:336,3
DA:337,12
DA:339,3
DA:341,3
DA:342,3
DA:343,26
DA:344,26
DA:345,22
DA:346,4
DA:347,2
DA:351,3
DA:355,9
DA:356,133
DA:358,9
DA:360,4
DA:361,4
DA:362,32
DA:363,32
DA:364,24
DA:368,4
DA:373,3
DA:376,6
DA:377,6
DA:382,1
DA:384,2
DA:390,2
DA:391,1
DA:394,1
DA:398,1
LF:102
LH:96
BRDA:190,0,0,2
BRDA:190,0,1,0
BRDA:199,1,0,598
BRDA:199,1,1,317
BRDA:209,2,0,0
BRDA:212,3,0,0
BRDA:212,3,1,2
BRDA:216,4,0,0
BRDA:216,4,1,2
BRDA:225,5,0,0
BRDA:228,6,0,0
BRDA:228,6,1,2
BRDA:232,7,0,0
BRDA:232,7,1,2
BRDA:264,8,0,119
BRDA:264,8,1,11341
BRDA:264,9,0,11460
BRDA:264,9,1,11372
BRDA:265,10,0,111
BRDA:265,10,1,8
BRDA:271,11,0,46
BRDA:271,11,1,34
BRDA:339,12,0,0
BRDA:339,12,1,3
BRDA:344,13,0,22
BRDA:344,13,1,4
BRDA:344,14,0,26
BRDA:344,14,1,4
BRDA:346,15,0,2
BRDA:346,15,1,2
BRDA:346,16,0,4
BRDA:346,16,1,2
BRDA:346,16,2,2
BRDA:358,17,0,5
BRDA:358,17,1,4
BRDA:361,18,0,36
BRDA:361,18,1,34
BRDA:363,19,0,24
BRDA:363,19,1,8
BRDA:363,20,0,32
BRDA:363,20,1,13
BRDA:381,21,0,0
BRF:42
BRH:33
end_of_record
