TN:
SF:server.js
FN:29,(anonymous_0)
FN:63,(anonymous_1)
FN:92,(anonymous_2)
FN:165,(anonymous_3)
FN:207,(anonymous_4)
FN:257,(anonymous_5)
FN:311,(anonymous_6)
FN:356,(anonymous_7)
FN:380,(anonymous_8)
FN:413,processEvaluation
FN:527,extractFileContent
FN:562,(anonymous_11)
FN:590,(anonymous_12)
FN:609,(anonymous_13)
FN:634,(anonymous_14)
FN:640,(anonymous_15)
FNF:16
FNH:12
FNDA:14,(anonymous_0)
FNDA:1,(anonymous_1)
FNDA:8,(anonymous_2)
FNDA:2,(anonymous_3)
FNDA:3,(anonymous_4)
FNDA:7,(anonymous_5)
FNDA:2,(anonymous_6)
FNDA:1,(anonymous_7)
FNDA:2,(anonymous_8)
FNDA:1,processEvaluation
FNDA:2,extractFileContent
FNDA:0,(anonymous_11)
FNDA:2,(anonymous_12)
FNDA:0,(anonymous_13)
FNDA:0,(anonymous_14)
FNDA:0,(anonymous_15)
DA:1,1
DA:2,1
DA:3,1
DA:4,1
DA:5,1
DA:6,1
DA:9,1
DA:10,1
DA:12,1
DA:13,1
DA:19,1
DA:20,1
DA:21,1
DA:24,1
DA:30,14
DA:35,14
DA:36,14
DA:38,0
DA:44,1
DA:45,0
DA:46,0
DA:53,1
DA:54,1
DA:63,1
DA:64,1
DA:89,1
DA:93,8
DA:94,8
DA:97,8
DA:98,2
DA:108,6
DA:109,6
DA:110,6
DA:113,6
DA:133,6
DA:135,6
DA:136,6
DA:137,6
DA:139,6
DA:154,0
DA:155,0
DA:165,1
DA:166,2
DA:167,2
DA:168,2
DA:170,2
DA:171,1
DA:177,1
DA:196,0
DA:197,0
DA:207,1
DA:208,3
DA:209,3
DA:210,3
DA:213,3
DA:214,2
DA:221,1
DA:224,1
DA:232,1
DA:235,1
DA:237,1
DA:246,0
DA:247,0
DA:257,1
DA:258,7
DA:259,7
DA:260,7
DA:262,7
DA:263,1
DA:270,6
DA:272,6
DA:273,0
DA:281,6
DA:282,1
DA:290,5
DA:300,0
DA:301,0
DA:311,1
DA:312,2
DA:313,2
DA:314,2
DA:316,2
DA:345,0
DA:356,1
DA:357,1
DA:358,1
DA:359,1
DA:370,0
DA:380,1
DA:381,2
DA:382,2
DA:384,2
DA:385,1
DA:391,1
DA:392,1
DA:399,0
DA:414,1
DA:415,1
DA:418,1
DA:419,1
DA:420,1
DA:421,1
DA:422,1
DA:424,1
DA:427,1
DA:428,1
DA:429,1
DA:431,1
DA:432,1
DA:435,1
DA:436,1
DA:437,1
DA:439,1
DA:440,1
DA:441,0
DA:444,0
DA:445,0
DA:446,0
DA:448,0
DA:449,0
DA:452,0
DA:453,0
DA:454,0
DA:456,0
DA:459,0
DA:502,0
DA:503,0
DA:504,0
DA:505,0
DA:506,0
DA:508,0
DA:509,0
DA:512,1
DA:515,1
DA:516,1
DA:517,1
DA:518,1
DA:519,1
DA:520,1
DA:528,2
DA:529,2
DA:531,2
DA:532,2
DA:533,2
DA:534,2
DA:540,0
DA:549,0
DA:550,0
DA:553,0
DA:554,0
DA:562,1
DA:563,0
DA:565,0
DA:566,0
DA:567,0
DA:573,0
DA:574,0
DA:582,0
DA:590,1
DA:591,2
DA:609,1
DA:610,0
DA:611,0
DA:612,0
DA:613,0
DA:614,0
DA:615,0
DA:616,0
DA:618,0
DA:619,0
DA:620,0
DA:621,0
DA:622,0
DA:624,0
DA:625,0
DA:628,0
DA:629,0
DA:630,0
DA:634,1
DA:635,0
DA:637,0
DA:640,1
DA:641,0
DA:643,0
DA:646,1
LF:185
LH:119
BRDA:13,0,0,1
BRDA:13,0,1,0
BRDA:35,1,0,14
BRDA:35,1,1,0
BRDA:44,2,0,0
BRDA:44,2,1,1
BRDA:97,3,0,2
BRDA:97,3,1,6
BRDA:97,4,0,8
BRDA:97,4,1,8
BRDA:97,4,2,7
BRDA:101,5,0,1
BRDA:101,5,1,1
BRDA:102,6,0,1
BRDA:102,6,1,1
BRDA:170,7,0,1
BRDA:170,7,1,1
BRDA:213,8,0,2
BRDA:213,8,1,1
BRDA:213,9,0,3
BRDA:213,9,1,2
BRDA:262,10,0,1
BRDA:262,10,1,6
BRDA:272,11,0,0
BRDA:272,11,1,6
BRDA:277,12,0,0
BRDA:277,12,1,0
BRDA:281,13,0,1
BRDA:281,13,1,5
BRDA:334,14,0,2
BRDA:334,14,1,0
BRDA:361,15,0,0
BRDA:361,15,1,1
BRDA:382,16,0,2
BRDA:384,17,0,1
BRDA:384,17,1,1
BRDA:483,18,0,0
BRDA:483,18,1,0
BRDA:484,19,0,0
BRDA:484,19,1,0
BRDA:485,20,0,0
BRDA:485,20,1,0
BRDA:486,21,0,0
BRDA:486,21,1,0
BRDA:531,22,0,2
BRDA:531,22,1,0
BRDA:565,23,0,0
BRDA:565,23,1,0
BRDA:566,24,0,0
BRDA:566,24,1,0
BRDA:573,25,0,0
BRDA:573,25,1,0
BRDA:584,26,0,0
BRDA:584,26,1,0
BRF:54
BRH:29
end_of_record
TN:
SF:services\aiService-backup.js
FN:5,(anonymous_0)
FN:19,(anonymous_1)
FN:43,(anonymous_2)
FN:94,(anonymous_3)
FN:108,(anonymous_4)
FN:164,(anonymous_5)
FN:178,(anonymous_6)
FN:204,(anonymous_7)
FN:211,(anonymous_8)
FN:218,(anonymous_9)
FN:221,(anonymous_10)
FN:229,(anonymous_11)
FN:231,(anonymous_12)
FN:238,(anonymous_13)
FN:240,(anonymous_14)
FN:242,(anonymous_15)
FN:245,(anonymous_16)
FN:247,(anonymous_17)
FN:253,(anonymous_18)
FN:255,(anonymous_19)
FN:257,(anonymous_20)
FN:264,(anonymous_21)
FN:272,(anonymous_22)
FN:279,(anonymous_23)
FN:286,(anonymous_24)
FN:288,(anonymous_25)
FN:294,(anonymous_26)
FN:296,(anonymous_27)
FN:302,(anonymous_28)
FN:310,(anonymous_29)
FN:313,(anonymous_30)
FN:314,(anonymous_31)
FN:319,(anonymous_32)
FN:320,(anonymous_33)
FN:325,(anonymous_34)
FN:326,(anonymous_35)
FN:339,(anonymous_36)
FN:354,(anonymous_37)
FN:370,(anonymous_38)
FN:390,(anonymous_39)
FN:391,(anonymous_40)
FN:392,(anonymous_41)
FN:398,(anonymous_42)
FN:399,(anonymous_43)
FN:406,(anonymous_44)
FN:410,(anonymous_45)
FN:414,(anonymous_46)
FN:415,(anonymous_47)
FN:416,(anonymous_48)
FN:424,(anonymous_49)
FN:428,(anonymous_50)
FN:429,(anonymous_51)
FN:430,(anonymous_52)
FN:438,(anonymous_53)
FN:442,(anonymous_54)
FN:450,(anonymous_55)
FN:452,(anonymous_56)
FN:453,(anonymous_57)
FN:456,(anonymous_58)
FN:458,(anonymous_59)
FN:459,(anonymous_60)
FN:462,(anonymous_61)
FN:464,(anonymous_62)
FN:465,(anonymous_63)
FN:468,(anonymous_64)
FN:470,(anonymous_65)
FN:471,(anonymous_66)
FN:474,(anonymous_67)
FN:478,(anonymous_68)
FN:479,(anonymous_69)
FN:502,(anonymous_70)
FN:506,(anonymous_71)
FN:508,(anonymous_72)
FN:510,(anonymous_73)
FN:526,(anonymous_74)
FN:527,(anonymous_75)
FNF:76
FNH:0
FNDA:0,(anonymous_0)
FNDA:0,(anonymous_1)
FNDA:0,(anonymous_2)
FNDA:0,(anonymous_3)
FNDA:0,(anonymous_4)
FNDA:0,(anonymous_5)
FNDA:0,(anonymous_6)
FNDA:0,(anonymous_7)
FNDA:0,(anonymous_8)
FNDA:0,(anonymous_9)
FNDA:0,(anonymous_10)
FNDA:0,(anonymous_11)
FNDA:0,(anonymous_12)
FNDA:0,(anonymous_13)
FNDA:0,(anonymous_14)
FNDA:0,(anonymous_15)
FNDA:0,(anonymous_16)
FNDA:0,(anonymous_17)
FNDA:0,(anonymous_18)
FNDA:0,(anonymous_19)
FNDA:0,(anonymous_20)
FNDA:0,(anonymous_21)
FNDA:0,(anonymous_22)
FNDA:0,(anonymous_23)
FNDA:0,(anonymous_24)
FNDA:0,(anonymous_25)
FNDA:0,(anonymous_26)
FNDA:0,(anonymous_27)
FNDA:0,(anonymous_28)
FNDA:0,(anonymous_29)
FNDA:0,(anonymous_30)
FNDA:0,(anonymous_31)
FNDA:0,(anonymous_32)
FNDA:0,(anonymous_33)
FNDA:0,(anonymous_34)
FNDA:0,(anonymous_35)
FNDA:0,(anonymous_36)
FNDA:0,(anonymous_37)
FNDA:0,(anonymous_38)
FNDA:0,(anonymous_39)
FNDA:0,(anonymous_40)
FNDA:0,(anonymous_41)
FNDA:0,(anonymous_42)
FNDA:0,(anonymous_43)
FNDA:0,(anonymous_44)
FNDA:0,(anonymous_45)
FNDA:0,(anonymous_46)
FNDA:0,(anonymous_47)
FNDA:0,(anonymous_48)
FNDA:0,(anonymous_49)
FNDA:0,(anonymous_50)
FNDA:0,(anonymous_51)
FNDA:0,(anonymous_52)
FNDA:0,(anonymous_53)
FNDA:0,(anonymous_54)
FNDA:0,(anonymous_55)
FNDA:0,(anonymous_56)
FNDA:0,(anonymous_57)
FNDA:0,(anonymous_58)
FNDA:0,(anonymous_59)
FNDA:0,(anonymous_60)
FNDA:0,(anonymous_61)
FNDA:0,(anonymous_62)
FNDA:0,(anonymous_63)
FNDA:0,(anonymous_64)
FNDA:0,(anonymous_65)
FNDA:0,(anonymous_66)
FNDA:0,(anonymous_67)
FNDA:0,(anonymous_68)
FNDA:0,(anonymous_69)
FNDA:0,(anonymous_70)
FNDA:0,(anonymous_71)
FNDA:0,(anonymous_72)
FNDA:0,(anonymous_73)
FNDA:0,(anonymous_74)
FNDA:0,(anonymous_75)
DA:2,0
DA:6,0
DA:20,0
DA:23,0
DA:26,0
DA:27,0
DA:28,0
DA:30,0
DA:44,0
DA:46,0
DA:49,0
DA:50,0
DA:53,0
DA:54,0
DA:55,0
DA:56,0
DA:60,0
DA:66,0
DA:95,0
DA:97,0
DA:99,0
DA:100,0
DA:102,0
DA:109,0
DA:111,0
DA:114,0
DA:115,0
DA:117,0
DA:118,0
DA:119,0
DA:120,0
DA:121,0
DA:125,0
DA:132,0
DA:165,0
DA:167,0
DA:169,0
DA:170,0
DA:172,0
DA:179,0
DA:181,0
DA:183,0
DA:184,0
DA:187,0
DA:188,0
DA:189,0
DA:190,0
DA:191,0
DA:192,0
DA:194,0
DA:197,0
DA:205,0
DA:211,0
DA:212,0
DA:215,0
DA:219,0
DA:220,0
DA:221,0
DA:222,0
DA:226,0
DA:230,0
DA:231,0
DA:232,0
DA:235,0
DA:239,0
DA:240,0
DA:241,0
DA:242,0
DA:246,0
DA:247,0
DA:248,0
DA:250,0
DA:254,0
DA:255,0
DA:256,0
DA:257,0
DA:265,0
DA:266,0
DA:267,0
DA:268,0
DA:269,0
DA:273,0
DA:274,0
DA:275,0
DA:276,0
DA:280,0
DA:281,0
DA:282,0
DA:283,0
DA:287,0
DA:288,0
DA:289,0
DA:291,0
DA:295,0
DA:296,0
DA:297,0
DA:299,0
DA:303,0
DA:311,0
DA:313,0
DA:314,0
DA:315,0
DA:319,0
DA:320,0
DA:321,0
DA:325,0
DA:326,0
DA:327,0
DA:332,0
DA:333,0
DA:334,0
DA:335,0
DA:336,0
DA:340,0
DA:341,0
DA:342,0
DA:345,0
DA:348,0
DA:349,0
DA:351,0
DA:355,0
DA:356,0
DA:358,0
DA:361,0
DA:362,0
DA:363,0
DA:364,0
DA:365,0
DA:367,0
DA:371,0
DA:372,0
DA:374,0
DA:377,0
DA:378,0
DA:379,0
DA:380,0
DA:381,0
DA:383,0
DA:391,0
DA:392,0
DA:395,0
DA:399,0
DA:400,0
DA:403,0
DA:407,0
DA:411,0
DA:415,0
DA:416,0
DA:417,0
DA:421,0
DA:425,0
DA:429,0
DA:430,0
DA:431,0
DA:435,0
DA:439,0
DA:443,0
DA:451,0
DA:452,0
DA:453,0
DA:457,0
DA:458,0
DA:459,0
DA:463,0
DA:464,0
DA:465,0
DA:469,0
DA:470,0
DA:471,0
DA:475,0
DA:478,0
DA:479,0
DA:480,0
DA:485,0
DA:486,0
DA:490,0
DA:491,0
DA:495,0
DA:496,0
DA:499,0
DA:503,0
DA:504,0
DA:506,0
DA:507,0
DA:508,0
DA:510,0
DA:511,0
DA:514,0
DA:515,0
DA:519,0
DA:527,0
DA:531,0
LF:192
LH:0
BRDA:102,0,0,0
BRDA:102,0,1,0
BRDA:172,1,0,0
BRDA:172,1,1,0
BRDA:172,2,0,0
BRDA:172,2,1,0
BRDA:187,3,0,0
BRDA:187,3,1,0
BRDA:187,4,0,0
BRDA:187,4,1,0
BRDA:189,5,0,0
BRDA:189,5,1,0
BRDA:189,6,0,0
BRDA:189,6,1,0
BRDA:191,7,0,0
BRDA:191,7,1,0
BRDA:191,8,0,0
BRDA:191,8,1,0
BRDA:197,9,0,0
BRDA:197,9,1,0
BRDA:197,10,0,0
BRDA:197,10,1,0
BRDA:197,11,0,0
BRDA:197,11,1,0
BRDA:197,12,0,0
BRDA:197,12,1,0
BRDA:215,13,0,0
BRDA:215,13,1,0
BRDA:220,14,0,0
BRDA:220,14,1,0
BRDA:226,15,0,0
BRDA:226,15,1,0
BRDA:226,16,0,0
BRDA:226,16,1,0
BRDA:235,17,0,0
BRDA:235,17,1,0
BRDA:250,18,0,0
BRDA:250,18,1,0
BRDA:265,19,0,0
BRDA:265,19,1,0
BRDA:266,20,0,0
BRDA:266,20,1,0
BRDA:267,21,0,0
BRDA:267,21,1,0
BRDA:268,22,0,0
BRDA:268,22,1,0
BRDA:273,23,0,0
BRDA:273,23,1,0
BRDA:274,24,0,0
BRDA:274,24,1,0
BRDA:275,25,0,0
BRDA:275,25,1,0
BRDA:280,26,0,0
BRDA:280,26,1,0
BRDA:281,27,0,0
BRDA:281,27,1,0
BRDA:282,28,0,0
BRDA:282,28,1,0
BRDA:315,29,0,0
BRDA:315,29,1,0
BRDA:321,30,0,0
BRDA:321,30,1,0
BRDA:327,31,0,0
BRDA:327,31,1,0
BRDA:332,32,0,0
BRDA:332,32,1,0
BRDA:332,33,0,0
BRDA:332,33,1,0
BRDA:332,33,2,0
BRDA:333,34,0,0
BRDA:333,34,1,0
BRDA:333,35,0,0
BRDA:333,35,1,0
BRDA:334,36,0,0
BRDA:334,36,1,0
BRDA:335,37,0,0
BRDA:335,37,1,0
BRDA:341,38,0,0
BRDA:341,38,1,0
BRDA:342,39,0,0
BRDA:342,39,1,0
BRDA:348,40,0,0
BRDA:348,40,1,0
BRDA:348,41,0,0
BRDA:348,41,1,0
BRDA:349,42,0,0
BRDA:349,42,1,0
BRDA:349,43,0,0
BRDA:349,43,1,0
BRDA:361,44,0,0
BRDA:361,44,1,0
BRDA:361,45,0,0
BRDA:361,45,1,0
BRDA:362,46,0,0
BRDA:362,46,1,0
BRDA:362,47,0,0
BRDA:362,47,1,0
BRDA:363,48,0,0
BRDA:363,48,1,0
BRDA:363,49,0,0
BRDA:363,49,1,0
BRDA:364,50,0,0
BRDA:364,50,1,0
BRDA:364,51,0,0
BRDA:364,51,1,0
BRDA:365,52,0,0
BRDA:365,52,1,0
BRDA:365,53,0,0
BRDA:365,53,1,0
BRDA:377,54,0,0
BRDA:377,54,1,0
BRDA:377,55,0,0
BRDA:377,55,1,0
BRDA:378,56,0,0
BRDA:378,56,1,0
BRDA:378,57,0,0
BRDA:378,57,1,0
BRDA:379,58,0,0
BRDA:379,58,1,0
BRDA:379,59,0,0
BRDA:379,59,1,0
BRDA:380,60,0,0
BRDA:380,60,1,0
BRDA:380,61,0,0
BRDA:380,61,1,0
BRDA:381,62,0,0
BRDA:381,62,1,0
BRDA:381,63,0,0
BRDA:381,63,1,0
BRDA:395,64,0,0
BRDA:395,64,1,0
BRDA:400,65,0,0
BRDA:400,65,1,0
BRDA:403,66,0,0
BRDA:403,66,1,0
BRDA:407,67,0,0
BRDA:407,67,1,0
BRDA:411,68,0,0
BRDA:411,68,1,0
BRDA:417,69,0,0
BRDA:417,69,1,0
BRDA:435,70,0,0
BRDA:435,70,1,0
BRDA:480,71,0,0
BRDA:480,71,1,0
BRDA:485,72,0,0
BRDA:485,72,1,0
BRDA:490,73,0,0
BRDA:490,73,1,0
BRDA:495,74,0,0
BRDA:495,74,1,0
BRDA:514,75,0,0
BRDA:514,75,1,0
BRF:153
BRH:0
end_of_record
TN:
SF:services\aiService.js
FN:7,(anonymous_0)
FN:40,(anonymous_1)
FN:84,(anonymous_2)
FN:140,(anonymous_3)
FN:147,(anonymous_4)
FN:147,(anonymous_5)
FN:148,(anonymous_6)
FN:148,(anonymous_7)
FN:175,(anonymous_8)
FN:228,(anonymous_9)
FN:266,(anonymous_10)
FN:304,(anonymous_11)
FN:361,(anonymous_12)
FN:376,(anonymous_13)
FN:390,(anonymous_14)
FN:394,(anonymous_15)
FN:409,(anonymous_16)
FN:413,(anonymous_17)
FN:421,(anonymous_18)
FN:428,(anonymous_19)
FN:431,(anonymous_20)
FN:434,(anonymous_21)
FN:440,(anonymous_22)
FN:455,(anonymous_23)
FN:456,(anonymous_24)
FN:459,(anonymous_25)
FNF:26
FNH:5
FNDA:1,(anonymous_0)
FNDA:1,(anonymous_1)
FNDA:1,(anonymous_2)
FNDA:0,(anonymous_3)
FNDA:0,(anonymous_4)
FNDA:0,(anonymous_5)
FNDA:0,(anonymous_6)
FNDA:0,(anonymous_7)
FNDA:0,(anonymous_8)
FNDA:0,(anonymous_9)
FNDA:0,(anonymous_10)
FNDA:1,(anonymous_11)
FNDA:0,(anonymous_12)
FNDA:0,(anonymous_13)
FNDA:0,(anonymous_14)
FNDA:0,(anonymous_15)
FNDA:0,(anonymous_16)
FNDA:0,(anonymous_17)
FNDA:0,(anonymous_18)
FNDA:0,(anonymous_19)
FNDA:0,(anonymous_20)
FNDA:0,(anonymous_21)
FNDA:0,(anonymous_22)
FNDA:0,(anonymous_23)
FNDA:0,(anonymous_24)
FNDA:2,(anonymous_25)
DA:2,1
DA:3,1
DA:4,1
DA:8,1
DA:9,1
DA:10,1
DA:11,1
DA:13,1
DA:19,1
DA:20,0
DA:21,0
DA:22,0
DA:24,1
DA:25,1
DA:26,1
DA:27,1
DA:41,1
DA:43,1
DA:62,1
DA:63,1
DA:68,1
DA:69,1
DA:70,1
DA:71,1
DA:73,1
DA:76,0
DA:77,0
DA:85,1
DA:88,1
DA:90,0
DA:119,0
DA:120,0
DA:125,0
DA:126,0
DA:128,0
DA:129,0
DA:132,0
DA:133,0
DA:141,0
DA:143,0
DA:147,0
DA:148,0
DA:157,0
DA:158,0
DA:163,0
DA:164,0
DA:167,0
DA:168,0
DA:176,0
DA:178,0
DA:180,0
DA:207,0
DA:208,0
DA:213,0
DA:214,0
DA:216,0
DA:217,0
DA:220,0
DA:221,0
DA:229,0
DA:231,0
DA:248,0
DA:249,0
DA:254,0
DA:255,0
DA:258,0
DA:259,0
DA:267,0
DA:269,0
DA:285,0
DA:286,0
DA:291,0
DA:292,0
DA:295,0
DA:296,0
DA:305,1
DA:306,0
DA:307,0
DA:308,0
DA:311,1
DA:312,1
DA:314,1
DA:330,1
DA:332,1
DA:333,0
DA:336,1
DA:337,1
DA:340,0
DA:342,0
DA:343,0
DA:348,0
DA:349,0
DA:350,0
DA:353,0
DA:362,0
DA:363,0
DA:364,0
DA:366,0
DA:377,0
DA:391,0
DA:395,0
DA:410,0
DA:414,0
DA:422,0
DA:428,0
DA:432,0
DA:433,0
DA:434,0
DA:435,0
DA:437,0
DA:442,0
DA:443,0
DA:452,0
DA:456,0
DA:460,2
DA:471,1
LF:116
LH:34
BRDA:9,0,0,1
BRDA:9,0,1,0
BRDA:10,1,0,1
BRDA:10,1,1,0
BRDA:11,2,0,1
BRDA:11,2,1,0
BRDA:14,3,0,1
BRDA:14,3,1,0
BRDA:19,4,0,0
BRDA:19,4,1,1
BRDA:19,5,0,1
BRDA:19,5,1,1
BRDA:70,6,0,1
BRDA:70,6,1,0
BRDA:71,7,0,1
BRDA:71,7,1,0
BRDA:304,8,0,0
BRDA:304,9,0,1
BRDA:305,10,0,0
BRDA:305,10,1,1
BRDA:326,11,0,1
BRDA:326,11,1,0
BRDA:327,12,0,1
BRDA:327,12,1,0
BRDA:332,13,0,0
BRDA:332,13,1,1
BRDA:336,14,0,1
BRDA:336,14,1,0
BRDA:342,15,0,0
BRDA:342,15,1,0
BRDA:433,16,0,0
BRDA:433,16,1,0
BRDA:442,17,0,0
BRDA:442,17,1,0
BRF:34
BRH:15
end_of_record
TN:
SF:services\vectorDB.js
FN:3,(anonymous_0)
FN:9,(anonymous_1)
FN:25,(anonymous_2)
FN:71,(anonymous_3)
FN:167,(anonymous_4)
FN:181,(anonymous_5)
FN:185,(anonymous_6)
FN:186,(anonymous_7)
FN:189,(anonymous_8)
FN:192,(anonymous_9)
FN:198,(anonymous_10)
FN:203,(anonymous_11)
FN:205,(anonymous_12)
FN:209,(anonymous_13)
FN:210,(anonymous_14)
FN:225,(anonymous_15)
FN:226,(anonymous_16)
FN:241,(anonymous_17)
FN:245,(anonymous_18)
FN:249,(anonymous_19)
FN:250,(anonymous_20)
FN:255,(anonymous_21)
FN:258,(anonymous_22)
FN:262,(anonymous_23)
FN:263,(anonymous_24)
FN:271,(anonymous_25)
FN:279,(anonymous_26)
FN:289,(anonymous_27)
FN:299,(anonymous_28)
FN:301,(anonymous_29)
FN:302,(anonymous_30)
FN:303,(anonymous_31)
FN:312,(anonymous_32)
FN:321,(anonymous_33)
FN:331,(anonymous_34)
FN:335,(anonymous_35)
FN:337,(anonymous_36)
FN:354,(anonymous_37)
FN:356,(anonymous_38)
FN:372,(anonymous_39)
FN:376,(anonymous_40)
FN:377,(anonymous_41)
FN:381,(anonymous_42)
FN:384,(anonymous_43)
FN:390,(anonymous_44)
FN:391,(anonymous_45)
FNF:46
FNH:5
FNDA:1,(anonymous_0)
FNDA:0,(anonymous_1)
FNDA:0,(anonymous_2)
FNDA:0,(anonymous_3)
FNDA:0,(anonymous_4)
FNDA:0,(anonymous_5)
FNDA:0,(anonymous_6)
FNDA:0,(anonymous_7)
FNDA:0,(anonymous_8)
FNDA:0,(anonymous_9)
FNDA:0,(anonymous_10)
FNDA:0,(anonymous_11)
FNDA:0,(anonymous_12)
FNDA:1,(anonymous_13)
FNDA:0,(anonymous_14)
FNDA:0,(anonymous_15)
FNDA:0,(anonymous_16)
FNDA:0,(anonymous_17)
FNDA:0,(anonymous_18)
FNDA:0,(anonymous_19)
FNDA:0,(anonymous_20)
FNDA:0,(anonymous_21)
FNDA:0,(anonymous_22)
FNDA:0,(anonymous_23)
FNDA:0,(anonymous_24)
FNDA:0,(anonymous_25)
FNDA:1,(anonymous_26)
FNDA:0,(anonymous_27)
FNDA:0,(anonymous_28)
FNDA:0,(anonymous_29)
FNDA:0,(anonymous_30)
FNDA:0,(anonymous_31)
FNDA:0,(anonymous_32)
FNDA:0,(anonymous_33)
FNDA:0,(anonymous_34)
FNDA:0,(anonymous_35)
FNDA:0,(anonymous_36)
FNDA:0,(anonymous_37)
FNDA:0,(anonymous_38)
FNDA:3,(anonymous_39)
FNDA:0,(anonymous_40)
FNDA:0,(anonymous_41)
FNDA:1,(anonymous_42)
FNDA:0,(anonymous_43)
FNDA:0,(anonymous_44)
FNDA:0,(anonymous_45)
DA:4,1
DA:5,1
DA:6,1
DA:10,0
DA:11,0
DA:14,0
DA:15,0
DA:17,0
DA:18,0
DA:20,0
DA:21,0
DA:26,0
DA:68,0
DA:72,0
DA:164,0
DA:168,0
DA:177,0
DA:178,0
DA:183,0
DA:184,0
DA:185,0
DA:186,0
DA:190,0
DA:193,0
DA:197,0
DA:198,0
DA:199,0
DA:202,0
DA:203,0
DA:205,0
DA:210,1
DA:212,1
DA:213,1
DA:216,0
DA:217,0
DA:221,0
DA:222,0
DA:226,0
DA:228,0
DA:229,0
DA:232,0
DA:233,0
DA:237,0
DA:238,0
DA:242,0
DA:244,0
DA:245,0
DA:249,0
DA:250,0
DA:253,0
DA:255,0
DA:259,0
DA:260,0
DA:262,0
DA:263,0
DA:264,0
DA:265,0
DA:271,0
DA:272,0
DA:275,0
DA:280,1
DA:281,0
DA:283,0
DA:290,0
DA:291,0
DA:293,0
DA:301,0
DA:302,0
DA:303,0
DA:305,0
DA:313,0
DA:322,0
DA:332,0
DA:336,0
DA:337,0
DA:339,0
DA:341,0
DA:342,0
DA:343,0
DA:344,0
DA:345,0
DA:346,0
DA:347,0
DA:351,0
DA:355,0
DA:356,0
DA:358,0
DA:360,0
DA:361,0
DA:362,0
DA:363,0
DA:364,0
DA:368,0
DA:373,3
DA:376,0
DA:377,0
DA:382,1
DA:384,1
DA:390,0
DA:391,0
DA:394,1
DA:398,1
LF:102
LH:12
BRDA:190,0,0,0
BRDA:190,0,1,0
BRDA:199,1,0,0
BRDA:199,1,1,0
BRDA:209,2,0,0
BRDA:212,3,0,1
BRDA:212,3,1,0
BRDA:216,4,0,0
BRDA:216,4,1,0
BRDA:225,5,0,0
BRDA:228,6,0,0
BRDA:228,6,1,0
BRDA:232,7,0,0
BRDA:232,7,1,0
BRDA:264,8,0,0
BRDA:264,8,1,0
BRDA:264,9,0,0
BRDA:264,9,1,0
BRDA:265,10,0,0
BRDA:265,10,1,0
BRDA:271,11,0,0
BRDA:271,11,1,0
BRDA:339,12,0,0
BRDA:339,12,1,0
BRDA:344,13,0,0
BRDA:344,13,1,0
BRDA:344,14,0,0
BRDA:344,14,1,0
BRDA:346,15,0,0
BRDA:346,15,1,0
BRDA:346,16,0,0
BRDA:346,16,1,0
BRDA:346,16,2,0
BRDA:358,17,0,0
BRDA:358,17,1,0
BRDA:361,18,0,0
BRDA:361,18,1,0
BRDA:363,19,0,0
BRDA:363,19,1,0
BRDA:363,20,0,0
BRDA:363,20,1,0
BRDA:381,21,0,0
BRF:42
BRH:1
end_of_record
